{"total": {"lines":{"total":11543,"covered":7074,"skipped":0,"pct":61.28},"statements":{"total":13853,"covered":7910,"skipped":0,"pct":57.09},"functions":{"total":3811,"covered":1954,"skipped":0,"pct":51.27},"branches":{"total":11763,"covered":5677,"skipped":0,"pct":48.26},"branchesTrue":{"total":0,"covered":0,"skipped":0,"pct":100}}
,"/Volumes/DEV/projetos/iphonerepasse-pro/constants.ts": {"lines":{"total":6,"covered":6,"skipped":0,"pct":100},"functions":{"total":0,"covered":0,"skipped":0,"pct":100},"statements":{"total":6,"covered":6,"skipped":0,"pct":100},"branches":{"total":0,"covered":0,"skipped":0,"pct":100}}
,"/Volumes/DEV/projetos/iphonerepasse-pro/types.ts": {"lines":{"total":18,"covered":18,"skipped":0,"pct":100},"functions":{"total":4,"covered":4,"skipped":0,"pct":100},"statements":{"total":22,"covered":22,"skipped":0,"pct":100},"branches":{"total":8,"covered":8,"skipped":0,"pct":100}}
,"/Volumes/DEV/projetos/iphonerepasse-pro/components/BrandLogo.tsx": {"lines":{"total":9,"covered":9,"skipped":0,"pct":100},"functions":{"total":2,"covered":2,"skipped":0,"pct":100},"statements":{"total":10,"covered":9,"skipped":0,"pct":90},"branches":{"total":11,"covered":8,"skipped":0,"pct":72.72}}
,"/Volumes/DEV/projetos/iphonerepasse-pro/components/DevicesSoldAnalytics.tsx": {"lines":{"total":50,"covered":46,"skipped":0,"pct":92},"functions":{"total":16,"covered":15,"skipped":0,"pct":93.75},"statements":{"total":58,"covered":52,"skipped":0,"pct":89.65},"branches":{"total":45,"covered":39,"skipped":0,"pct":86.66}}
,"/Volumes/DEV/projetos/iphonerepasse-pro/components/Layout.tsx": {"lines":{"total":162,"covered":127,"skipped":0,"pct":78.39},"functions":{"total":55,"covered":40,"skipped":0,"pct":72.72},"statements":{"total":205,"covered":143,"skipped":0,"pct":69.75},"branches":{"total":177,"covered":99,"skipped":0,"pct":55.93}}
,"/Volumes/DEV/projetos/iphonerepasse-pro/components/SaleCompleteEditModal.tsx": {"lines":{"total":236,"covered":151,"skipped":0,"pct":63.98},"functions":{"total":126,"covered":45,"skipped":0,"pct":35.71},"statements":{"total":274,"covered":168,"skipped":0,"pct":61.31},"branches":{"total":258,"covered":129,"skipped":0,"pct":50}}
,"/Volumes/DEV/projetos/iphonerepasse-pro/components/StockDetailsModal.tsx": {"lines":{"total":163,"covered":64,"skipped":0,"pct":39.26},"functions":{"total":39,"covered":9,"skipped":0,"pct":23.07},"statements":{"total":190,"covered":70,"skipped":0,"pct":36.84},"branches":{"total":187,"covered":68,"skipped":0,"pct":36.36}}
,"/Volumes/DEV/projetos/iphonerepasse-pro/components/StockFormModal.tsx": {"lines":{"total":547,"covered":277,"skipped":0,"pct":50.63},"functions":{"total":160,"covered":60,"skipped":0,"pct":37.5},"statements":{"total":609,"covered":291,"skipped":0,"pct":47.78},"branches":{"total":549,"covered":273,"skipped":0,"pct":49.72}}
,"/Volumes/DEV/projetos/iphonerepasse-pro/components/StockSimulatorModal.tsx": {"lines":{"total":110,"covered":78,"skipped":0,"pct":70.9},"functions":{"total":51,"covered":27,"skipped":0,"pct":52.94},"statements":{"total":131,"covered":88,"skipped":0,"pct":67.17},"branches":{"total":101,"covered":62,"skipped":0,"pct":61.38}}
,"/Volumes/DEV/projetos/iphonerepasse-pro/components/charts/StableResponsiveContainer.tsx": {"lines":{"total":4,"covered":4,"skipped":0,"pct":100},"functions":{"total":1,"covered":1,"skipped":0,"pct":100},"statements":{"total":4,"covered":4,"skipped":0,"pct":100},"branches":{"total":5,"covered":5,"skipped":0,"pct":100}}
,"/Volumes/DEV/projetos/iphonerepasse-pro/components/crm/AICommerceStatePanel.tsx": {"lines":{"total":16,"covered":15,"skipped":0,"pct":93.75},"functions":{"total":3,"covered":3,"skipped":0,"pct":100},"statements":{"total":16,"covered":15,"skipped":0,"pct":93.75},"branches":{"total":30,"covered":17,"skipped":0,"pct":56.66}}
,"/Volumes/DEV/projetos/iphonerepasse-pro/components/crm/AudioMessage.tsx": {"lines":{"total":93,"covered":44,"skipped":0,"pct":47.31},"functions":{"total":21,"covered":5,"skipped":0,"pct":23.8},"statements":{"total":111,"covered":44,"skipped":0,"pct":39.63},"branches":{"total":94,"covered":26,"skipped":0,"pct":27.65}}
,"/Volumes/DEV/projetos/iphonerepasse-pro/components/crm/AudioRecorder.tsx": {"lines":{"total":61,"covered":3,"skipped":0,"pct":4.91},"functions":{"total":16,"covered":0,"skipped":0,"pct":0},"statements":{"total":69,"covered":3,"skipped":0,"pct":4.34},"branches":{"total":40,"covered":0,"skipped":0,"pct":0}}
,"/Volumes/DEV/projetos/iphonerepasse-pro/components/crm/CRMPageFrame.tsx": {"lines":{"total":6,"covered":6,"skipped":0,"pct":100},"functions":{"total":3,"covered":3,"skipped":0,"pct":100},"statements":{"total":7,"covered":7,"skipped":0,"pct":100},"branches":{"total":2,"covered":2,"skipped":0,"pct":100}}
,"/Volumes/DEV/projetos/iphonerepasse-pro/components/crm/CRMStandaloneLayout.tsx": {"lines":{"total":197,"covered":156,"skipped":0,"pct":79.18},"functions":{"total":63,"covered":48,"skipped":0,"pct":76.19},"statements":{"total":235,"covered":175,"skipped":0,"pct":74.46},"branches":{"total":134,"covered":83,"skipped":0,"pct":61.94}}
,"/Volumes/DEV/projetos/iphonerepasse-pro/components/crm/ConversationMessagesPanel.tsx": {"lines":{"total":9,"covered":7,"skipped":0,"pct":77.77},"functions":{"total":6,"covered":4,"skipped":0,"pct":66.66},"statements":{"total":10,"covered":8,"skipped":0,"pct":80},"branches":{"total":19,"covered":16,"skipped":0,"pct":84.21}}
,"/Volumes/DEV/projetos/iphonerepasse-pro/components/crm/ConversationsListPanel.tsx": {"lines":{"total":49,"covered":23,"skipped":0,"pct":46.93},"functions":{"total":39,"covered":10,"skipped":0,"pct":25.64},"statements":{"total":60,"covered":23,"skipped":0,"pct":38.33},"branches":{"total":137,"covered":77,"skipped":0,"pct":56.2}}
,"/Volumes/DEV/projetos/iphonerepasse-pro/components/crm/MessageBubble.tsx": {"lines":{"total":249,"covered":227,"skipped":0,"pct":91.16},"functions":{"total":57,"covered":49,"skipped":0,"pct":85.96},"statements":{"total":311,"covered":263,"skipped":0,"pct":84.56},"branches":{"total":396,"covered":278,"skipped":0,"pct":70.2}}
,"/Volumes/DEV/projetos/iphonerepasse-pro/components/crm/conversationUi.ts": {"lines":{"total":51,"covered":41,"skipped":0,"pct":80.39},"functions":{"total":15,"covered":14,"skipped":0,"pct":93.33},"statements":{"total":69,"covered":48,"skipped":0,"pct":69.56},"branches":{"total":74,"covered":31,"skipped":0,"pct":41.89}}
,"/Volumes/DEV/projetos/iphonerepasse-pro/components/crm/crmPageMeta.ts": {"lines":{"total":2,"covered":2,"skipped":0,"pct":100},"functions":{"total":0,"covered":0,"skipped":0,"pct":100},"statements":{"total":2,"covered":2,"skipped":0,"pct":100},"branches":{"total":0,"covered":0,"skipped":0,"pct":100}}
,"/Volumes/DEV/projetos/iphonerepasse-pro/components/crm/pageAccess.ts": {"lines":{"total":4,"covered":4,"skipped":0,"pct":100},"functions":{"total":3,"covered":3,"skipped":0,"pct":100},"statements":{"total":6,"covered":6,"skipped":0,"pct":100},"branches":{"total":2,"covered":1,"skipped":0,"pct":50}}
,"/Volumes/DEV/projetos/iphonerepasse-pro/components/crm/useCRMStore.ts": {"lines":{"total":17,"covered":16,"skipped":0,"pct":94.11},"functions":{"total":7,"covered":6,"skipped":0,"pct":85.71},"statements":{"total":17,"covered":16,"skipped":0,"pct":94.11},"branches":{"total":8,"covered":4,"skipped":0,"pct":50}}
,"/Volumes/DEV/projetos/iphonerepasse-pro/components/motion/AnimatedNumber.tsx": {"lines":{"total":12,"covered":10,"skipped":0,"pct":83.33},"functions":{"total":4,"covered":4,"skipped":0,"pct":100},"statements":{"total":13,"covered":11,"skipped":0,"pct":84.61},"branches":{"total":6,"covered":5,"skipped":0,"pct":83.33}}
,"/Volumes/DEV/projetos/iphonerepasse-pro/components/motion/PageTransition.tsx": {"lines":{"total":3,"covered":3,"skipped":0,"pct":100},"functions":{"total":1,"covered":1,"skipped":0,"pct":100},"statements":{"total":3,"covered":3,"skipped":0,"pct":100},"branches":{"total":0,"covered":0,"skipped":0,"pct":100}}
,"/Volumes/DEV/projetos/iphonerepasse-pro/components/motion/SaleCelebration.tsx": {"lines":{"total":14,"covered":14,"skipped":0,"pct":100},"functions":{"total":7,"covered":6,"skipped":0,"pct":85.71},"statements":{"total":18,"covered":16,"skipped":0,"pct":88.88},"branches":{"total":8,"covered":6,"skipped":0,"pct":75}}
,"/Volumes/DEV/projetos/iphonerepasse-pro/components/motion/Stagger.tsx": {"lines":{"total":9,"covered":8,"skipped":0,"pct":88.88},"functions":{"total":4,"covered":3,"skipped":0,"pct":75},"statements":{"total":10,"covered":9,"skipped":0,"pct":90},"branches":{"total":4,"covered":4,"skipped":0,"pct":100}}
,"/Volumes/DEV/projetos/iphonerepasse-pro/components/motion/index.ts": {"lines":{"total":0,"covered":0,"skipped":0,"pct":100},"functions":{"total":0,"covered":0,"skipped":0,"pct":100},"statements":{"total":0,"covered":0,"skipped":0,"pct":100},"branches":{"total":0,"covered":0,"skipped":0,"pct":100}}
,"/Volumes/DEV/projetos/iphonerepasse-pro/components/motion/transitions.ts": {"lines":{"total":7,"covered":7,"skipped":0,"pct":100},"functions":{"total":0,"covered":0,"skipped":0,"pct":100},"statements":{"total":7,"covered":7,"skipped":0,"pct":100},"branches":{"total":0,"covered":0,"skipped":0,"pct":100}}
,"/Volumes/DEV/projetos/iphonerepasse-pro/components/pwa/CRMPwaControls.tsx": {"lines":{"total":51,"covered":30,"skipped":0,"pct":58.82},"functions":{"total":14,"covered":6,"skipped":0,"pct":42.85},"statements":{"total":53,"covered":31,"skipped":0,"pct":58.49},"branches":{"total":60,"covered":37,"skipped":0,"pct":61.66}}
,"/Volumes/DEV/projetos/iphonerepasse-pro/components/pwa/OfflineBanner.tsx": {"lines":{"total":2,"covered":2,"skipped":0,"pct":100},"functions":{"total":1,"covered":1,"skipped":0,"pct":100},"statements":{"total":2,"covered":2,"skipped":0,"pct":100},"branches":{"total":2,"covered":1,"skipped":0,"pct":50}}
,"/Volumes/DEV/projetos/iphonerepasse-pro/components/pwa/PermissionRequest.tsx": {"lines":{"total":15,"covered":11,"skipped":0,"pct":73.33},"functions":{"total":3,"covered":2,"skipped":0,"pct":66.66},"statements":{"total":15,"covered":11,"skipped":0,"pct":73.33},"branches":{"total":26,"covered":16,"skipped":0,"pct":61.53}}
,"/Volumes/DEV/projetos/iphonerepasse-pro/components/pwa/PushOptIn.tsx": {"lines":{"total":35,"covered":4,"skipped":0,"pct":11.42},"functions":{"total":9,"covered":0,"skipped":0,"pct":0},"statements":{"total":40,"covered":4,"skipped":0,"pct":10},"branches":{"total":66,"covered":0,"skipped":0,"pct":0}}
,"/Volumes/DEV/projetos/iphonerepasse-pro/components/pwa/PushPermissionPrompt.tsx": {"lines":{"total":48,"covered":38,"skipped":0,"pct":79.16},"functions":{"total":13,"covered":11,"skipped":0,"pct":84.61},"statements":{"total":53,"covered":41,"skipped":0,"pct":77.35},"branches":{"total":32,"covered":27,"skipped":0,"pct":84.37}}
,"/Volumes/DEV/projetos/iphonerepasse-pro/components/ui/AppErrorBoundary.tsx": {"lines":{"total":8,"covered":7,"skipped":0,"pct":87.5},"functions":{"total":5,"covered":4,"skipped":0,"pct":80},"statements":{"total":9,"covered":8,"skipped":0,"pct":88.88},"branches":{"total":2,"covered":2,"skipped":0,"pct":100}}
,"/Volumes/DEV/projetos/iphonerepasse-pro/components/ui/Banner.tsx": {"lines":{"total":5,"covered":2,"skipped":0,"pct":40},"functions":{"total":1,"covered":0,"skipped":0,"pct":0},"statements":{"total":5,"covered":2,"skipped":0,"pct":40},"branches":{"total":10,"covered":0,"skipped":0,"pct":0}}
,"/Volumes/DEV/projetos/iphonerepasse-pro/components/ui/Combobox.tsx": {"lines":{"total":117,"covered":104,"skipped":0,"pct":88.88},"functions":{"total":32,"covered":26,"skipped":0,"pct":81.25},"statements":{"total":137,"covered":116,"skipped":0,"pct":84.67},"branches":{"total":128,"covered":97,"skipped":0,"pct":75.78}}
,"/Volumes/DEV/projetos/iphonerepasse-pro/components/ui/ConfirmDialog.tsx": {"lines":{"total":8,"covered":8,"skipped":0,"pct":100},"functions":{"total":2,"covered":2,"skipped":0,"pct":100},"statements":{"total":8,"covered":8,"skipped":0,"pct":100},"branches":{"total":17,"covered":9,"skipped":0,"pct":52.94}}
,"/Volumes/DEV/projetos/iphonerepasse-pro/components/ui/IOSButton.tsx": {"lines":{"total":10,"covered":7,"skipped":0,"pct":70},"functions":{"total":2,"covered":2,"skipped":0,"pct":100},"statements":{"total":10,"covered":7,"skipped":0,"pct":70},"branches":{"total":36,"covered":33,"skipped":0,"pct":91.66}}
,"/Volumes/DEV/projetos/iphonerepasse-pro/components/ui/Modal.tsx": {"lines":{"total":104,"covered":92,"skipped":0,"pct":88.46},"functions":{"total":22,"covered":18,"skipped":0,"pct":81.81},"statements":{"total":114,"covered":97,"skipped":0,"pct":85.08},"branches":{"total":96,"covered":72,"skipped":0,"pct":75}}
,"/Volumes/DEV/projetos/iphonerepasse-pro/components/ui/Pagination.tsx": {"lines":{"total":7,"covered":2,"skipped":0,"pct":28.57},"functions":{"total":3,"covered":1,"skipped":0,"pct":33.33},"statements":{"total":8,"covered":3,"skipped":0,"pct":37.5},"branches":{"total":3,"covered":2,"skipped":0,"pct":66.66}}
,"/Volumes/DEV/projetos/iphonerepasse-pro/components/ui/ToastProvider.tsx": {"lines":{"total":40,"covered":29,"skipped":0,"pct":72.5},"functions":{"total":20,"covered":12,"skipped":0,"pct":60},"statements":{"total":46,"covered":30,"skipped":0,"pct":65.21},"branches":{"total":10,"covered":6,"skipped":0,"pct":60}}
,"/Volumes/DEV/projetos/iphonerepasse-pro/components/ui/ToastViewport.tsx": {"lines":{"total":26,"covered":12,"skipped":0,"pct":46.15},"functions":{"total":9,"covered":5,"skipped":0,"pct":55.55},"statements":{"total":28,"covered":13,"skipped":0,"pct":46.42},"branches":{"total":26,"covered":7,"skipped":0,"pct":26.92}}
,"/Volumes/DEV/projetos/iphonerepasse-pro/contexts/PageHeaderContext.tsx": {"lines":{"total":8,"covered":8,"skipped":0,"pct":100},"functions":{"total":6,"covered":4,"skipped":0,"pct":66.66},"statements":{"total":10,"covered":8,"skipped":0,"pct":80},"branches":{"total":0,"covered":0,"skipped":0,"pct":100}}
,"/Volumes/DEV/projetos/iphonerepasse-pro/contexts/PermissionsContext.tsx": {"lines":{"total":61,"covered":45,"skipped":0,"pct":73.77},"functions":{"total":13,"covered":10,"skipped":0,"pct":76.92},"statements":{"total":71,"covered":47,"skipped":0,"pct":66.19},"branches":{"total":41,"covered":16,"skipped":0,"pct":39.02}}
,"/Volumes/DEV/projetos/iphonerepasse-pro/hooks/useAsyncHandler.ts": {"lines":{"total":10,"covered":10,"skipped":0,"pct":100},"functions":{"total":2,"covered":2,"skipped":0,"pct":100},"statements":{"total":10,"covered":10,"skipped":0,"pct":100},"branches":{"total":13,"covered":5,"skipped":0,"pct":38.46}}
,"/Volumes/DEV/projetos/iphonerepasse-pro/hooks/useCRMUnreadCount.ts": {"lines":{"total":18,"covered":0,"skipped":0,"pct":0},"functions":{"total":10,"covered":0,"skipped":0,"pct":0},"statements":{"total":23,"covered":0,"skipped":0,"pct":0},"branches":{"total":10,"covered":0,"skipped":0,"pct":0}}
,"/Volumes/DEV/projetos/iphonerepasse-pro/hooks/useConsents.ts": {"lines":{"total":34,"covered":27,"skipped":0,"pct":79.41},"functions":{"total":12,"covered":10,"skipped":0,"pct":83.33},"statements":{"total":41,"covered":29,"skipped":0,"pct":70.73},"branches":{"total":24,"covered":14,"skipped":0,"pct":58.33}}
,"/Volumes/DEV/projetos/iphonerepasse-pro/hooks/useDataGroupDemand.ts": {"lines":{"total":10,"covered":10,"skipped":0,"pct":100},"functions":{"total":4,"covered":4,"skipped":0,"pct":100},"statements":{"total":10,"covered":10,"skipped":0,"pct":100},"branches":{"total":2,"covered":2,"skipped":0,"pct":100}}
,"/Volumes/DEV/projetos/iphonerepasse-pro/hooks/useDisclosure.ts": {"lines":{"total":5,"covered":5,"skipped":0,"pct":100},"functions":{"total":5,"covered":3,"skipped":0,"pct":60},"statements":{"total":9,"covered":7,"skipped":0,"pct":77.77},"branches":{"total":1,"covered":1,"skipped":0,"pct":100}}
,"/Volumes/DEV/projetos/iphonerepasse-pro/hooks/useIsMobileViewport.ts": {"lines":{"total":17,"covered":15,"skipped":0,"pct":88.23},"functions":{"total":8,"covered":6,"skipped":0,"pct":75},"statements":{"total":23,"covered":19,"skipped":0,"pct":82.6},"branches":{"total":9,"covered":8,"skipped":0,"pct":88.88}}
,"/Volumes/DEV/projetos/iphonerepasse-pro/hooks/useMessagesPagination.ts": {"lines":{"total":90,"covered":46,"skipped":0,"pct":51.11},"functions":{"total":18,"covered":5,"skipped":0,"pct":27.77},"statements":{"total":106,"covered":47,"skipped":0,"pct":44.33},"branches":{"total":46,"covered":9,"skipped":0,"pct":19.56}}
,"/Volumes/DEV/projetos/iphonerepasse-pro/hooks/useOnlineStatus.ts": {"lines":{"total":10,"covered":10,"skipped":0,"pct":100},"functions":{"total":5,"covered":3,"skipped":0,"pct":60},"statements":{"total":12,"covered":10,"skipped":0,"pct":83.33},"branches":{"total":2,"covered":1,"skipped":0,"pct":50}}
,"/Volumes/DEV/projetos/iphonerepasse-pro/hooks/usePaginatedRows.ts": {"lines":{"total":12,"covered":12,"skipped":0,"pct":100},"functions":{"total":5,"covered":5,"skipped":0,"pct":100},"statements":{"total":13,"covered":13,"skipped":0,"pct":100},"branches":{"total":0,"covered":0,"skipped":0,"pct":100}}
,"/Volumes/DEV/projetos/iphonerepasse-pro/hooks/usePermissionState.ts": {"lines":{"total":39,"covered":11,"skipped":0,"pct":28.2},"functions":{"total":12,"covered":4,"skipped":0,"pct":33.33},"statements":{"total":50,"covered":13,"skipped":0,"pct":26},"branches":{"total":28,"covered":6,"skipped":0,"pct":21.42}}
,"/Volumes/DEV/projetos/iphonerepasse-pro/hooks/usePushNotifications.ts": {"lines":{"total":82,"covered":65,"skipped":0,"pct":79.26},"functions":{"total":14,"covered":12,"skipped":0,"pct":85.71},"statements":{"total":96,"covered":72,"skipped":0,"pct":75},"branches":{"total":61,"covered":45,"skipped":0,"pct":73.77}}
,"/Volumes/DEV/projetos/iphonerepasse-pro/hooks/useTranscriber.ts": {"lines":{"total":30,"covered":7,"skipped":0,"pct":23.33},"functions":{"total":3,"covered":1,"skipped":0,"pct":33.33},"statements":{"total":30,"covered":7,"skipped":0,"pct":23.33},"branches":{"total":24,"covered":0,"skipped":0,"pct":0}}
,"/Volumes/DEV/projetos/iphonerepasse-pro/lib/crmRouting.ts": {"lines":{"total":32,"covered":8,"skipped":0,"pct":25},"functions":{"total":10,"covered":2,"skipped":0,"pct":20},"statements":{"total":36,"covered":8,"skipped":0,"pct":22.22},"branches":{"total":44,"covered":7,"skipped":0,"pct":15.9}}
,"/Volumes/DEV/projetos/iphonerepasse-pro/lib/permissions.ts": {"lines":{"total":16,"covered":16,"skipped":0,"pct":100},"functions":{"total":3,"covered":3,"skipped":0,"pct":100},"statements":{"total":18,"covered":18,"skipped":0,"pct":100},"branches":{"total":2,"covered":2,"skipped":0,"pct":100}}
,"/Volumes/DEV/projetos/iphonerepasse-pro/lib/phone.ts": {"lines":{"total":7,"covered":7,"skipped":0,"pct":100},"functions":{"total":1,"covered":1,"skipped":0,"pct":100},"statements":{"total":9,"covered":8,"skipped":0,"pct":88.88},"branches":{"total":8,"covered":5,"skipped":0,"pct":62.5}}
,"/Volumes/DEV/projetos/iphonerepasse-pro/lib/routePrefetch.ts": {"lines":{"total":11,"covered":4,"skipped":0,"pct":36.36},"functions":{"total":4,"covered":0,"skipped":0,"pct":0},"statements":{"total":12,"covered":4,"skipped":0,"pct":33.33},"branches":{"total":4,"covered":0,"skipped":0,"pct":0}}
,"/Volumes/DEV/projetos/iphonerepasse-pro/lib/runtimeBranding.ts": {"lines":{"total":44,"covered":42,"skipped":0,"pct":95.45},"functions":{"total":13,"covered":12,"skipped":0,"pct":92.3},"statements":{"total":50,"covered":45,"skipped":0,"pct":90},"branches":{"total":20,"covered":15,"skipped":0,"pct":75}}
,"/Volumes/DEV/projetos/iphonerepasse-pro/lib/crm/aiCommerceSnapshot.ts": {"lines":{"total":13,"covered":13,"skipped":0,"pct":100},"functions":{"total":2,"covered":2,"skipped":0,"pct":100},"statements":{"total":16,"covered":15,"skipped":0,"pct":93.75},"branches":{"total":20,"covered":15,"skipped":0,"pct":75}}
,"/Volumes/DEV/projetos/iphonerepasse-pro/lib/crm/commerceState.ts": {"lines":{"total":29,"covered":28,"skipped":0,"pct":96.55},"functions":{"total":9,"covered":9,"skipped":0,"pct":100},"statements":{"total":34,"covered":33,"skipped":0,"pct":97.05},"branches":{"total":32,"covered":27,"skipped":0,"pct":84.37}}
,"/Volumes/DEV/projetos/iphonerepasse-pro/lib/crm/conversationGroup.ts": {"lines":{"total":14,"covered":14,"skipped":0,"pct":100},"functions":{"total":4,"covered":4,"skipped":0,"pct":100},"statements":{"total":15,"covered":14,"skipped":0,"pct":93.33},"branches":{"total":20,"covered":13,"skipped":0,"pct":65}}
,"/Volumes/DEV/projetos/iphonerepasse-pro/lib/crm/groupReactions.ts": {"lines":{"total":15,"covered":8,"skipped":0,"pct":53.33},"functions":{"total":1,"covered":1,"skipped":0,"pct":100},"statements":{"total":17,"covered":9,"skipped":0,"pct":52.94},"branches":{"total":8,"covered":2,"skipped":0,"pct":25}}
,"/Volumes/DEV/projetos/iphonerepasse-pro/lib/crm/messageUtils.ts": {"lines":{"total":138,"covered":54,"skipped":0,"pct":39.13},"functions":{"total":20,"covered":5,"skipped":0,"pct":25},"statements":{"total":178,"covered":58,"skipped":0,"pct":32.58},"branches":{"total":198,"covered":41,"skipped":0,"pct":20.7}}
,"/Volumes/DEV/projetos/iphonerepasse-pro/lib/crm/paymentRevision.ts": {"lines":{"total":33,"covered":30,"skipped":0,"pct":90.9},"functions":{"total":12,"covered":12,"skipped":0,"pct":100},"statements":{"total":37,"covered":34,"skipped":0,"pct":91.89},"branches":{"total":18,"covered":13,"skipped":0,"pct":72.22}}
,"/Volumes/DEV/projetos/iphonerepasse-pro/lib/crm/viewportMetrics.ts": {"lines":{"total":27,"covered":26,"skipped":0,"pct":96.29},"functions":{"total":2,"covered":2,"skipped":0,"pct":100},"statements":{"total":30,"covered":28,"skipped":0,"pct":93.33},"branches":{"total":47,"covered":41,"skipped":0,"pct":87.23}}
,"/Volumes/DEV/projetos/iphonerepasse-pro/pages/CRMChannels.tsx": {"lines":{"total":226,"covered":100,"skipped":0,"pct":44.24},"functions":{"total":104,"covered":30,"skipped":0,"pct":28.84},"statements":{"total":263,"covered":108,"skipped":0,"pct":41.06},"branches":{"total":312,"covered":91,"skipped":0,"pct":29.16}}
,"/Volumes/DEV/projetos/iphonerepasse-pro/pages/CRMLeads.tsx": {"lines":{"total":150,"covered":99,"skipped":0,"pct":66},"functions":{"total":48,"covered":24,"skipped":0,"pct":50},"statements":{"total":176,"covered":111,"skipped":0,"pct":63.06},"branches":{"total":206,"covered":112,"skipped":0,"pct":54.36}}
,"/Volumes/DEV/projetos/iphonerepasse-pro/pages/Calculator.tsx": {"lines":{"total":170,"covered":59,"skipped":0,"pct":34.7},"functions":{"total":49,"covered":12,"skipped":0,"pct":24.48},"statements":{"total":186,"covered":61,"skipped":0,"pct":32.79},"branches":{"total":96,"covered":22,"skipped":0,"pct":22.91}}
,"/Volumes/DEV/projetos/iphonerepasse-pro/pages/Clients.tsx": {"lines":{"total":100,"covered":62,"skipped":0,"pct":62},"functions":{"total":35,"covered":20,"skipped":0,"pct":57.14},"statements":{"total":111,"covered":69,"skipped":0,"pct":62.16},"branches":{"total":92,"covered":51,"skipped":0,"pct":55.43}}
,"/Volumes/DEV/projetos/iphonerepasse-pro/pages/Debtors.tsx": {"lines":{"total":241,"covered":120,"skipped":0,"pct":49.79},"functions":{"total":109,"covered":41,"skipped":0,"pct":37.61},"statements":{"total":287,"covered":135,"skipped":0,"pct":47.03},"branches":{"total":182,"covered":82,"skipped":0,"pct":45.05}}
,"/Volumes/DEV/projetos/iphonerepasse-pro/pages/Finance.tsx": {"lines":{"total":368,"covered":244,"skipped":0,"pct":66.3},"functions":{"total":152,"covered":93,"skipped":0,"pct":61.18},"statements":{"total":416,"covered":266,"skipped":0,"pct":63.94},"branches":{"total":377,"covered":173,"skipped":0,"pct":45.88}}
,"/Volumes/DEV/projetos/iphonerepasse-pro/pages/InUse.tsx": {"lines":{"total":51,"covered":40,"skipped":0,"pct":78.43},"functions":{"total":25,"covered":17,"skipped":0,"pct":68},"statements":{"total":56,"covered":44,"skipped":0,"pct":78.57},"branches":{"total":39,"covered":18,"skipped":0,"pct":46.15}}
,"/Volumes/DEV/projetos/iphonerepasse-pro/pages/Inventory.tsx": {"lines":{"total":401,"covered":292,"skipped":0,"pct":72.81},"functions":{"total":112,"covered":82,"skipped":0,"pct":73.21},"statements":{"total":456,"covered":320,"skipped":0,"pct":70.17},"branches":{"total":428,"covered":237,"skipped":0,"pct":55.37}}
,"/Volumes/DEV/projetos/iphonerepasse-pro/pages/PDV.tsx": {"lines":{"total":716,"covered":532,"skipped":0,"pct":74.3},"functions":{"total":254,"covered":170,"skipped":0,"pct":66.92},"statements":{"total":834,"covered":597,"skipped":0,"pct":71.58},"branches":{"total":929,"covered":647,"skipped":0,"pct":69.64}}
,"/Volumes/DEV/projetos/iphonerepasse-pro/pages/PDVHistory.tsx": {"lines":{"total":610,"covered":345,"skipped":0,"pct":56.55},"functions":{"total":246,"covered":110,"skipped":0,"pct":44.71},"statements":{"total":704,"covered":390,"skipped":0,"pct":55.39},"branches":{"total":695,"covered":250,"skipped":0,"pct":35.97}}
,"/Volumes/DEV/projetos/iphonerepasse-pro/pages/PayableDebts.tsx": {"lines":{"total":248,"covered":125,"skipped":0,"pct":50.4},"functions":{"total":110,"covered":39,"skipped":0,"pct":35.45},"statements":{"total":327,"covered":144,"skipped":0,"pct":44.03},"branches":{"total":228,"covered":70,"skipped":0,"pct":30.7}}
,"/Volumes/DEV/projetos/iphonerepasse-pro/pages/Profile.tsx": {"lines":{"total":61,"covered":35,"skipped":0,"pct":57.37},"functions":{"total":39,"covered":15,"skipped":0,"pct":38.46},"statements":{"total":73,"covered":39,"skipped":0,"pct":53.42},"branches":{"total":26,"covered":14,"skipped":0,"pct":53.84}}
,"/Volumes/DEV/projetos/iphonerepasse-pro/pages/PublicWarranty.tsx": {"lines":{"total":55,"covered":50,"skipped":0,"pct":90.9},"functions":{"total":11,"covered":11,"skipped":0,"pct":100},"statements":{"total":61,"covered":54,"skipped":0,"pct":88.52},"branches":{"total":74,"covered":57,"skipped":0,"pct":77.02}}
,"/Volumes/DEV/projetos/iphonerepasse-pro/pages/Settings.tsx": {"lines":{"total":415,"covered":143,"skipped":0,"pct":34.45},"functions":{"total":130,"covered":37,"skipped":0,"pct":28.46},"statements":{"total":474,"covered":151,"skipped":0,"pct":31.85},"branches":{"total":321,"covered":81,"skipped":0,"pct":25.23}}
,"/Volumes/DEV/projetos/iphonerepasse-pro/pages/Warranties.tsx": {"lines":{"total":294,"covered":124,"skipped":0,"pct":42.17},"functions":{"total":124,"covered":32,"skipped":0,"pct":25.8},"statements":{"total":343,"covered":132,"skipped":0,"pct":38.48},"branches":{"total":215,"covered":75,"skipped":0,"pct":34.88}}
,"/Volumes/DEV/projetos/iphonerepasse-pro/pages/crm/ConversationsPage.tsx": {"lines":{"total":821,"covered":423,"skipped":0,"pct":51.52},"functions":{"total":247,"covered":110,"skipped":0,"pct":44.53},"statements":{"total":1052,"covered":498,"skipped":0,"pct":47.33},"branches":{"total":768,"covered":285,"skipped":0,"pct":37.1}}
,"/Volumes/DEV/projetos/iphonerepasse-pro/pages/crm/SimulatorPage.tsx": {"lines":{"total":198,"covered":144,"skipped":0,"pct":72.72},"functions":{"total":100,"covered":64,"skipped":0,"pct":64},"statements":{"total":250,"covered":167,"skipped":0,"pct":66.8},"branches":{"total":132,"covered":80,"skipped":0,"pct":60.6}}
,"/Volumes/DEV/projetos/iphonerepasse-pro/pages/crm/conversationMediaBatch.ts": {"lines":{"total":48,"covered":44,"skipped":0,"pct":91.66},"functions":{"total":10,"covered":6,"skipped":0,"pct":60},"statements":{"total":56,"covered":47,"skipped":0,"pct":83.92},"branches":{"total":48,"covered":39,"skipped":0,"pct":81.25}}
,"/Volumes/DEV/projetos/iphonerepasse-pro/public/sw.js": {"lines":{"total":168,"covered":71,"skipped":0,"pct":42.26},"functions":{"total":46,"covered":12,"skipped":0,"pct":26.08},"statements":{"total":189,"covered":74,"skipped":0,"pct":39.15},"branches":{"total":127,"covered":43,"skipped":0,"pct":33.85}}
,"/Volumes/DEV/projetos/iphonerepasse-pro/services/crmHandoff.ts": {"lines":{"total":13,"covered":0,"skipped":0,"pct":0},"functions":{"total":2,"covered":0,"skipped":0,"pct":0},"statements":{"total":13,"covered":0,"skipped":0,"pct":0},"branches":{"total":17,"covered":0,"skipped":0,"pct":0}}
,"/Volumes/DEV/projetos/iphonerepasse-pro/services/dataContext.tsx": {"lines":{"total":1412,"covered":786,"skipped":0,"pct":55.66},"functions":{"total":547,"covered":254,"skipped":0,"pct":46.43},"statements":{"total":1925,"covered":937,"skipped":0,"pct":48.67},"branches":{"total":1730,"covered":688,"skipped":0,"pct":39.76}}
,"/Volumes/DEV/projetos/iphonerepasse-pro/services/pushClient.ts": {"lines":{"total":78,"covered":64,"skipped":0,"pct":82.05},"functions":{"total":18,"covered":14,"skipped":0,"pct":77.77},"statements":{"total":99,"covered":68,"skipped":0,"pct":68.68},"branches":{"total":67,"covered":37,"skipped":0,"pct":55.22}}
,"/Volumes/DEV/projetos/iphonerepasse-pro/services/pwa.ts": {"lines":{"total":80,"covered":10,"skipped":0,"pct":12.5},"functions":{"total":22,"covered":4,"skipped":0,"pct":18.18},"statements":{"total":91,"covered":11,"skipped":0,"pct":12.08},"branches":{"total":48,"covered":5,"skipped":0,"pct":10.41}}
,"/Volumes/DEV/projetos/iphonerepasse-pro/services/supabase.ts": {"lines":{"total":5,"covered":4,"skipped":0,"pct":80},"functions":{"total":0,"covered":0,"skipped":0,"pct":100},"statements":{"total":5,"covered":4,"skipped":0,"pct":80},"branches":{"total":8,"covered":5,"skipped":0,"pct":62.5}}
,"/Volumes/DEV/projetos/iphonerepasse-pro/services/telemetry.ts": {"lines":{"total":52,"covered":38,"skipped":0,"pct":73.07},"functions":{"total":8,"covered":5,"skipped":0,"pct":62.5},"statements":{"total":64,"covered":40,"skipped":0,"pct":62.5},"branches":{"total":62,"covered":12,"skipped":0,"pct":19.35}}
,"/Volumes/DEV/projetos/iphonerepasse-pro/supabase/functions/_shared/uazapi.ts": {"lines":{"total":402,"covered":306,"skipped":0,"pct":76.11},"functions":{"total":53,"covered":41,"skipped":0,"pct":77.35},"statements":{"total":464,"covered":324,"skipped":0,"pct":69.82},"branches":{"total":409,"covered":230,"skipped":0,"pct":56.23}}
,"/Volumes/DEV/projetos/iphonerepasse-pro/utils/authErrors.ts": {"lines":{"total":22,"covered":21,"skipped":0,"pct":95.45},"functions":{"total":5,"covered":5,"skipped":0,"pct":100},"statements":{"total":27,"covered":24,"skipped":0,"pct":88.88},"branches":{"total":20,"covered":15,"skipped":0,"pct":75}}
,"/Volumes/DEV/projetos/iphonerepasse-pro/utils/badgeStyles.ts": {"lines":{"total":2,"covered":2,"skipped":0,"pct":100},"functions":{"total":0,"covered":0,"skipped":0,"pct":100},"statements":{"total":2,"covered":2,"skipped":0,"pct":100},"branches":{"total":0,"covered":0,"skipped":0,"pct":100}}
,"/Volumes/DEV/projetos/iphonerepasse-pro/utils/businessHours.ts": {"lines":{"total":23,"covered":23,"skipped":0,"pct":100},"functions":{"total":6,"covered":6,"skipped":0,"pct":100},"statements":{"total":25,"covered":24,"skipped":0,"pct":96},"branches":{"total":21,"covered":18,"skipped":0,"pct":85.71}}
,"/Volumes/DEV/projetos/iphonerepasse-pro/utils/cardFees.ts": {"lines":{"total":31,"covered":31,"skipped":0,"pct":100},"functions":{"total":8,"covered":8,"skipped":0,"pct":100},"statements":{"total":37,"covered":37,"skipped":0,"pct":100},"branches":{"total":24,"covered":21,"skipped":0,"pct":87.5}}
,"/Volumes/DEV/projetos/iphonerepasse-pro/utils/debtCore.ts": {"lines":{"total":43,"covered":42,"skipped":0,"pct":97.67},"functions":{"total":9,"covered":8,"skipped":0,"pct":88.88},"statements":{"total":52,"covered":50,"skipped":0,"pct":96.15},"branches":{"total":42,"covered":39,"skipped":0,"pct":92.85}}
,"/Volumes/DEV/projetos/iphonerepasse-pro/utils/debts.ts": {"lines":{"total":32,"covered":31,"skipped":0,"pct":96.87},"functions":{"total":13,"covered":13,"skipped":0,"pct":100},"statements":{"total":44,"covered":42,"skipped":0,"pct":95.45},"branches":{"total":35,"covered":30,"skipped":0,"pct":85.71}}
,"/Volumes/DEV/projetos/iphonerepasse-pro/utils/escpos.ts": {"lines":{"total":27,"covered":3,"skipped":0,"pct":11.11},"functions":{"total":17,"covered":0,"skipped":0,"pct":0},"statements":{"total":27,"covered":3,"skipped":0,"pct":11.11},"branches":{"total":12,"covered":0,"skipped":0,"pct":0}}
,"/Volumes/DEV/projetos/iphonerepasse-pro/utils/financialAccounts.ts": {"lines":{"total":10,"covered":7,"skipped":0,"pct":70},"functions":{"total":1,"covered":1,"skipped":0,"pct":100},"statements":{"total":13,"covered":8,"skipped":0,"pct":61.53},"branches":{"total":9,"covered":4,"skipped":0,"pct":44.44}}
,"/Volumes/DEV/projetos/iphonerepasse-pro/utils/generateReceiptPdf.ts": {"lines":{"total":44,"covered":44,"skipped":0,"pct":100},"functions":{"total":3,"covered":3,"skipped":0,"pct":100},"statements":{"total":47,"covered":45,"skipped":0,"pct":95.74},"branches":{"total":7,"covered":5,"skipped":0,"pct":71.42}}
,"/Volumes/DEV/projetos/iphonerepasse-pro/utils/id.ts": {"lines":{"total":4,"covered":3,"skipped":0,"pct":75},"functions":{"total":1,"covered":1,"skipped":0,"pct":100},"statements":{"total":4,"covered":3,"skipped":0,"pct":75},"branches":{"total":5,"covered":4,"skipped":0,"pct":80}}
,"/Volumes/DEV/projetos/iphonerepasse-pro/utils/inputMasks.ts": {"lines":{"total":44,"covered":35,"skipped":0,"pct":79.54},"functions":{"total":9,"covered":8,"skipped":0,"pct":88.88},"statements":{"total":60,"covered":39,"skipped":0,"pct":65},"branches":{"total":46,"covered":22,"skipped":0,"pct":47.82}}
,"/Volumes/DEV/projetos/iphonerepasse-pro/utils/inventoryValuation.ts": {"lines":{"total":11,"covered":11,"skipped":0,"pct":100},"functions":{"total":6,"covered":6,"skipped":0,"pct":100},"statements":{"total":13,"covered":13,"skipped":0,"pct":100},"branches":{"total":6,"covered":6,"skipped":0,"pct":100}}
,"/Volumes/DEV/projetos/iphonerepasse-pro/utils/payableDebts.ts": {"lines":{"total":16,"covered":16,"skipped":0,"pct":100},"functions":{"total":7,"covered":7,"skipped":0,"pct":100},"statements":{"total":20,"covered":20,"skipped":0,"pct":100},"branches":{"total":20,"covered":18,"skipped":0,"pct":90}}
,"/Volumes/DEV/projetos/iphonerepasse-pro/utils/payments.ts": {"lines":{"total":3,"covered":3,"skipped":0,"pct":100},"functions":{"total":1,"covered":1,"skipped":0,"pct":100},"statements":{"total":3,"covered":3,"skipped":0,"pct":100},"branches":{"total":2,"covered":2,"skipped":0,"pct":100}}
,"/Volumes/DEV/projetos/iphonerepasse-pro/utils/pdvPricing.ts": {"lines":{"total":11,"covered":11,"skipped":0,"pct":100},"functions":{"total":2,"covered":2,"skipped":0,"pct":100},"statements":{"total":12,"covered":12,"skipped":0,"pct":100},"branches":{"total":10,"covered":10,"skipped":0,"pct":100}}
,"/Volumes/DEV/projetos/iphonerepasse-pro/utils/productSearch.ts": {"lines":{"total":38,"covered":36,"skipped":0,"pct":94.73},"functions":{"total":11,"covered":11,"skipped":0,"pct":100},"statements":{"total":45,"covered":43,"skipped":0,"pct":95.55},"branches":{"total":20,"covered":17,"skipped":0,"pct":85}}
,"/Volumes/DEV/projetos/iphonerepasse-pro/utils/saleCode.ts": {"lines":{"total":4,"covered":2,"skipped":0,"pct":50},"functions":{"total":2,"covered":1,"skipped":0,"pct":50},"statements":{"total":6,"covered":2,"skipped":0,"pct":33.33},"branches":{"total":4,"covered":1,"skipped":0,"pct":25}}
,"/Volumes/DEV/projetos/iphonerepasse-pro/utils/sendReceiptWhatsApp.ts": {"lines":{"total":35,"covered":35,"skipped":0,"pct":100},"functions":{"total":3,"covered":3,"skipped":0,"pct":100},"statements":{"total":40,"covered":39,"skipped":0,"pct":97.5},"branches":{"total":45,"covered":41,"skipped":0,"pct":91.11}}
,"/Volumes/DEV/projetos/iphonerepasse-pro/utils/simulator.ts": {"lines":{"total":89,"covered":83,"skipped":0,"pct":93.25},"functions":{"total":24,"covered":23,"skipped":0,"pct":95.83},"statements":{"total":106,"covered":98,"skipped":0,"pct":92.45},"branches":{"total":116,"covered":98,"skipped":0,"pct":84.48}}
,"/Volumes/DEV/projetos/iphonerepasse-pro/utils/stockPhotoWorkflow.ts": {"lines":{"total":103,"covered":77,"skipped":0,"pct":74.75},"functions":{"total":25,"covered":16,"skipped":0,"pct":64},"statements":{"total":126,"covered":92,"skipped":0,"pct":73.01},"branches":{"total":79,"covered":45,"skipped":0,"pct":56.96}}
,"/Volumes/DEV/projetos/iphonerepasse-pro/utils/supabase.ts": {"lines":{"total":2,"covered":2,"skipped":0,"pct":100},"functions":{"total":1,"covered":1,"skipped":0,"pct":100},"statements":{"total":3,"covered":2,"skipped":0,"pct":66.66},"branches":{"total":2,"covered":1,"skipped":0,"pct":50}}
,"/Volumes/DEV/projetos/iphonerepasse-pro/utils/thermalPrinter.ts": {"lines":{"total":115,"covered":11,"skipped":0,"pct":9.56},"functions":{"total":8,"covered":3,"skipped":0,"pct":37.5},"statements":{"total":125,"covered":11,"skipped":0,"pct":8.8},"branches":{"total":50,"covered":2,"skipped":0,"pct":4}}
,"/Volumes/DEV/projetos/iphonerepasse-pro/utils/warrantyDevice.ts": {"lines":{"total":66,"covered":50,"skipped":0,"pct":75.75},"functions":{"total":11,"covered":10,"skipped":0,"pct":90.9},"statements":{"total":84,"covered":59,"skipped":0,"pct":70.23},"branches":{"total":61,"covered":36,"skipped":0,"pct":59.01}}
}
