TN:
SF:constants.ts
FNF:0
FNH:0
DA:3,3
DA:4,3
DA:6,3
DA:45,3
DA:52,3
DA:161,3
LF:6
LH:6
BRF:0
BRH:0
end_of_record
TN:
SF:types.ts
FN:1,(anonymous_0)
FN:9,(anonymous_1)
FN:14,(anonymous_2)
FN:22,(anonymous_3)
FNF:4
FNH:4
FNDA:18,(anonymous_0)
FNDA:18,(anonymous_1)
FNDA:18,(anonymous_2)
FNDA:18,(anonymous_3)
DA:1,18
DA:2,18
DA:3,18
DA:4,18
DA:5,18
DA:6,18
DA:9,18
DA:10,18
DA:11,18
DA:14,18
DA:15,18
DA:16,18
DA:17,18
DA:18,18
DA:19,18
DA:22,18
DA:23,18
DA:24,18
LF:18
LH:18
BRDA:1,0,0,18
BRDA:1,0,1,18
BRDA:9,1,0,18
BRDA:9,1,1,18
BRDA:14,2,0,18
BRDA:14,2,1,18
BRDA:22,3,0,18
BRDA:22,3,1,18
BRF:8
BRH:8
end_of_record
TN:
SF:components/BrandLogo.tsx
FN:39,isCRMBrandContext
FN:44,(anonymous_1)
FNF:2
FNH:2
FNDA:10,isCRMBrandContext
FNDA:10,(anonymous_1)
DA:13,2
DA:28,2
DA:40,10
DA:41,10
DA:44,2
DA:45,10
DA:46,10
DA:47,10
DA:49,10
LF:9
LH:9
BRDA:40,0,0,0
BRDA:40,0,1,10
BRDA:41,1,0,10
BRDA:41,1,1,10
BRDA:41,1,2,10
BRDA:44,2,0,10
BRDA:44,3,0,10
BRDA:46,4,0,0
BRDA:46,4,1,10
BRDA:47,5,0,0
BRDA:47,5,1,10
BRF:11
BRH:8
end_of_record
TN:
SF:components/DevicesSoldAnalytics.tsx
FN:7,(anonymous_0)
FN:14,(anonymous_1)
FN:22,(anonymous_2)
FN:24,(anonymous_3)
FN:25,(anonymous_4)
FN:32,(anonymous_5)
FN:43,(anonymous_6)
FN:47,(anonymous_7)
FN:53,(anonymous_8)
FN:64,(anonymous_9)
FN:69,(anonymous_10)
FN:105,(anonymous_11)
FN:122,(anonymous_12)
FN:136,(anonymous_13)
FN:152,(anonymous_14)
FN:156,(anonymous_15)
FNF:16
FNH:15
FNDA:12,(anonymous_0)
FNDA:8,(anonymous_1)
FNDA:2,(anonymous_2)
FNDA:7,(anonymous_3)
FNDA:8,(anonymous_4)
FNDA:6,(anonymous_5)
FNDA:8,(anonymous_6)
FNDA:29,(anonymous_7)
FNDA:28,(anonymous_8)
FNDA:4,(anonymous_9)
FNDA:0,(anonymous_10)
FNDA:2,(anonymous_11)
FNDA:2,(anonymous_12)
FNDA:1,(anonymous_13)
FNDA:1,(anonymous_14)
FNDA:19,(anonymous_15)
DA:7,1
DA:8,12
DA:9,6
DA:10,12
DA:11,12
DA:14,1
DA:15,8
DA:16,8
DA:17,8
DA:18,8
DA:19,8
DA:20,8
DA:22,8
DA:23,2
DA:24,2
DA:25,7
DA:26,8
DA:29,2
DA:32,8
DA:33,6
DA:34,6
DA:36,6
DA:43,8
DA:44,8
DA:46,8
DA:47,8
DA:48,29
DA:49,29
DA:50,29
DA:51,27
DA:53,23
DA:54,28
DA:55,28
DA:56,28
DA:57,25
DA:61,8
DA:64,8
DA:65,4
DA:66,4
DA:69,8
DA:70,0
DA:71,0
DA:72,0
DA:73,0
DA:76,8
DA:105,2
DA:122,2
DA:136,1
DA:152,1
DA:157,19
LF:50
LH:46
BRDA:8,0,0,6
BRDA:8,0,1,6
BRDA:9,1,0,4
BRDA:9,1,1,2
BRDA:11,2,0,0
BRDA:11,2,1,6
BRDA:26,3,0,8
BRDA:26,3,1,0
BRDA:39,4,0,6
BRDA:39,4,1,4
BRDA:39,4,2,2
BRDA:44,5,0,0
BRDA:44,5,1,8
BRDA:49,6,0,0
BRDA:49,6,1,29
BRDA:50,7,0,2
BRDA:50,7,1,27
BRDA:50,8,0,29
BRDA:50,8,1,22
BRDA:51,9,0,4
BRDA:51,9,1,23
BRDA:51,10,0,27
BRDA:51,10,1,14
BRDA:54,11,0,28
BRDA:54,11,1,4
BRDA:55,12,0,28
BRDA:55,12,1,8
BRDA:56,13,0,25
BRDA:56,13,1,3
BRDA:56,14,0,28
BRDA:56,14,1,27
BRDA:65,15,0,2
BRDA:65,15,1,2
BRDA:66,16,0,2
BRDA:66,16,1,2
BRDA:106,17,0,8
BRDA:106,17,1,4
BRDA:123,18,0,8
BRDA:123,18,1,2
BRDA:172,19,0,0
BRDA:172,19,1,8
BRDA:180,20,0,0
BRDA:180,20,1,8
BRDA:188,21,0,1
BRDA:188,21,1,7
BRF:45
BRH:39
end_of_record
TN:
SF:components/Layout.tsx
FN:96,(anonymous_0)
FN:103,(anonymous_1)
FN:119,(anonymous_2)
FN:122,(anonymous_3)
FN:128,(anonymous_4)
FN:137,(anonymous_5)
FN:144,(anonymous_6)
FN:148,(anonymous_7)
FN:151,(anonymous_8)
FN:160,(anonymous_9)
FN:164,(anonymous_10)
FN:164,(anonymous_11)
FN:168,(anonymous_12)
FN:170,(anonymous_13)
FN:175,(anonymous_14)
FN:176,(anonymous_15)
FN:179,(anonymous_16)
FN:184,(anonymous_17)
FN:185,(anonymous_18)
FN:187,(anonymous_19)
FN:192,(anonymous_20)
FN:196,(anonymous_21)
FN:197,(anonymous_22)
FN:197,(anonymous_23)
FN:199,(anonymous_24)
FN:203,(anonymous_25)
FN:211,(anonymous_26)
FN:220,(anonymous_27)
FN:231,(anonymous_28)
FN:244,(anonymous_29)
FN:247,(anonymous_30)
FN:267,(anonymous_31)
FN:273,(anonymous_32)
FN:276,(anonymous_33)
FN:284,(anonymous_34)
FN:289,(anonymous_35)
FN:317,(anonymous_36)
FN:320,(anonymous_37)
FN:335,(anonymous_38)
FN:345,(anonymous_39)
FN:388,(anonymous_40)
FN:392,(anonymous_41)
FN:426,(anonymous_42)
FN:525,(anonymous_43)
FN:539,(anonymous_44)
FN:543,(anonymous_45)
FN:553,(anonymous_46)
FN:557,(anonymous_47)
FN:561,(anonymous_48)
FN:596,(anonymous_49)
FN:602,(anonymous_50)
FN:603,(anonymous_51)
FN:604,(anonymous_52)
FN:627,(anonymous_53)
FN:627,(anonymous_54)
FNF:55
FNH:40
FNDA:5,(anonymous_0)
FNDA:5,(anonymous_1)
FNDA:5,(anonymous_2)
FNDA:5,(anonymous_3)
FNDA:0,(anonymous_4)
FNDA:0,(anonymous_5)
FNDA:5,(anonymous_6)
FNDA:5,(anonymous_7)
FNDA:0,(anonymous_8)
FNDA:5,(anonymous_9)
FNDA:5,(anonymous_10)
FNDA:75,(anonymous_11)
FNDA:5,(anonymous_12)
FNDA:8,(anonymous_13)
FNDA:5,(anonymous_14)
FNDA:15,(anonymous_15)
FNDA:24,(anonymous_16)
FNDA:8,(anonymous_17)
FNDA:15,(anonymous_18)
FNDA:5,(anonymous_19)
FNDA:15,(anonymous_20)
FNDA:16,(anonymous_21)
FNDA:10,(anonymous_22)
FNDA:1,(anonymous_23)
FNDA:5,(anonymous_24)
FNDA:5,(anonymous_25)
FNDA:1,(anonymous_26)
FNDA:1,(anonymous_27)
FNDA:1,(anonymous_28)
FNDA:2,(anonymous_29)
FNDA:5,(anonymous_30)
FNDA:2,(anonymous_31)
FNDA:2,(anonymous_32)
FNDA:4,(anonymous_33)
FNDA:2,(anonymous_34)
FNDA:4,(anonymous_35)
FNDA:2,(anonymous_36)
FNDA:5,(anonymous_37)
FNDA:5,(anonymous_38)
FNDA:0,(anonymous_39)
FNDA:15,(anonymous_40)
FNDA:8,(anonymous_41)
FNDA:0,(anonymous_42)
FNDA:0,(anonymous_43)
FNDA:0,(anonymous_44)
FNDA:0,(anonymous_45)
FNDA:0,(anonymous_46)
FNDA:0,(anonymous_47)
FNDA:0,(anonymous_48)
FNDA:7,(anonymous_49)
FNDA:0,(anonymous_50)
FNDA:0,(anonymous_51)
FNDA:1,(anonymous_52)
FNDA:0,(anonymous_53)
FNDA:0,(anonymous_54)
DA:69,2
DA:75,2
DA:76,2
DA:78,2
DA:96,2
DA:97,5
DA:103,2
DA:104,5
DA:105,5
DA:106,5
DA:107,5
DA:108,5
DA:109,5
DA:110,5
DA:111,5
DA:112,5
DA:114,5
DA:115,5
DA:116,5
DA:118,5
DA:119,5
DA:122,5
DA:123,5
DA:129,0
DA:130,0
DA:131,0
DA:132,0
DA:137,0
DA:144,5
DA:148,5
DA:149,5
DA:152,0
DA:153,0
DA:154,0
DA:157,0
DA:160,5
DA:163,5
DA:164,75
DA:168,5
DA:169,5
DA:170,8
DA:171,5
DA:174,5
DA:176,15
DA:179,24
DA:184,8
DA:185,15
DA:186,5
DA:188,5
DA:192,15
DA:196,16
DA:197,10
DA:199,5
DA:200,5
DA:203,5
DA:204,5
DA:205,5
DA:207,5
DA:209,5
DA:211,2
DA:212,1
DA:213,1
DA:214,1
DA:215,1
DA:216,0
DA:217,0
DA:220,2
DA:221,1
DA:222,1
DA:223,1
DA:224,1
DA:225,0
DA:226,0
DA:228,1
DA:231,2
DA:232,1
DA:233,1
DA:234,1
DA:235,1
DA:236,1
DA:237,1
DA:239,1
DA:240,1
DA:243,2
DA:244,2
DA:247,5
DA:248,5
DA:249,5
DA:251,5
DA:253,5
DA:255,2
DA:267,2
DA:268,2
DA:269,2
DA:270,2
DA:273,2
DA:274,2
DA:275,2
DA:276,2
DA:277,4
DA:278,4
DA:279,4
DA:280,4
DA:284,2
DA:285,2
DA:286,2
DA:289,2
DA:290,4
DA:291,4
DA:293,4
DA:294,2
DA:295,2
DA:297,2
DA:298,2
DA:299,2
DA:303,2
DA:304,2
DA:305,2
DA:308,2
DA:309,2
DA:310,2
DA:312,2
DA:313,2
DA:316,2
DA:317,2
DA:320,5
DA:321,5
DA:322,5
DA:323,5
DA:324,0
DA:325,0
DA:326,0
DA:332,5
DA:335,5
DA:336,5
DA:345,5
DA:346,0
DA:347,0
DA:348,0
DA:349,0
DA:350,0
DA:355,0
DA:356,0
DA:358,0
DA:360,0
DA:364,5
DA:389,15
DA:393,8
DA:394,8
DA:426,0
DA:525,0
DA:540,0
DA:543,0
DA:554,0
DA:558,0
DA:561,0
DA:597,7
DA:598,7
DA:602,0
DA:603,0
DA:604,1
DA:627,0
LF:162
LH:127
BRDA:129,0,0,0
BRDA:129,0,1,0
BRDA:131,1,0,0
BRDA:131,1,1,0
BRDA:152,2,0,0
BRDA:152,2,1,0
BRDA:155,3,0,0
BRDA:155,3,1,0
BRDA:204,4,0,0
BRDA:204,4,1,5
BRDA:207,5,0,5
BRDA:207,5,1,5
BRDA:207,5,2,5
BRDA:209,6,0,3
BRDA:209,6,1,2
BRDA:213,7,0,0
BRDA:213,7,1,1
BRDA:214,8,0,0
BRDA:214,8,1,1
BRDA:215,9,0,1
BRDA:215,9,1,0
BRDA:216,10,0,0
BRDA:216,10,1,0
BRDA:221,11,0,0
BRDA:221,11,1,1
BRDA:224,12,0,1
BRDA:224,12,1,1
BRDA:224,12,2,0
BRDA:225,13,0,0
BRDA:225,13,1,0
BRDA:225,14,0,0
BRDA:225,14,1,0
BRDA:233,15,0,0
BRDA:233,15,1,1
BRDA:233,16,0,1
BRDA:233,16,1,1
BRDA:233,16,2,1
BRDA:234,17,0,0
BRDA:234,17,1,1
BRDA:235,18,0,0
BRDA:235,18,1,1
BRDA:235,19,0,1
BRDA:235,19,1,1
BRDA:236,20,0,0
BRDA:236,20,1,1
BRDA:237,21,0,0
BRDA:237,21,1,1
BRDA:248,22,0,0
BRDA:248,22,1,5
BRDA:251,23,0,5
BRDA:251,23,1,5
BRDA:251,23,2,5
BRDA:253,24,0,3
BRDA:253,24,1,2
BRDA:268,25,0,0
BRDA:268,25,1,2
BRDA:268,26,0,2
BRDA:268,26,1,2
BRDA:269,27,0,0
BRDA:269,27,1,2
BRDA:275,28,0,0
BRDA:275,28,1,2
BRDA:277,29,0,0
BRDA:277,29,1,4
BRDA:278,30,0,0
BRDA:278,30,1,4
BRDA:278,31,0,4
BRDA:278,31,1,4
BRDA:280,32,0,4
BRDA:280,32,1,4
BRDA:290,33,0,0
BRDA:290,33,1,4
BRDA:291,34,0,0
BRDA:291,34,1,4
BRDA:291,35,0,4
BRDA:291,35,1,0
BRDA:293,36,0,2
BRDA:293,36,1,2
BRDA:295,37,0,0
BRDA:295,37,1,2
BRDA:297,38,0,2
BRDA:297,38,1,0
BRDA:298,39,0,2
BRDA:298,39,1,0
BRDA:299,40,0,0
BRDA:299,40,1,2
BRDA:300,41,0,0
BRDA:300,41,1,0
BRDA:301,42,0,1
BRDA:301,42,1,1
BRDA:301,43,0,2
BRDA:301,43,1,1
BRDA:308,44,0,0
BRDA:308,44,1,2
BRDA:310,45,0,0
BRDA:310,45,1,2
BRDA:310,46,0,2
BRDA:310,46,1,2
BRDA:321,47,0,0
BRDA:321,47,1,5
BRDA:323,48,0,0
BRDA:323,48,1,5
BRDA:323,49,0,5
BRDA:323,49,1,4
BRDA:325,50,0,0
BRDA:325,50,1,0
BRDA:339,51,0,5
BRDA:339,51,1,0
BRDA:340,52,0,5
BRDA:340,52,1,0
BRDA:346,53,0,0
BRDA:346,53,1,0
BRDA:350,54,0,0
BRDA:350,54,1,0
BRDA:352,55,0,0
BRDA:352,55,1,0
BRDA:369,56,0,0
BRDA:369,56,1,5
BRDA:400,57,0,5
BRDA:400,57,1,3
BRDA:405,58,0,8
BRDA:405,58,1,5
BRDA:432,59,0,5
BRDA:432,59,1,0
BRDA:434,60,0,0
BRDA:434,60,1,0
BRDA:438,61,0,0
BRDA:438,61,1,5
BRDA:443,62,0,5
BRDA:443,62,1,0
BRDA:454,63,0,0
BRDA:454,63,1,5
BRDA:469,64,0,0
BRDA:469,64,1,5
BRDA:471,65,0,0
BRDA:471,65,1,5
BRDA:473,66,0,5
BRDA:473,66,1,0
BRDA:488,67,0,5
BRDA:488,67,1,0
BRDA:491,68,0,5
BRDA:491,68,1,0
BRDA:499,69,0,0
BRDA:499,69,1,5
BRDA:501,70,0,0
BRDA:501,70,1,5
BRDA:503,71,0,5
BRDA:503,71,1,0
BRDA:516,72,0,5
BRDA:516,72,1,0
BRDA:563,73,0,0
BRDA:563,73,1,0
BRDA:570,74,0,0
BRDA:570,74,1,0
BRDA:606,75,0,5
BRDA:606,75,1,2
BRDA:610,76,0,7
BRDA:610,76,1,5
BRDA:618,77,0,5
BRDA:618,77,1,2
BRDA:619,78,0,5
BRDA:619,78,1,2
BRDA:629,79,0,0
BRDA:629,79,1,5
BRDA:629,80,0,5
BRDA:629,80,1,5
BRDA:633,81,0,5
BRDA:633,81,1,5
BRDA:633,81,2,0
BRDA:641,82,0,0
BRDA:641,82,1,5
BRDA:641,83,0,5
BRDA:641,83,1,5
BRDA:642,84,0,0
BRDA:642,84,1,5
BRDA:642,85,0,5
BRDA:642,85,1,5
BRF:177
BRH:99
end_of_record
TN:
SF:components/SaleCompleteEditModal.tsx
FN:54,(anonymous_0)
FN:56,(anonymous_1)
FN:63,(anonymous_2)
FN:70,(anonymous_3)
FN:77,(anonymous_4)
FN:95,(anonymous_5)
FN:110,(anonymous_6)
FN:135,(anonymous_7)
FN:135,(anonymous_8)
FN:137,(anonymous_9)
FN:154,(anonymous_10)
FN:172,(anonymous_11)
FN:186,(anonymous_12)
FN:206,(anonymous_13)
FN:207,(anonymous_14)
FN:208,(anonymous_15)
FN:212,(anonymous_16)
FN:212,(anonymous_17)
FN:217,(anonymous_18)
FN:219,(anonymous_19)
FN:229,(anonymous_20)
FN:231,(anonymous_21)
FN:236,(anonymous_22)
FN:245,(anonymous_23)
FN:250,(anonymous_24)
FN:255,(anonymous_25)
FN:255,(anonymous_26)
FN:260,(anonymous_27)
FN:266,(anonymous_28)
FN:270,(anonymous_29)
FN:271,(anonymous_30)
FN:271,(anonymous_31)
FN:274,(anonymous_32)
FN:275,(anonymous_33)
FN:275,(anonymous_34)
FN:278,(anonymous_35)
FN:279,(anonymous_36)
FN:279,(anonymous_37)
FN:282,(anonymous_38)
FN:284,(anonymous_39)
FN:285,(anonymous_40)
FN:298,(anonymous_41)
FN:300,(anonymous_42)
FN:301,(anonymous_43)
FN:322,(anonymous_44)
FN:323,(anonymous_45)
FN:334,(anonymous_46)
FN:335,(anonymous_47)
FN:350,(anonymous_48)
FN:351,(anonymous_49)
FN:354,(anonymous_50)
FN:355,(anonymous_51)
FN:355,(anonymous_52)
FN:358,(anonymous_53)
FN:359,(anonymous_54)
FN:359,(anonymous_55)
FN:362,(anonymous_56)
FN:363,(anonymous_57)
FN:363,(anonymous_58)
FN:366,(anonymous_59)
FN:381,(anonymous_60)
FN:385,(anonymous_61)
FN:412,(anonymous_62)
FN:428,(anonymous_63)
FN:431,(anonymous_64)
FN:455,(anonymous_65)
FN:463,(anonymous_66)
FN:465,(anonymous_67)
FN:472,(anonymous_68)
FN:515,(anonymous_69)
FN:516,(anonymous_70)
FN:517,(anonymous_71)
FN:518,(anonymous_72)
FN:519,(anonymous_73)
FN:527,(anonymous_74)
FN:528,(anonymous_75)
FN:538,(anonymous_76)
FN:539,(anonymous_77)
FN:553,(anonymous_78)
FN:563,(anonymous_79)
FN:578,(anonymous_80)
FN:591,(anonymous_81)
FN:593,(anonymous_82)
FN:612,(anonymous_83)
FN:620,(anonymous_84)
FN:623,(anonymous_85)
FN:637,(anonymous_86)
FN:639,(anonymous_87)
FN:649,(anonymous_88)
FN:651,(anonymous_89)
FN:659,(anonymous_90)
FN:686,(anonymous_91)
FN:694,(anonymous_92)
FN:697,(anonymous_93)
FN:709,(anonymous_94)
FN:720,(anonymous_95)
FN:722,(anonymous_96)
FN:733,(anonymous_97)
FN:741,(anonymous_98)
FN:749,(anonymous_99)
FN:757,(anonymous_100)
FN:766,(anonymous_101)
FN:790,(anonymous_102)
FN:798,(anonymous_103)
FN:814,(anonymous_104)
FN:816,(anonymous_105)
FN:825,(anonymous_106)
FN:827,(anonymous_107)
FN:845,(anonymous_108)
FN:847,(anonymous_109)
FN:855,(anonymous_110)
FN:868,(anonymous_111)
FN:870,(anonymous_112)
FN:880,(anonymous_113)
FN:882,(anonymous_114)
FN:897,(anonymous_115)
FN:899,(anonymous_116)
FN:909,(anonymous_117)
FN:911,(anonymous_118)
FN:921,(anonymous_119)
FN:923,(anonymous_120)
FN:937,(anonymous_121)
FN:946,(anonymous_122)
FN:948,(anonymous_123)
FN:956,(anonymous_124)
FN:966,(anonymous_125)
FNF:126
FNH:45
FNDA:63,(anonymous_0)
FNDA:38,(anonymous_1)
FNDA:2,(anonymous_2)
FNDA:2,(anonymous_3)
FNDA:2,(anonymous_4)
FNDA:1,(anonymous_5)
FNDA:42,(anonymous_6)
FNDA:16,(anonymous_7)
FNDA:36,(anonymous_8)
FNDA:15,(anonymous_9)
FNDA:2,(anonymous_10)
FNDA:1,(anonymous_11)
FNDA:1,(anonymous_12)
FNDA:17,(anonymous_13)
FNDA:4,(anonymous_14)
FNDA:39,(anonymous_15)
FNDA:15,(anonymous_16)
FNDA:2,(anonymous_17)
FNDA:15,(anonymous_18)
FNDA:2,(anonymous_19)
FNDA:15,(anonymous_20)
FNDA:1,(anonymous_21)
FNDA:15,(anonymous_22)
FNDA:15,(anonymous_23)
FNDA:15,(anonymous_24)
FNDA:15,(anonymous_25)
FNDA:2,(anonymous_26)
FNDA:15,(anonymous_27)
FNDA:0,(anonymous_28)
FNDA:0,(anonymous_29)
FNDA:0,(anonymous_30)
FNDA:0,(anonymous_31)
FNDA:0,(anonymous_32)
FNDA:0,(anonymous_33)
FNDA:0,(anonymous_34)
FNDA:0,(anonymous_35)
FNDA:0,(anonymous_36)
FNDA:0,(anonymous_37)
FNDA:0,(anonymous_38)
FNDA:0,(anonymous_39)
FNDA:0,(anonymous_40)
FNDA:0,(anonymous_41)
FNDA:0,(anonymous_42)
FNDA:0,(anonymous_43)
FNDA:0,(anonymous_44)
FNDA:0,(anonymous_45)
FNDA:0,(anonymous_46)
FNDA:0,(anonymous_47)
FNDA:0,(anonymous_48)
FNDA:0,(anonymous_49)
FNDA:0,(anonymous_50)
FNDA:0,(anonymous_51)
FNDA:0,(anonymous_52)
FNDA:0,(anonymous_53)
FNDA:0,(anonymous_54)
FNDA:0,(anonymous_55)
FNDA:0,(anonymous_56)
FNDA:0,(anonymous_57)
FNDA:0,(anonymous_58)
FNDA:2,(anonymous_59)
FNDA:2,(anonymous_60)
FNDA:2,(anonymous_61)
FNDA:1,(anonymous_62)
FNDA:1,(anonymous_63)
FNDA:2,(anonymous_64)
FNDA:2,(anonymous_65)
FNDA:1,(anonymous_66)
FNDA:1,(anonymous_67)
FNDA:2,(anonymous_68)
FNDA:0,(anonymous_69)
FNDA:0,(anonymous_70)
FNDA:0,(anonymous_71)
FNDA:0,(anonymous_72)
FNDA:0,(anonymous_73)
FNDA:0,(anonymous_74)
FNDA:10,(anonymous_75)
FNDA:0,(anonymous_76)
FNDA:10,(anonymous_77)
FNDA:0,(anonymous_78)
FNDA:0,(anonymous_79)
FNDA:0,(anonymous_80)
FNDA:0,(anonymous_81)
FNDA:0,(anonymous_82)
FNDA:5,(anonymous_83)
FNDA:0,(anonymous_84)
FNDA:4,(anonymous_85)
FNDA:0,(anonymous_86)
FNDA:0,(anonymous_87)
FNDA:0,(anonymous_88)
FNDA:0,(anonymous_89)
FNDA:0,(anonymous_90)
FNDA:3,(anonymous_91)
FNDA:0,(anonymous_92)
FNDA:0,(anonymous_93)
FNDA:0,(anonymous_94)
FNDA:0,(anonymous_95)
FNDA:0,(anonymous_96)
FNDA:0,(anonymous_97)
FNDA:0,(anonymous_98)
FNDA:0,(anonymous_99)
FNDA:0,(anonymous_100)
FNDA:0,(anonymous_101)
FNDA:5,(anonymous_102)
FNDA:0,(anonymous_103)
FNDA:0,(anonymous_104)
FNDA:0,(anonymous_105)
FNDA:0,(anonymous_106)
FNDA:15,(anonymous_107)
FNDA:0,(anonymous_108)
FNDA:0,(anonymous_109)
FNDA:0,(anonymous_110)
FNDA:0,(anonymous_111)
FNDA:0,(anonymous_112)
FNDA:0,(anonymous_113)
FNDA:0,(anonymous_114)
FNDA:0,(anonymous_115)
FNDA:0,(anonymous_116)
FNDA:0,(anonymous_117)
FNDA:0,(anonymous_118)
FNDA:0,(anonymous_119)
FNDA:0,(anonymous_120)
FNDA:0,(anonymous_121)
FNDA:0,(anonymous_122)
FNDA:0,(anonymous_123)
FNDA:0,(anonymous_124)
FNDA:0,(anonymous_125)
DA:54,63
DA:56,2
DA:57,38
DA:58,38
DA:59,32
DA:60,32
DA:63,2
DA:64,2
DA:65,2
DA:66,2
DA:67,2
DA:70,2
DA:71,2
DA:72,2
DA:73,2
DA:74,2
DA:77,2
DA:78,2
DA:79,1
DA:81,0
DA:95,2
DA:110,2
DA:111,42
DA:113,42
DA:114,42
DA:115,42
DA:116,42
DA:117,42
DA:118,42
DA:119,42
DA:120,42
DA:121,42
DA:122,42
DA:123,42
DA:125,42
DA:126,42
DA:127,42
DA:128,42
DA:129,42
DA:131,42
DA:132,42
DA:133,42
DA:135,42
DA:137,42
DA:138,15
DA:140,2
DA:141,2
DA:142,2
DA:143,2
DA:145,15
DA:146,15
DA:152,15
DA:154,2
DA:170,15
DA:171,15
DA:172,1
DA:184,15
DA:186,1
DA:203,15
DA:206,42
DA:207,17
DA:208,39
DA:211,42
DA:212,15
DA:216,42
DA:217,15
DA:220,2
DA:221,2
DA:222,2
DA:228,42
DA:229,15
DA:231,1
DA:236,42
DA:237,15
DA:238,15
DA:239,0
DA:241,15
DA:244,42
DA:245,15
DA:249,42
DA:250,15
DA:254,42
DA:255,15
DA:259,42
DA:260,15
DA:264,42
DA:266,42
DA:267,0
DA:270,42
DA:271,0
DA:274,42
DA:275,0
DA:278,42
DA:279,0
DA:282,42
DA:283,0
DA:284,0
DA:285,0
DA:286,0
DA:298,42
DA:299,0
DA:300,0
DA:301,0
DA:302,0
DA:303,0
DA:305,0
DA:322,42
DA:323,0
DA:334,42
DA:335,0
DA:350,42
DA:351,0
DA:354,42
DA:355,0
DA:358,42
DA:359,0
DA:362,42
DA:363,0
DA:366,42
DA:367,2
DA:369,2
DA:371,2
DA:372,0
DA:373,0
DA:376,2
DA:377,0
DA:378,0
DA:381,2
DA:383,2
DA:384,2
DA:385,2
DA:386,2
DA:387,0
DA:390,2
DA:391,2
DA:392,0
DA:395,2
DA:396,2
DA:400,2
DA:407,0
DA:408,0
DA:411,2
DA:413,1
DA:414,1
DA:415,1
DA:417,1
DA:428,1
DA:430,2
DA:432,2
DA:433,2
DA:435,1
DA:436,1
DA:437,1
DA:438,1
DA:439,1
DA:441,1
DA:455,2
DA:457,2
DA:458,0
DA:459,0
DA:462,2
DA:463,1
DA:465,2
DA:466,2
DA:467,0
DA:468,0
DA:471,2
DA:472,2
DA:474,2
DA:475,2
DA:477,2
DA:497,2
DA:498,2
DA:499,2
DA:500,2
DA:502,0
DA:504,2
DA:508,42
DA:510,7
DA:515,0
DA:516,0
DA:517,0
DA:518,0
DA:519,0
DA:527,0
DA:529,10
DA:538,0
DA:540,10
DA:553,0
DA:563,0
DA:578,0
DA:591,0
DA:593,0
DA:613,5
DA:620,0
DA:624,4
DA:637,0
DA:639,0
DA:649,0
DA:651,0
DA:659,0
DA:687,3
DA:694,0
DA:698,0
DA:709,0
DA:720,0
DA:722,0
DA:733,0
DA:741,0
DA:749,0
DA:757,0
DA:766,0
DA:791,5
DA:798,0
DA:814,0
DA:816,0
DA:825,0
DA:828,15
DA:845,0
DA:847,0
DA:855,0
DA:868,0
DA:870,0
DA:880,0
DA:882,0
DA:897,0
DA:899,0
DA:909,0
DA:911,0
DA:921,0
DA:923,0
DA:937,0
DA:946,0
DA:948,0
DA:956,0
DA:966,0
LF:236
LH:151
BRDA:56,0,0,38
BRDA:58,1,0,6
BRDA:58,1,1,32
BRDA:60,2,0,32
BRDA:60,2,1,0
BRDA:65,3,0,0
BRDA:65,3,1,2
BRDA:71,4,0,0
BRDA:71,4,1,2
BRDA:73,5,0,0
BRDA:73,5,1,2
BRDA:78,6,0,1
BRDA:78,6,1,1
BRDA:78,7,0,2
BRDA:78,7,1,2
BRDA:79,8,0,1
BRDA:79,8,1,0
BRDA:86,9,0,0
BRDA:86,9,1,0
BRDA:87,10,0,2
BRDA:87,10,1,0
BRDA:88,11,0,2
BRDA:88,11,1,0
BRDA:89,12,0,2
BRDA:89,12,1,0
BRDA:131,13,0,42
BRDA:131,13,1,0
BRDA:132,14,0,42
BRDA:132,14,1,0
BRDA:133,15,0,42
BRDA:133,15,1,0
BRDA:138,16,0,13
BRDA:138,16,1,2
BRDA:138,17,0,15
BRDA:138,17,1,2
BRDA:143,18,0,2
BRDA:143,18,1,1
BRDA:143,18,2,1
BRDA:145,19,0,0
BRDA:145,19,1,2
BRDA:147,20,0,0
BRDA:147,20,1,2
BRDA:148,21,0,0
BRDA:148,21,1,0
BRDA:149,22,0,2
BRDA:149,22,1,2
BRDA:153,23,0,2
BRDA:153,23,1,0
BRDA:157,24,0,2
BRDA:157,24,1,0
BRDA:158,25,0,2
BRDA:158,25,1,1
BRDA:158,25,2,0
BRDA:173,26,0,1
BRDA:173,26,1,0
BRDA:174,27,0,1
BRDA:174,27,1,1
BRDA:175,28,0,1
BRDA:175,28,1,0
BRDA:176,29,0,1
BRDA:176,29,1,0
BRDA:177,30,0,1
BRDA:177,30,1,0
BRDA:178,31,0,1
BRDA:178,31,1,0
BRDA:179,32,0,1
BRDA:179,32,1,0
BRDA:180,33,0,1
BRDA:180,33,1,0
BRDA:185,34,0,1
BRDA:185,34,1,1
BRDA:189,35,0,1
BRDA:189,35,1,0
BRDA:190,36,0,1
BRDA:190,36,1,1
BRDA:191,37,0,0
BRDA:191,37,1,1
BRDA:192,38,0,1
BRDA:192,38,1,1
BRDA:193,39,0,0
BRDA:193,39,1,1
BRDA:194,40,0,0
BRDA:194,40,1,1
BRDA:195,41,0,0
BRDA:195,41,1,1
BRDA:196,42,0,1
BRDA:196,42,1,1
BRDA:197,43,0,0
BRDA:197,43,1,1
BRDA:198,44,0,1
BRDA:198,44,1,1
BRDA:208,45,0,39
BRDA:208,45,1,26
BRDA:238,46,0,0
BRDA:238,46,1,15
BRDA:271,47,0,0
BRDA:271,47,1,0
BRDA:275,48,0,0
BRDA:275,48,1,0
BRDA:279,49,0,0
BRDA:279,49,1,0
BRDA:286,50,0,0
BRDA:286,50,1,0
BRDA:290,51,0,0
BRDA:290,51,1,0
BRDA:291,52,0,0
BRDA:291,52,1,0
BRDA:302,53,0,0
BRDA:302,53,1,0
BRDA:303,54,0,0
BRDA:303,54,1,0
BRDA:308,55,0,0
BRDA:308,55,1,0
BRDA:309,56,0,0
BRDA:309,56,1,0
BRDA:310,57,0,0
BRDA:310,57,1,0
BRDA:311,58,0,0
BRDA:311,58,1,0
BRDA:312,59,0,0
BRDA:312,59,1,0
BRDA:314,60,0,0
BRDA:314,60,1,0
BRDA:316,61,0,0
BRDA:316,61,1,0
BRDA:367,62,0,0
BRDA:367,62,1,2
BRDA:371,63,0,0
BRDA:371,63,1,2
BRDA:371,64,0,2
BRDA:371,64,1,2
BRDA:376,65,0,0
BRDA:376,65,1,2
BRDA:386,66,0,0
BRDA:386,66,1,2
BRDA:390,67,0,2
BRDA:390,67,1,1
BRDA:391,68,0,0
BRDA:391,68,1,2
BRDA:395,69,0,2
BRDA:395,69,1,0
BRDA:397,70,0,2
BRDA:397,70,1,0
BRDA:397,70,2,0
BRDA:407,71,0,0
BRDA:407,71,1,0
BRDA:413,72,0,0
BRDA:413,72,1,1
BRDA:415,73,0,1
BRDA:415,73,1,0
BRDA:415,73,2,0
BRDA:418,74,0,1
BRDA:418,74,1,0
BRDA:419,75,0,1
BRDA:419,75,1,1
BRDA:419,75,2,1
BRDA:420,76,0,1
BRDA:420,76,1,0
BRDA:421,77,0,1
BRDA:421,77,1,0
BRDA:421,78,0,1
BRDA:421,78,1,0
BRDA:421,78,2,0
BRDA:422,79,0,1
BRDA:422,79,1,0
BRDA:422,80,0,1
BRDA:422,80,1,0
BRDA:422,80,2,0
BRDA:423,81,0,1
BRDA:423,81,1,0
BRDA:423,82,0,1
BRDA:423,82,1,0
BRDA:423,82,2,0
BRDA:424,83,0,1
BRDA:424,83,1,0
BRDA:424,84,0,1
BRDA:424,84,1,0
BRDA:424,84,2,0
BRDA:433,85,0,1
BRDA:433,85,1,1
BRDA:444,86,0,0
BRDA:444,86,1,1
BRDA:445,87,0,0
BRDA:445,87,1,1
BRDA:446,88,0,0
BRDA:446,88,1,1
BRDA:447,89,0,0
BRDA:447,89,1,1
BRDA:447,90,0,2
BRDA:447,90,1,1
BRDA:448,91,0,0
BRDA:448,91,1,1
BRDA:448,92,0,2
BRDA:448,92,1,1
BRDA:448,92,2,0
BRDA:449,93,0,0
BRDA:449,93,1,1
BRDA:449,94,0,2
BRDA:449,94,1,1
BRDA:449,94,2,0
BRDA:450,95,0,0
BRDA:450,95,1,1
BRDA:450,96,0,0
BRDA:450,96,1,0
BRDA:451,97,0,0
BRDA:451,97,1,1
BRDA:452,98,0,0
BRDA:452,98,1,1
BRDA:452,99,0,0
BRDA:452,99,1,0
BRDA:457,100,0,0
BRDA:457,100,1,2
BRDA:457,101,0,2
BRDA:457,101,1,1
BRDA:463,102,0,1
BRDA:463,102,1,0
BRDA:465,103,0,1
BRDA:465,103,1,0
BRDA:466,104,0,0
BRDA:466,104,1,2
BRDA:475,105,0,0
BRDA:475,105,1,2
BRDA:480,106,0,2
BRDA:480,106,1,0
BRDA:489,107,0,0
BRDA:489,107,1,2
BRDA:490,108,0,0
BRDA:490,108,1,2
BRDA:490,109,0,2
BRDA:490,109,1,0
BRDA:502,110,0,0
BRDA:502,110,1,0
BRDA:508,111,0,35
BRDA:508,111,1,7
BRDA:625,112,0,4
BRDA:625,112,1,0
BRDA:625,113,0,4
BRDA:625,113,1,0
BRDA:682,114,0,4
BRDA:682,114,1,3
BRDA:699,115,0,0
BRDA:699,115,1,0
BRDA:699,116,0,0
BRDA:699,116,1,0
BRDA:819,117,0,5
BRDA:819,117,1,5
BRDA:837,118,0,5
BRDA:837,118,1,0
BRDA:888,119,0,5
BRDA:888,119,1,0
BRDA:929,120,0,5
BRDA:929,120,1,0
BRDA:1007,121,0,7
BRDA:1007,121,1,0
BRDA:1015,122,0,42
BRDA:1015,122,1,0
BRDA:1022,123,0,42
BRDA:1022,123,1,0
BRF:258
BRH:129
end_of_record
TN:
SF:components/StockDetailsModal.tsx
FN:41,(anonymous_0)
FN:48,(anonymous_1)
FN:54,(anonymous_2)
FN:64,(anonymous_3)
FN:70,(anonymous_4)
FN:91,(anonymous_5)
FN:95,(anonymous_6)
FN:96,(anonymous_7)
FN:102,(anonymous_8)
FN:105,(anonymous_9)
FN:106,(anonymous_10)
FN:109,(anonymous_11)
FN:110,(anonymous_12)
FN:125,(anonymous_13)
FN:127,(anonymous_14)
FN:133,(anonymous_15)
FN:165,(anonymous_16)
FN:183,(anonymous_17)
FN:200,(anonymous_18)
FN:245,(anonymous_19)
FN:292,(anonymous_20)
FN:368,(anonymous_21)
FN:371,(anonymous_22)
FN:407,(anonymous_23)
FN:434,(anonymous_24)
FN:601,(anonymous_25)
FN:621,(anonymous_26)
FN:630,(anonymous_27)
FN:635,(anonymous_28)
FN:650,(anonymous_29)
FN:650,(anonymous_30)
FN:658,(anonymous_31)
FN:658,(anonymous_32)
FN:666,(anonymous_33)
FN:666,(anonymous_34)
FN:674,(anonymous_35)
FN:674,(anonymous_36)
FN:682,(anonymous_37)
FN:682,(anonymous_38)
FNF:39
FNH:9
FNDA:6,(anonymous_0)
FNDA:0,(anonymous_1)
FNDA:0,(anonymous_2)
FNDA:0,(anonymous_3)
FNDA:15,(anonymous_4)
FNDA:7,(anonymous_5)
FNDA:7,(anonymous_6)
FNDA:0,(anonymous_7)
FNDA:7,(anonymous_8)
FNDA:0,(anonymous_9)
FNDA:0,(anonymous_10)
FNDA:0,(anonymous_11)
FNDA:0,(anonymous_12)
FNDA:7,(anonymous_13)
FNDA:3,(anonymous_14)
FNDA:10,(anonymous_15)
FNDA:0,(anonymous_16)
FNDA:0,(anonymous_17)
FNDA:0,(anonymous_18)
FNDA:0,(anonymous_19)
FNDA:0,(anonymous_20)
FNDA:0,(anonymous_21)
FNDA:1,(anonymous_22)
FNDA:0,(anonymous_23)
FNDA:0,(anonymous_24)
FNDA:0,(anonymous_25)
FNDA:0,(anonymous_26)
FNDA:0,(anonymous_27)
FNDA:0,(anonymous_28)
FNDA:0,(anonymous_29)
FNDA:0,(anonymous_30)
FNDA:0,(anonymous_31)
FNDA:0,(anonymous_32)
FNDA:0,(anonymous_33)
FNDA:0,(anonymous_34)
FNDA:0,(anonymous_35)
FNDA:0,(anonymous_36)
FNDA:0,(anonymous_37)
FNDA:0,(anonymous_38)
DA:41,2
DA:42,6
DA:43,6
DA:44,6
DA:45,6
DA:48,2
DA:49,0
DA:50,0
DA:51,0
DA:54,2
DA:55,0
DA:56,0
DA:57,0
DA:58,0
DA:60,0
DA:64,2
DA:65,0
DA:70,2
DA:88,15
DA:89,15
DA:91,15
DA:92,7
DA:95,15
DA:96,7
DA:97,0
DA:98,0
DA:99,0
DA:101,7
DA:102,7
DA:105,15
DA:106,0
DA:109,15
DA:110,0
DA:112,15
DA:113,15
DA:114,15
DA:115,15
DA:116,15
DA:117,15
DA:125,15
DA:126,7
DA:127,3
DA:133,15
DA:134,10
DA:135,6
DA:136,6
DA:138,6
DA:139,6
DA:140,6
DA:141,6
DA:142,6
DA:143,4
DA:145,6
DA:148,6
DA:149,6
DA:152,6
DA:153,6
DA:156,6
DA:157,6
DA:160,6
DA:163,15
DA:165,11
DA:166,15
DA:167,15
DA:168,15
DA:169,15
DA:170,15
DA:171,15
DA:172,15
DA:173,15
DA:174,15
DA:175,15
DA:177,15
DA:183,15
DA:184,0
DA:185,0
DA:187,0
DA:188,0
DA:189,0
DA:190,0
DA:191,0
DA:192,0
DA:193,0
DA:194,0
DA:197,0
DA:200,15
DA:201,0
DA:202,0
DA:203,0
DA:205,0
DA:210,0
DA:211,0
DA:212,0
DA:213,0
DA:214,0
DA:219,0
DA:220,0
DA:221,0
DA:228,0
DA:229,0
DA:231,0
DA:232,0
DA:233,0
DA:235,0
DA:237,0
DA:239,0
DA:241,0
DA:245,15
DA:246,0
DA:247,0
DA:248,0
DA:251,0
DA:252,0
DA:253,0
DA:254,0
DA:255,0
DA:257,0
DA:258,0
DA:259,0
DA:260,0
DA:261,0
DA:266,0
DA:267,0
DA:274,0
DA:276,0
DA:277,0
DA:278,0
DA:279,0
DA:280,0
DA:281,0
DA:282,0
DA:284,0
DA:285,0
DA:286,0
DA:287,0
DA:288,0
DA:289,0
DA:290,0
DA:292,0
DA:294,0
DA:295,0
DA:299,0
DA:300,0
DA:302,0
DA:305,0
DA:306,0
DA:309,0
DA:313,15
DA:368,0
DA:371,1
DA:408,0
DA:409,0
DA:410,0
DA:435,0
DA:602,0
DA:621,0
DA:630,0
DA:635,0
DA:650,0
DA:658,0
DA:666,0
DA:674,0
DA:682,0
LF:163
LH:64
BRDA:42,0,0,6
BRDA:42,0,1,0
BRDA:43,1,0,0
BRDA:43,1,1,6
BRDA:44,2,0,0
BRDA:44,2,1,6
BRDA:49,3,0,0
BRDA:49,3,1,0
BRDA:51,4,0,0
BRDA:51,4,1,0
BRDA:51,4,2,0
BRDA:57,5,0,0
BRDA:57,5,1,0
BRDA:58,6,0,0
BRDA:58,6,1,0
BRDA:65,7,0,0
BRDA:65,7,1,0
BRDA:79,8,0,15
BRDA:80,9,0,15
BRDA:81,10,0,15
BRDA:84,11,0,15
BRDA:85,12,0,15
BRDA:86,13,0,15
BRDA:89,14,0,15
BRDA:89,14,1,4
BRDA:92,15,0,3
BRDA:92,15,1,4
BRDA:97,16,0,0
BRDA:97,16,1,0
BRDA:97,17,0,0
BRDA:97,17,1,0
BRDA:98,18,0,0
BRDA:98,18,1,0
BRDA:99,19,0,0
BRDA:99,19,1,0
BRDA:126,20,0,4
BRDA:126,20,1,3
BRDA:134,21,0,4
BRDA:134,21,1,6
BRDA:138,22,0,6
BRDA:138,22,1,0
BRDA:140,23,0,6
BRDA:140,23,1,0
BRDA:141,24,0,6
BRDA:141,24,1,0
BRDA:142,25,0,4
BRDA:142,25,1,2
BRDA:145,26,0,6
BRDA:145,26,1,0
BRDA:148,27,0,6
BRDA:148,27,1,0
BRDA:152,28,0,6
BRDA:152,28,1,0
BRDA:152,29,0,6
BRDA:152,29,1,6
BRDA:156,30,0,6
BRDA:156,30,1,0
BRDA:157,31,0,6
BRDA:157,31,1,6
BRDA:157,31,2,6
BRDA:163,32,0,4
BRDA:163,32,1,11
BRDA:165,33,0,11
BRDA:165,33,1,11
BRDA:168,34,0,11
BRDA:168,34,1,0
BRDA:169,35,0,15
BRDA:169,35,1,11
BRDA:170,36,0,0
BRDA:170,36,1,11
BRDA:173,37,0,15
BRDA:173,37,1,0
BRDA:174,38,0,0
BRDA:174,38,1,11
BRDA:175,39,0,0
BRDA:175,39,1,11
BRDA:177,40,0,0
BRDA:177,40,1,11
BRDA:179,41,0,0
BRDA:179,41,1,11
BRDA:190,42,0,0
BRDA:190,42,1,0
BRDA:193,43,0,0
BRDA:193,43,1,0
BRDA:194,44,0,0
BRDA:194,44,1,0
BRDA:203,45,0,0
BRDA:203,45,1,0
BRDA:205,46,0,0
BRDA:205,46,1,0
BRDA:205,46,2,0
BRDA:205,46,3,0
BRDA:210,47,0,0
BRDA:210,47,1,0
BRDA:213,48,0,0
BRDA:213,48,1,0
BRDA:213,49,0,0
BRDA:213,49,1,0
BRDA:231,50,0,0
BRDA:231,50,1,0
BRDA:231,51,0,0
BRDA:231,51,1,0
BRDA:246,52,0,0
BRDA:246,52,1,0
BRDA:254,53,0,0
BRDA:254,53,1,0
BRDA:255,54,0,0
BRDA:255,54,1,0
BRDA:257,55,0,0
BRDA:257,55,1,0
BRDA:257,56,0,0
BRDA:257,56,1,0
BRDA:260,57,0,0
BRDA:260,57,1,0
BRDA:260,58,0,0
BRDA:260,58,1,0
BRDA:280,59,0,0
BRDA:280,59,1,0
BRDA:299,60,0,0
BRDA:299,60,1,0
BRDA:305,61,0,0
BRDA:305,61,1,0
BRDA:325,62,0,15
BRDA:325,62,1,0
BRDA:325,62,2,0
BRDA:335,63,0,15
BRDA:335,63,1,8
BRDA:335,63,2,8
BRDA:345,64,0,15
BRDA:345,64,1,0
BRDA:345,64,2,0
BRDA:350,65,0,15
BRDA:350,65,1,0
BRDA:350,65,2,0
BRDA:374,66,0,15
BRDA:374,66,1,0
BRDA:374,66,2,0
BRDA:379,67,0,15
BRDA:379,67,1,0
BRDA:389,68,0,0
BRDA:389,68,1,11
BRDA:409,69,0,0
BRDA:409,69,1,0
BRDA:409,70,0,0
BRDA:409,70,1,0
BRDA:417,71,0,0
BRDA:417,71,1,0
BRDA:438,72,0,0
BRDA:438,72,1,0
BRDA:459,73,0,15
BRDA:459,73,1,0
BRDA:465,74,0,15
BRDA:465,74,1,0
BRDA:470,75,0,0
BRDA:470,75,1,11
BRDA:471,76,0,0
BRDA:471,76,1,11
BRDA:475,77,0,15
BRDA:475,77,1,0
BRDA:475,77,2,0
BRDA:477,78,0,0
BRDA:477,78,1,0
BRDA:487,79,0,0
BRDA:487,79,1,0
BRDA:503,80,0,0
BRDA:503,80,1,0
BRDA:503,81,0,0
BRDA:503,81,1,0
BRDA:508,82,0,0
BRDA:508,82,1,0
BRDA:511,83,0,0
BRDA:511,83,1,0
BRDA:522,84,0,15
BRDA:522,84,1,0
BRDA:528,85,0,15
BRDA:528,85,1,0
BRDA:542,86,0,8
BRDA:542,86,1,3
BRDA:577,87,0,11
BRDA:577,87,1,0
BRDA:589,88,0,15
BRDA:589,88,1,11
BRDA:589,88,2,11
BRDA:596,89,0,11
BRDA:596,89,1,0
BRDA:597,90,0,15
BRDA:597,90,1,0
BRF:187
BRH:68
end_of_record
TN:
SF:components/StockFormModal.tsx
FN:65,(anonymous_0)
FN:77,(anonymous_1)
FN:80,(anonymous_2)
FN:100,(anonymous_3)
FN:179,(anonymous_4)
FN:195,(anonymous_5)
FN:213,(anonymous_6)
FN:214,(anonymous_7)
FN:234,(anonymous_8)
FN:238,(anonymous_9)
FN:239,(anonymous_10)
FN:244,(anonymous_11)
FN:250,(anonymous_12)
FN:251,(anonymous_13)
FN:256,(anonymous_14)
FN:266,(anonymous_15)
FN:267,(anonymous_16)
FN:269,(anonymous_17)
FN:271,(anonymous_18)
FN:272,(anonymous_19)
FN:281,(anonymous_20)
FN:282,(anonymous_21)
FN:283,(anonymous_22)
FN:288,(anonymous_23)
FN:304,(anonymous_24)
FN:307,(anonymous_25)
FN:311,(anonymous_26)
FN:316,(anonymous_27)
FN:323,(anonymous_28)
FN:339,(anonymous_29)
FN:344,(anonymous_30)
FN:393,(anonymous_31)
FN:400,(anonymous_32)
FN:411,(anonymous_33)
FN:414,(anonymous_34)
FN:421,(anonymous_35)
FN:424,(anonymous_36)
FN:425,(anonymous_37)
FN:434,(anonymous_38)
FN:435,(anonymous_39)
FN:437,(anonymous_40)
FN:440,(anonymous_41)
FN:506,(anonymous_42)
FN:507,(anonymous_43)
FN:512,(anonymous_44)
FN:517,(anonymous_45)
FN:518,(anonymous_46)
FN:530,(anonymous_47)
FN:531,(anonymous_48)
FN:541,(anonymous_49)
FN:542,(anonymous_50)
FN:542,(anonymous_51)
FN:545,(anonymous_52)
FN:546,(anonymous_53)
FN:547,(anonymous_54)
FN:555,(anonymous_55)
FN:556,(anonymous_56)
FN:559,(anonymous_57)
FN:562,(anonymous_58)
FN:573,(anonymous_59)
FN:575,(anonymous_60)
FN:576,(anonymous_61)
FN:611,(anonymous_62)
FN:615,(anonymous_63)
FN:625,(anonymous_64)
FN:628,(anonymous_65)
FN:647,(anonymous_66)
FN:698,(anonymous_67)
FN:717,(anonymous_68)
FN:773,(anonymous_69)
FN:774,(anonymous_70)
FN:776,(anonymous_71)
FN:801,(anonymous_72)
FN:821,(anonymous_73)
FN:831,(anonymous_74)
FN:847,(anonymous_75)
FN:859,(anonymous_76)
FN:869,(anonymous_77)
FN:905,(anonymous_78)
FN:907,(anonymous_79)
FN:917,(anonymous_80)
FN:921,(anonymous_81)
FN:931,(anonymous_82)
FN:954,(anonymous_83)
FN:963,(anonymous_84)
FN:980,(anonymous_85)
FN:998,(anonymous_86)
FN:1000,(anonymous_87)
FN:1012,(anonymous_88)
FN:1040,(anonymous_89)
FN:1051,(anonymous_90)
FN:1066,(anonymous_91)
FN:1098,(anonymous_92)
FN:1101,(anonymous_93)
FN:1119,(anonymous_94)
FN:1122,(anonymous_95)
FN:1145,(anonymous_96)
FN:1146,(anonymous_97)
FN:1159,(anonymous_98)
FN:1162,(anonymous_99)
FN:1184,(anonymous_100)
FN:1187,(anonymous_101)
FN:1210,(anonymous_102)
FN:1235,(anonymous_103)
FN:1239,(anonymous_104)
FN:1262,(anonymous_105)
FN:1269,(anonymous_106)
FN:1318,(anonymous_107)
FN:1329,(anonymous_108)
FN:1346,(anonymous_109)
FN:1369,(anonymous_110)
FN:1379,(anonymous_111)
FN:1397,(anonymous_112)
FN:1424,(anonymous_113)
FN:1432,(anonymous_114)
FN:1440,(anonymous_115)
FN:1449,(anonymous_116)
FN:1463,(anonymous_117)
FN:1479,(anonymous_118)
FN:1491,(anonymous_119)
FN:1503,(anonymous_120)
FN:1511,(anonymous_121)
FN:1519,(anonymous_122)
FN:1528,(anonymous_123)
FN:1540,(anonymous_124)
FN:1600,(anonymous_125)
FN:1611,(anonymous_126)
FN:1630,(anonymous_127)
FN:1637,(anonymous_128)
FN:1653,(anonymous_129)
FN:1657,(anonymous_130)
FN:1658,(anonymous_131)
FN:1671,(anonymous_132)
FN:1684,(anonymous_133)
FN:1690,(anonymous_134)
FN:1690,(anonymous_135)
FN:1692,(anonymous_136)
FN:1710,(anonymous_137)
FN:1711,(anonymous_138)
FN:1720,(anonymous_139)
FN:1723,(anonymous_140)
FN:1748,(anonymous_141)
FN:1757,(anonymous_142)
FN:1762,(anonymous_143)
FN:1769,(anonymous_144)
FN:1792,(anonymous_145)
FN:1792,(anonymous_146)
FN:1794,(anonymous_147)
FN:1805,(anonymous_148)
FN:1805,(anonymous_149)
FN:1815,(anonymous_150)
FN:1815,(anonymous_151)
FN:1824,(anonymous_152)
FN:1831,(anonymous_153)
FN:1846,(anonymous_154)
FN:1859,(anonymous_155)
FN:1876,(anonymous_156)
FN:1894,(anonymous_157)
FN:1903,(anonymous_158)
FN:1914,(anonymous_159)
FNF:160
FNH:60
FNDA:6,(anonymous_0)
FNDA:1,(anonymous_1)
FNDA:2,(anonymous_2)
FNDA:41,(anonymous_3)
FNDA:6,(anonymous_4)
FNDA:6,(anonymous_5)
FNDA:8,(anonymous_6)
FNDA:8,(anonymous_7)
FNDA:6,(anonymous_8)
FNDA:0,(anonymous_9)
FNDA:0,(anonymous_10)
FNDA:11,(anonymous_11)
FNDA:0,(anonymous_12)
FNDA:0,(anonymous_13)
FNDA:1,(anonymous_14)
FNDA:6,(anonymous_15)
FNDA:6,(anonymous_16)
FNDA:5,(anonymous_17)
FNDA:4,(anonymous_18)
FNDA:1,(anonymous_19)
FNDA:8,(anonymous_20)
FNDA:8,(anonymous_21)
FNDA:0,(anonymous_22)
FNDA:0,(anonymous_23)
FNDA:0,(anonymous_24)
FNDA:0,(anonymous_25)
FNDA:0,(anonymous_26)
FNDA:0,(anonymous_27)
FNDA:0,(anonymous_28)
FNDA:2,(anonymous_29)
FNDA:6,(anonymous_30)
FNDA:6,(anonymous_31)
FNDA:39,(anonymous_32)
FNDA:0,(anonymous_33)
FNDA:0,(anonymous_34)
FNDA:0,(anonymous_35)
FNDA:0,(anonymous_36)
FNDA:0,(anonymous_37)
FNDA:30,(anonymous_38)
FNDA:7,(anonymous_39)
FNDA:7,(anonymous_40)
FNDA:2,(anonymous_41)
FNDA:0,(anonymous_42)
FNDA:0,(anonymous_43)
FNDA:0,(anonymous_44)
FNDA:0,(anonymous_45)
FNDA:0,(anonymous_46)
FNDA:0,(anonymous_47)
FNDA:0,(anonymous_48)
FNDA:0,(anonymous_49)
FNDA:0,(anonymous_50)
FNDA:0,(anonymous_51)
FNDA:0,(anonymous_52)
FNDA:0,(anonymous_53)
FNDA:0,(anonymous_54)
FNDA:0,(anonymous_55)
FNDA:0,(anonymous_56)
FNDA:2,(anonymous_57)
FNDA:2,(anonymous_58)
FNDA:2,(anonymous_59)
FNDA:2,(anonymous_60)
FNDA:2,(anonymous_61)
FNDA:2,(anonymous_62)
FNDA:2,(anonymous_63)
FNDA:2,(anonymous_64)
FNDA:1,(anonymous_65)
FNDA:3,(anonymous_66)
FNDA:2,(anonymous_67)
FNDA:2,(anonymous_68)
FNDA:2,(anonymous_69)
FNDA:0,(anonymous_70)
FNDA:2,(anonymous_71)
FNDA:0,(anonymous_72)
FNDA:0,(anonymous_73)
FNDA:0,(anonymous_74)
FNDA:0,(anonymous_75)
FNDA:0,(anonymous_76)
FNDA:0,(anonymous_77)
FNDA:0,(anonymous_78)
FNDA:0,(anonymous_79)
FNDA:0,(anonymous_80)
FNDA:0,(anonymous_81)
FNDA:0,(anonymous_82)
FNDA:0,(anonymous_83)
FNDA:0,(anonymous_84)
FNDA:0,(anonymous_85)
FNDA:123,(anonymous_86)
FNDA:0,(anonymous_87)
FNDA:1,(anonymous_88)
FNDA:1,(anonymous_89)
FNDA:0,(anonymous_90)
FNDA:9,(anonymous_91)
FNDA:75,(anonymous_92)
FNDA:0,(anonymous_93)
FNDA:0,(anonymous_94)
FNDA:15,(anonymous_95)
FNDA:1,(anonymous_96)
FNDA:465,(anonymous_97)
FNDA:35,(anonymous_98)
FNDA:0,(anonymous_99)
FNDA:90,(anonymous_100)
FNDA:0,(anonymous_101)
FNDA:0,(anonymous_102)
FNDA:45,(anonymous_103)
FNDA:0,(anonymous_104)
FNDA:22,(anonymous_105)
FNDA:1,(anonymous_106)
FNDA:0,(anonymous_107)
FNDA:0,(anonymous_108)
FNDA:1,(anonymous_109)
FNDA:0,(anonymous_110)
FNDA:0,(anonymous_111)
FNDA:5,(anonymous_112)
FNDA:0,(anonymous_113)
FNDA:0,(anonymous_114)
FNDA:0,(anonymous_115)
FNDA:0,(anonymous_116)
FNDA:1,(anonymous_117)
FNDA:0,(anonymous_118)
FNDA:1,(anonymous_119)
FNDA:0,(anonymous_120)
FNDA:0,(anonymous_121)
FNDA:0,(anonymous_122)
FNDA:0,(anonymous_123)
FNDA:0,(anonymous_124)
FNDA:0,(anonymous_125)
FNDA:0,(anonymous_126)
FNDA:0,(anonymous_127)
FNDA:0,(anonymous_128)
FNDA:0,(anonymous_129)
FNDA:0,(anonymous_130)
FNDA:0,(anonymous_131)
FNDA:0,(anonymous_132)
FNDA:0,(anonymous_133)
FNDA:0,(anonymous_134)
FNDA:0,(anonymous_135)
FNDA:0,(anonymous_136)
FNDA:0,(anonymous_137)
FNDA:0,(anonymous_138)
FNDA:8,(anonymous_139)
FNDA:0,(anonymous_140)
FNDA:0,(anonymous_141)
FNDA:2,(anonymous_142)
FNDA:0,(anonymous_143)
FNDA:0,(anonymous_144)
FNDA:0,(anonymous_145)
FNDA:0,(anonymous_146)
FNDA:205,(anonymous_147)
FNDA:0,(anonymous_148)
FNDA:0,(anonymous_149)
FNDA:0,(anonymous_150)
FNDA:0,(anonymous_151)
FNDA:0,(anonymous_152)
FNDA:0,(anonymous_153)
FNDA:0,(anonymous_154)
FNDA:0,(anonymous_155)
FNDA:0,(anonymous_156)
FNDA:0,(anonymous_157)
FNDA:0,(anonymous_158)
FNDA:0,(anonymous_159)
DA:45,1
DA:46,1
DA:48,1
DA:56,1
DA:65,1
DA:66,6
DA:68,6
DA:69,6
DA:70,6
DA:72,6
DA:73,6
DA:74,6
DA:77,1
DA:78,1
DA:80,1
DA:81,2
DA:82,2
DA:83,2
DA:84,2
DA:87,0
DA:88,2
DA:98,1
DA:100,1
DA:120,41
DA:121,41
DA:123,41
DA:126,41
DA:149,41
DA:152,41
DA:153,41
DA:154,41
DA:155,41
DA:156,41
DA:157,41
DA:159,41
DA:160,41
DA:161,41
DA:162,41
DA:163,41
DA:164,41
DA:165,41
DA:166,41
DA:167,41
DA:168,41
DA:169,41
DA:170,41
DA:176,41
DA:177,41
DA:178,41
DA:179,41
DA:180,41
DA:181,41
DA:182,41
DA:183,41
DA:184,41
DA:185,41
DA:186,41
DA:187,41
DA:188,41
DA:190,41
DA:195,41
DA:196,6
DA:198,6
DA:200,0
DA:202,0
DA:204,0
DA:207,41
DA:208,41
DA:213,41
DA:214,41
DA:215,41
DA:216,41
DA:217,41
DA:218,41
DA:219,41
DA:221,41
DA:230,41
DA:231,41
DA:232,41
DA:233,41
DA:234,41
DA:235,6
DA:236,6
DA:237,6
DA:238,0
DA:239,0
DA:241,6
DA:244,41
DA:245,11
DA:246,5
DA:248,11
DA:249,11
DA:250,0
DA:251,0
DA:253,11
DA:256,41
DA:257,1
DA:258,1
DA:259,1
DA:265,41
DA:267,6
DA:268,6
DA:269,6
DA:270,6
DA:271,4
DA:273,1
DA:275,6
DA:281,41
DA:282,8
DA:283,8
DA:284,8
DA:288,41
DA:289,0
DA:290,0
DA:292,0
DA:293,0
DA:294,0
DA:295,0
DA:301,0
DA:304,41
DA:307,0
DA:308,0
DA:311,0
DA:312,0
DA:316,41
DA:317,0
DA:318,0
DA:319,0
DA:320,0
DA:323,41
DA:324,0
DA:325,0
DA:326,0
DA:327,0
DA:329,0
DA:330,0
DA:331,0
DA:332,0
DA:335,0
DA:336,0
DA:339,41
DA:340,2
DA:341,1
DA:344,41
DA:345,6
DA:346,6
DA:347,6
DA:348,6
DA:349,6
DA:350,6
DA:351,6
DA:352,6
DA:353,6
DA:354,6
DA:356,6
DA:357,4
DA:362,4
DA:363,4
DA:364,4
DA:365,4
DA:368,2
DA:369,6
DA:370,0
DA:378,0
DA:379,0
DA:380,0
DA:382,2
DA:386,2
DA:387,2
DA:388,2
DA:393,41
DA:394,6
DA:395,0
DA:396,0
DA:400,41
DA:401,39
DA:403,5
DA:411,41
DA:412,0
DA:413,0
DA:414,0
DA:415,0
DA:418,0
DA:419,0
DA:421,0
DA:424,41
DA:425,0
DA:426,0
DA:427,0
DA:429,0
DA:434,41
DA:435,30
DA:436,7
DA:437,7
DA:440,41
DA:441,2
DA:442,2
DA:443,2
DA:445,2
DA:446,2
DA:447,2
DA:449,2
DA:478,2
DA:479,2
DA:480,1
DA:481,1
DA:482,1
DA:483,0
DA:484,0
DA:486,0
DA:488,1
DA:489,1
DA:492,2
DA:493,2
DA:494,2
DA:495,2
DA:496,2
DA:497,2
DA:499,0
DA:501,2
DA:502,2
DA:506,41
DA:507,0
DA:508,0
DA:509,0
DA:510,0
DA:512,0
DA:517,41
DA:518,0
DA:519,0
DA:520,0
DA:521,0
DA:522,0
DA:523,0
DA:530,41
DA:531,0
DA:532,0
DA:533,0
DA:534,0
DA:541,41
DA:542,0
DA:545,41
DA:546,0
DA:547,0
DA:548,0
DA:549,0
DA:550,0
DA:551,0
DA:555,41
DA:556,0
DA:559,41
DA:560,2
DA:561,2
DA:562,2
DA:565,2
DA:566,0
DA:567,0
DA:569,0
DA:572,2
DA:573,2
DA:575,2
DA:576,2
DA:577,2
DA:587,2
DA:588,2
DA:590,2
DA:591,2
DA:595,2
DA:596,2
DA:597,1
DA:603,1
DA:611,2
DA:613,2
DA:616,2
DA:620,2
DA:625,2
DA:627,2
DA:628,1
DA:632,1
DA:635,2
DA:636,1
DA:641,2
DA:643,2
DA:647,41
DA:648,3
DA:650,3
DA:656,3
DA:657,0
DA:658,0
DA:659,0
DA:663,3
DA:664,0
DA:665,0
DA:666,0
DA:668,3
DA:669,0
DA:670,0
DA:671,0
DA:673,3
DA:674,0
DA:675,0
DA:676,0
DA:679,3
DA:680,1
DA:681,1
DA:682,1
DA:683,1
DA:684,1
DA:689,2
DA:690,0
DA:691,2
DA:692,0
DA:694,2
DA:698,41
DA:702,2
DA:703,2
DA:705,2
DA:706,0
DA:707,0
DA:709,0
DA:710,0
DA:713,2
DA:714,2
DA:715,2
DA:717,2
DA:718,2
DA:719,2
DA:721,2
DA:722,0
DA:723,0
DA:726,2
DA:727,0
DA:728,0
DA:731,2
DA:734,2
DA:735,0
DA:741,2
DA:742,0
DA:748,2
DA:749,0
DA:750,0
DA:753,2
DA:760,2
DA:761,0
DA:762,0
DA:763,0
DA:764,0
DA:767,2
DA:768,0
DA:773,2
DA:774,2
DA:775,2
DA:776,2
DA:785,2
DA:788,2
DA:789,0
DA:790,0
DA:791,0
DA:793,0
DA:794,0
DA:798,2
DA:801,41
DA:802,0
DA:804,0
DA:805,0
DA:807,0
DA:814,0
DA:815,0
DA:816,0
DA:817,0
DA:818,0
DA:821,0
DA:822,0
DA:823,0
DA:824,0
DA:825,0
DA:827,0
DA:831,41
DA:832,0
DA:833,0
DA:834,0
DA:836,0
DA:837,0
DA:838,0
DA:841,0
DA:842,0
DA:843,0
DA:844,0
DA:847,0
DA:848,0
DA:849,0
DA:850,0
DA:852,0
DA:853,0
DA:854,0
DA:857,0
DA:858,0
DA:859,0
DA:860,0
DA:861,0
DA:862,0
DA:863,0
DA:865,0
DA:869,41
DA:870,0
DA:871,0
DA:872,0
DA:873,0
DA:875,0
DA:876,0
DA:877,0
DA:880,0
DA:881,0
DA:882,0
DA:890,0
DA:891,0
DA:892,0
DA:893,0
DA:894,0
DA:897,0
DA:898,0
DA:899,0
DA:900,0
DA:903,0
DA:905,0
DA:907,0
DA:910,0
DA:911,0
DA:914,0
DA:915,0
DA:916,0
DA:917,0
DA:920,0
DA:921,0
DA:928,0
DA:930,0
DA:931,0
DA:934,0
DA:935,0
DA:938,0
DA:939,0
DA:940,0
DA:942,0
DA:943,0
DA:944,0
DA:945,0
DA:947,0
DA:950,0
DA:954,41
DA:955,0
DA:960,0
DA:963,41
DA:964,0
DA:965,0
DA:967,0
DA:968,0
DA:969,0
DA:972,0
DA:973,0
DA:974,0
DA:980,0
DA:987,0
DA:988,0
DA:990,0
DA:992,0
DA:998,41
DA:999,123
DA:1000,0
DA:1012,41
DA:1013,1
DA:1015,1
DA:1019,1
DA:1021,1
DA:1022,1
DA:1024,0
DA:1028,41
DA:1041,1
DA:1052,0
DA:1066,9
DA:1099,75
DA:1101,0
DA:1119,0
DA:1123,15
DA:1145,1
DA:1146,465
DA:1160,35
DA:1162,0
DA:1185,90
DA:1187,0
DA:1210,0
DA:1236,45
DA:1239,0
DA:1263,22
DA:1269,1
DA:1318,0
DA:1329,0
DA:1346,1
DA:1370,0
DA:1371,0
DA:1379,0
DA:1398,5
DA:1424,0
DA:1432,0
DA:1440,0
DA:1449,0
DA:1463,1
DA:1479,0
DA:1492,1
DA:1503,0
DA:1511,0
DA:1519,0
DA:1528,0
DA:1540,0
DA:1601,0
DA:1602,0
DA:1612,0
DA:1613,0
DA:1630,0
DA:1637,0
DA:1653,0
DA:1657,0
DA:1659,0
DA:1671,0
DA:1685,0
DA:1690,0
DA:1692,0
DA:1710,0
DA:1711,0
DA:1721,8
DA:1723,0
DA:1748,0
DA:1757,2
DA:1762,0
DA:1769,0
DA:1792,0
DA:1795,205
DA:1805,0
DA:1815,0
DA:1824,0
DA:1831,0
DA:1846,0
DA:1859,0
DA:1877,0
DA:1878,0
DA:1894,0
DA:1903,0
DA:1914,0
LF:547
LH:277
BRDA:66,0,0,0
BRDA:66,0,1,6
BRDA:70,1,0,6
BRDA:70,1,1,6
BRDA:70,1,2,0
BRDA:72,2,0,0
BRDA:72,2,1,6
BRDA:73,3,0,0
BRDA:73,3,1,6
BRDA:81,4,0,2
BRDA:81,4,1,0
BRDA:82,5,0,2
BRDA:82,5,1,0
BRDA:83,6,0,0
BRDA:83,6,1,2
BRDA:87,7,0,0
BRDA:87,7,1,0
BRDA:88,8,0,2
BRDA:88,8,1,0
BRDA:131,9,0,41
BRDA:131,9,1,0
BRDA:182,10,0,41
BRDA:182,10,1,0
BRDA:183,11,0,41
BRDA:183,11,1,0
BRDA:184,12,0,41
BRDA:184,12,1,23
BRDA:186,13,0,41
BRDA:186,13,1,18
BRDA:187,14,0,41
BRDA:187,14,1,0
BRDA:188,15,0,41
BRDA:188,15,1,41
BRDA:188,15,2,18
BRDA:190,16,0,41
BRDA:190,16,1,41
BRDA:196,17,0,6
BRDA:196,17,1,0
BRDA:196,17,2,0
BRDA:196,17,3,0
BRDA:208,18,0,41
BRDA:208,18,1,0
BRDA:209,19,0,41
BRDA:209,19,1,0
BRDA:221,20,0,0
BRDA:221,20,1,41
BRDA:223,21,0,0
BRDA:223,21,1,41
BRDA:225,22,0,0
BRDA:225,22,1,41
BRDA:231,23,0,41
BRDA:231,23,1,39
BRDA:232,24,0,41
BRDA:232,24,1,0
BRDA:233,25,0,41
BRDA:233,25,1,22
BRDA:233,25,2,22
BRDA:235,26,0,6
BRDA:235,26,1,0
BRDA:236,27,0,6
BRDA:236,27,1,0
BRDA:245,28,0,6
BRDA:245,28,1,5
BRDA:246,29,0,5
BRDA:246,29,1,0
BRDA:248,30,0,11
BRDA:248,30,1,0
BRDA:250,31,0,0
BRDA:250,31,1,0
BRDA:250,31,2,0
BRDA:257,32,0,0
BRDA:257,32,1,1
BRDA:257,33,0,1
BRDA:257,33,1,1
BRDA:290,34,0,0
BRDA:290,34,1,0
BRDA:292,35,0,0
BRDA:292,35,1,0
BRDA:317,36,0,0
BRDA:317,36,1,0
BRDA:317,37,0,0
BRDA:317,37,1,0
BRDA:327,38,0,0
BRDA:327,38,1,0
BRDA:327,39,0,0
BRDA:327,39,1,0
BRDA:327,39,2,0
BRDA:329,40,0,0
BRDA:329,40,1,0
BRDA:340,41,0,1
BRDA:340,41,1,1
BRDA:345,42,0,6
BRDA:345,42,1,0
BRDA:356,43,0,4
BRDA:356,43,1,2
BRDA:360,44,0,4
BRDA:360,44,1,0
BRDA:360,44,2,0
BRDA:368,45,0,1
BRDA:368,45,1,1
BRDA:369,46,0,0
BRDA:369,46,1,2
BRDA:374,47,0,0
BRDA:374,47,1,0
BRDA:374,47,2,0
BRDA:376,48,0,0
BRDA:376,48,1,0
BRDA:384,49,0,2
BRDA:384,49,1,0
BRDA:394,50,0,0
BRDA:394,50,1,6
BRDA:401,51,0,34
BRDA:401,51,1,5
BRDA:401,52,0,39
BRDA:401,52,1,39
BRDA:401,52,2,18
BRDA:413,53,0,0
BRDA:413,53,1,0
BRDA:419,54,0,0
BRDA:419,54,1,0
BRDA:426,55,0,0
BRDA:426,55,1,0
BRDA:426,56,0,0
BRDA:426,56,1,0
BRDA:441,57,0,0
BRDA:441,57,1,2
BRDA:445,58,0,2
BRDA:445,58,1,1
BRDA:446,59,0,2
BRDA:446,59,1,0
BRDA:447,60,0,2
BRDA:447,60,1,0
BRDA:447,60,2,0
BRDA:450,61,0,2
BRDA:450,61,1,1
BRDA:451,62,0,2
BRDA:451,62,1,0
BRDA:453,63,0,2
BRDA:453,63,1,1
BRDA:454,64,0,2
BRDA:454,64,1,0
BRDA:455,65,0,2
BRDA:455,65,1,0
BRDA:455,66,0,2
BRDA:455,66,1,0
BRDA:456,67,0,2
BRDA:456,67,1,1
BRDA:457,68,0,2
BRDA:457,68,1,0
BRDA:458,69,0,2
BRDA:458,69,1,2
BRDA:458,69,2,0
BRDA:461,70,0,1
BRDA:461,70,1,1
BRDA:462,71,0,1
BRDA:462,71,1,0
BRDA:464,72,0,2
BRDA:464,72,1,0
BRDA:464,73,0,0
BRDA:464,73,1,0
BRDA:467,74,0,2
BRDA:467,74,1,2
BRDA:468,75,0,2
BRDA:468,75,1,0
BRDA:470,76,0,2
BRDA:470,76,1,2
BRDA:473,77,0,2
BRDA:473,77,1,0
BRDA:474,78,0,2
BRDA:474,78,1,0
BRDA:475,79,0,2
BRDA:475,79,1,1
BRDA:479,80,0,1
BRDA:479,80,1,1
BRDA:479,81,0,2
BRDA:479,81,1,1
BRDA:482,82,0,0
BRDA:482,82,1,1
BRDA:483,83,0,0
BRDA:483,83,1,0
BRDA:496,84,0,2
BRDA:496,84,1,0
BRDA:499,85,0,0
BRDA:499,85,1,0
BRDA:508,86,0,0
BRDA:508,86,1,0
BRDA:509,87,0,0
BRDA:509,87,1,0
BRDA:509,88,0,0
BRDA:509,88,1,0
BRDA:519,89,0,0
BRDA:519,89,1,0
BRDA:521,90,0,0
BRDA:521,90,1,0
BRDA:521,91,0,0
BRDA:521,91,1,0
BRDA:522,92,0,0
BRDA:522,92,1,0
BRDA:522,93,0,0
BRDA:522,93,1,0
BRDA:532,94,0,0
BRDA:532,94,1,0
BRDA:533,95,0,0
BRDA:533,95,1,0
BRDA:533,96,0,0
BRDA:533,96,1,0
BRDA:548,97,0,0
BRDA:548,97,1,0
BRDA:550,98,0,0
BRDA:550,98,1,0
BRDA:550,99,0,0
BRDA:550,99,1,0
BRDA:562,100,0,2
BRDA:562,100,1,0
BRDA:565,101,0,0
BRDA:565,101,1,2
BRDA:566,102,0,0
BRDA:566,102,1,0
BRDA:577,103,0,2
BRDA:577,103,1,0
BRDA:606,104,0,1
BRDA:606,104,1,0
BRDA:613,105,0,2
BRDA:613,105,1,0
BRDA:616,106,0,2
BRDA:616,106,1,1
BRDA:627,107,0,1
BRDA:627,107,1,1
BRDA:630,108,0,1
BRDA:630,108,1,0
BRDA:635,109,0,1
BRDA:635,109,1,1
BRDA:648,110,0,0
BRDA:648,110,1,3
BRDA:656,111,0,0
BRDA:656,111,1,3
BRDA:663,112,0,0
BRDA:663,112,1,3
BRDA:668,113,0,0
BRDA:668,113,1,3
BRDA:668,114,0,3
BRDA:668,114,1,3
BRDA:673,115,0,0
BRDA:673,115,1,3
BRDA:679,116,0,1
BRDA:679,116,1,2
BRDA:679,117,0,3
BRDA:679,117,1,2
BRDA:682,118,0,1
BRDA:682,118,1,0
BRDA:689,119,0,0
BRDA:689,119,1,2
BRDA:691,120,0,0
BRDA:691,120,1,2
BRDA:691,121,0,2
BRDA:691,121,1,1
BRDA:702,122,0,2
BRDA:702,122,1,0
BRDA:705,123,0,0
BRDA:705,123,1,2
BRDA:706,124,0,0
BRDA:706,124,1,0
BRDA:718,125,0,2
BRDA:718,125,1,0
BRDA:721,126,0,0
BRDA:721,126,1,2
BRDA:726,127,0,0
BRDA:726,127,1,2
BRDA:734,128,0,0
BRDA:734,128,1,2
BRDA:741,129,0,0
BRDA:741,129,1,2
BRDA:748,130,0,0
BRDA:748,130,1,2
BRDA:760,131,0,0
BRDA:760,131,1,2
BRDA:767,132,0,0
BRDA:767,132,1,2
BRDA:775,133,0,2
BRDA:775,133,1,2
BRDA:783,134,0,2
BRDA:783,134,1,2
BRDA:783,134,2,2
BRDA:788,135,0,0
BRDA:788,135,1,2
BRDA:788,136,0,2
BRDA:788,136,1,0
BRDA:788,136,2,0
BRDA:790,137,0,0
BRDA:790,137,1,0
BRDA:802,138,0,0
BRDA:802,138,1,0
BRDA:802,139,0,0
BRDA:802,139,1,0
BRDA:805,140,0,0
BRDA:805,140,1,0
BRDA:805,141,0,0
BRDA:805,141,1,0
BRDA:815,142,0,0
BRDA:815,142,1,0
BRDA:815,143,0,0
BRDA:815,143,1,0
BRDA:817,144,0,0
BRDA:817,144,1,0
BRDA:821,145,0,0
BRDA:821,145,1,0
BRDA:827,146,0,0
BRDA:827,146,1,0
BRDA:832,147,0,0
BRDA:832,147,1,0
BRDA:832,148,0,0
BRDA:832,148,1,0
BRDA:836,149,0,0
BRDA:836,149,1,0
BRDA:842,150,0,0
BRDA:842,150,1,0
BRDA:842,151,0,0
BRDA:842,151,1,0
BRDA:848,152,0,0
BRDA:848,152,1,0
BRDA:852,153,0,0
BRDA:852,153,1,0
BRDA:859,154,0,0
BRDA:859,154,1,0
BRDA:865,155,0,0
BRDA:865,155,1,0
BRDA:870,156,0,0
BRDA:870,156,1,0
BRDA:872,157,0,0
BRDA:872,157,1,0
BRDA:873,158,0,0
BRDA:873,158,1,0
BRDA:875,159,0,0
BRDA:875,159,1,0
BRDA:875,160,0,0
BRDA:875,160,1,0
BRDA:875,160,2,0
BRDA:890,161,0,0
BRDA:890,161,1,0
BRDA:890,162,0,0
BRDA:890,162,1,0
BRDA:892,163,0,0
BRDA:892,163,1,0
BRDA:893,164,0,0
BRDA:893,164,1,0
BRDA:898,165,0,0
BRDA:898,165,1,0
BRDA:898,166,0,0
BRDA:898,166,1,0
BRDA:899,167,0,0
BRDA:899,167,1,0
BRDA:911,168,0,0
BRDA:911,168,1,0
BRDA:915,169,0,0
BRDA:915,169,1,0
BRDA:916,170,0,0
BRDA:916,170,1,0
BRDA:920,171,0,0
BRDA:920,171,1,0
BRDA:925,172,0,0
BRDA:925,172,1,0
BRDA:926,173,0,0
BRDA:926,173,1,0
BRDA:928,174,0,0
BRDA:928,174,1,0
BRDA:931,175,0,0
BRDA:931,175,1,0
BRDA:934,176,0,0
BRDA:934,176,1,0
BRDA:940,177,0,0
BRDA:940,177,1,0
BRDA:942,178,0,0
BRDA:942,178,1,0
BRDA:942,179,0,0
BRDA:942,179,1,0
BRDA:944,180,0,0
BRDA:944,180,1,0
BRDA:956,181,0,0
BRDA:956,181,1,0
BRDA:967,182,0,0
BRDA:967,182,1,0
BRDA:984,183,0,0
BRDA:984,183,1,0
BRDA:984,183,2,0
BRDA:990,184,0,0
BRDA:990,184,1,0
BRDA:1002,185,0,41
BRDA:1002,185,1,82
BRDA:1013,186,0,0
BRDA:1013,186,1,1
BRDA:1016,187,0,1
BRDA:1016,187,1,0
BRDA:1019,188,0,0
BRDA:1019,188,1,1
BRDA:1024,189,0,0
BRDA:1024,189,1,0
BRDA:1032,190,0,22
BRDA:1032,190,1,19
BRDA:1037,191,0,41
BRDA:1037,191,1,22
BRDA:1037,191,2,2
BRDA:1048,192,0,41
BRDA:1048,192,1,22
BRDA:1048,192,2,0
BRDA:1064,193,0,26
BRDA:1064,193,1,15
BRDA:1066,194,0,5
BRDA:1066,194,1,4
BRDA:1075,195,0,2
BRDA:1075,195,1,13
BRDA:1077,196,0,0
BRDA:1077,196,1,15
BRDA:1077,197,0,2
BRDA:1077,197,1,13
BRDA:1077,198,0,3
BRDA:1077,198,1,10
BRDA:1093,199,0,41
BRDA:1093,199,1,15
BRDA:1103,200,0,15
BRDA:1103,200,1,60
BRDA:1118,201,0,15
BRDA:1118,201,1,0
BRDA:1144,202,0,15
BRDA:1144,202,1,8
BRDA:1153,203,0,8
BRDA:1153,203,1,7
BRDA:1164,204,0,6
BRDA:1164,204,1,29
BRDA:1172,205,0,7
BRDA:1172,205,1,0
BRDA:1180,206,0,15
BRDA:1180,206,1,15
BRDA:1189,207,0,15
BRDA:1189,207,1,75
BRDA:1215,208,0,15
BRDA:1215,208,1,15
BRDA:1218,209,0,6
BRDA:1218,209,1,9
BRDA:1223,210,0,0
BRDA:1223,210,1,15
BRDA:1231,211,0,15
BRDA:1231,211,1,15
BRDA:1241,212,0,15
BRDA:1241,212,1,30
BRDA:1246,213,0,15
BRDA:1246,213,1,30
BRDA:1246,214,0,15
BRDA:1246,214,1,15
BRDA:1246,215,0,15
BRDA:1246,215,1,0
BRDA:1257,216,0,41
BRDA:1257,216,1,11
BRDA:1274,217,0,11
BRDA:1274,217,1,11
BRDA:1282,218,0,11
BRDA:1282,218,1,10
BRDA:1299,219,0,10
BRDA:1299,219,1,0
BRDA:1320,220,0,0
BRDA:1320,220,1,11
BRDA:1331,221,0,11
BRDA:1331,221,1,0
BRDA:1345,222,0,11
BRDA:1345,222,1,10
BRDA:1361,223,0,11
BRDA:1361,223,1,0
BRDA:1370,224,0,0
BRDA:1370,224,1,0
BRDA:1370,225,0,0
BRDA:1370,225,1,0
BRDA:1388,226,0,11
BRDA:1388,226,1,5
BRDA:1404,227,0,2
BRDA:1404,227,1,3
BRDA:1409,228,0,1
BRDA:1409,228,1,2
BRDA:1415,229,0,5
BRDA:1415,229,1,5
BRDA:1464,230,0,5
BRDA:1464,230,1,3
BRDA:1464,230,2,1
BRDA:1467,231,0,2
BRDA:1467,231,1,3
BRDA:1476,232,0,5
BRDA:1476,232,1,1
BRDA:1476,232,2,1
BRDA:1494,233,0,1
BRDA:1494,233,1,1
BRDA:1541,234,0,11
BRDA:1541,234,1,9
BRDA:1543,235,0,2
BRDA:1543,235,1,9
BRDA:1543,236,0,11
BRDA:1543,236,1,9
BRDA:1548,237,0,2
BRDA:1548,237,1,9
BRDA:1553,238,0,0
BRDA:1553,238,1,9
BRDA:1563,239,0,41
BRDA:1563,239,1,15
BRDA:1602,240,0,0
BRDA:1602,240,1,0
BRDA:1608,241,0,15
BRDA:1608,241,1,0
BRDA:1613,242,0,0
BRDA:1613,242,1,0
BRDA:1623,243,0,15
BRDA:1623,243,1,0
BRDA:1648,244,0,15
BRDA:1648,244,1,0
BRDA:1684,245,0,15
BRDA:1684,245,1,0
BRDA:1700,246,0,15
BRDA:1700,246,1,15
BRDA:1700,246,2,15
BRDA:1710,247,0,12
BRDA:1710,247,1,3
BRDA:1710,248,0,15
BRDA:1710,248,1,3
BRDA:1710,249,0,15
BRDA:1710,249,1,10
BRDA:1710,250,0,15
BRDA:1710,250,1,15
BRDA:1711,251,0,15
BRDA:1711,251,1,3
BRDA:1711,252,0,15
BRDA:1711,252,1,10
BRDA:1711,253,0,15
BRDA:1711,253,1,15
BRDA:1716,254,0,15
BRDA:1716,254,1,4
BRDA:1725,255,0,4
BRDA:1725,255,1,4
BRDA:1730,256,0,4
BRDA:1730,256,1,4
BRDA:1747,257,0,41
BRDA:1747,257,1,39
BRDA:1756,258,0,41
BRDA:1756,258,1,39
BRDA:1781,259,0,0
BRDA:1781,259,1,41
BRDA:1847,260,0,41
BRDA:1847,260,1,39
BRDA:1860,261,0,41
BRDA:1860,261,1,39
BRDA:1873,262,0,0
BRDA:1873,262,1,41
BRDA:1882,263,0,41
BRDA:1882,263,1,0
BRF:549
BRH:273
end_of_record
TN:
SF:components/StockSimulatorModal.tsx
FN:35,(anonymous_0)
FN:36,(anonymous_1)
FN:37,(anonymous_2)
FN:38,(anonymous_3)
FN:40,(anonymous_4)
FN:62,(anonymous_5)
FN:79,(anonymous_6)
FN:79,(anonymous_7)
FN:79,(anonymous_8)
FN:84,(anonymous_9)
FN:86,(anonymous_10)
FN:87,(anonymous_11)
FN:93,(anonymous_12)
FN:93,(anonymous_13)
FN:102,(anonymous_14)
FN:103,(anonymous_15)
FN:106,(anonymous_16)
FN:107,(anonymous_17)
FN:111,(anonymous_18)
FN:151,(anonymous_19)
FN:155,(anonymous_20)
FN:158,(anonymous_21)
FN:162,(anonymous_22)
FN:163,(anonymous_23)
FN:164,(anonymous_24)
FN:168,(anonymous_25)
FN:176,(anonymous_26)
FN:200,(anonymous_27)
FN:217,(anonymous_28)
FN:224,(anonymous_29)
FN:243,(anonymous_30)
FN:248,(anonymous_31)
FN:274,(anonymous_32)
FN:276,(anonymous_33)
FN:281,(anonymous_34)
FN:283,(anonymous_35)
FN:288,(anonymous_36)
FN:292,(anonymous_37)
FN:298,(anonymous_38)
FN:303,(anonymous_39)
FN:318,(anonymous_40)
FN:327,(anonymous_41)
FN:334,(anonymous_42)
FN:341,(anonymous_43)
FN:344,(anonymous_44)
FN:344,(anonymous_45)
FN:344,(anonymous_46)
FN:368,(anonymous_47)
FN:372,(anonymous_48)
FN:403,(anonymous_49)
FN:434,(anonymous_50)
FNF:51
FNH:27
FNDA:95,(anonymous_0)
FNDA:0,(anonymous_1)
FNDA:79,(anonymous_2)
FNDA:150,(anonymous_3)
FNDA:75,(anonymous_4)
FNDA:9,(anonymous_5)
FNDA:14,(anonymous_6)
FNDA:6,(anonymous_7)
FNDA:6,(anonymous_8)
FNDA:14,(anonymous_9)
FNDA:6,(anonymous_10)
FNDA:0,(anonymous_11)
FNDA:14,(anonymous_12)
FNDA:6,(anonymous_13)
FNDA:20,(anonymous_14)
FNDA:12,(anonymous_15)
FNDA:0,(anonymous_16)
FNDA:0,(anonymous_17)
FNDA:20,(anonymous_18)
FNDA:12,(anonymous_19)
FNDA:0,(anonymous_20)
FNDA:0,(anonymous_21)
FNDA:0,(anonymous_22)
FNDA:0,(anonymous_23)
FNDA:0,(anonymous_24)
FNDA:4,(anonymous_25)
FNDA:3,(anonymous_26)
FNDA:0,(anonymous_27)
FNDA:3,(anonymous_28)
FNDA:3,(anonymous_29)
FNDA:225,(anonymous_30)
FNDA:0,(anonymous_31)
FNDA:0,(anonymous_32)
FNDA:16,(anonymous_33)
FNDA:0,(anonymous_34)
FNDA:0,(anonymous_35)
FNDA:0,(anonymous_36)
FNDA:0,(anonymous_37)
FNDA:0,(anonymous_38)
FNDA:0,(anonymous_39)
FNDA:0,(anonymous_40)
FNDA:0,(anonymous_41)
FNDA:2,(anonymous_42)
FNDA:0,(anonymous_43)
FNDA:0,(anonymous_44)
FNDA:0,(anonymous_45)
FNDA:0,(anonymous_46)
FNDA:6,(anonymous_47)
FNDA:2,(anonymous_48)
FNDA:32,(anonymous_49)
FNDA:420,(anonymous_50)
DA:35,95
DA:36,3
DA:37,79
DA:38,150
DA:40,3
DA:48,75
DA:49,75
DA:50,75
DA:51,75
DA:52,75
DA:53,75
DA:54,75
DA:55,75
DA:56,75
DA:57,75
DA:58,75
DA:59,75
DA:60,75
DA:62,75
DA:63,9
DA:64,6
DA:65,6
DA:66,6
DA:67,6
DA:68,6
DA:69,6
DA:70,6
DA:71,6
DA:72,6
DA:73,6
DA:74,6
DA:75,6
DA:78,75
DA:79,14
DA:83,75
DA:84,14
DA:86,6
DA:87,0
DA:92,75
DA:93,14
DA:94,6
DA:95,6
DA:96,0
DA:97,0
DA:102,75
DA:103,20
DA:104,20
DA:105,0
DA:106,0
DA:107,0
DA:108,0
DA:111,75
DA:143,75
DA:144,75
DA:145,75
DA:146,75
DA:147,75
DA:151,75
DA:152,12
DA:155,75
DA:156,0
DA:157,0
DA:158,0
DA:159,0
DA:162,75
DA:163,0
DA:164,0
DA:168,75
DA:169,4
DA:170,0
DA:171,0
DA:173,4
DA:176,75
DA:177,3
DA:179,3
DA:180,0
DA:181,0
DA:184,3
DA:185,2
DA:186,2
DA:187,2
DA:190,1
DA:191,1
DA:195,75
DA:200,0
DA:217,3
DA:224,3
DA:235,75
DA:244,225
DA:249,0
DA:250,0
DA:251,0
DA:274,0
DA:276,16
DA:281,0
DA:283,0
DA:288,0
DA:292,0
DA:299,0
DA:303,0
DA:318,0
DA:327,0
DA:334,2
DA:342,0
DA:344,0
DA:369,6
DA:370,6
DA:372,2
DA:403,32
DA:435,420
LF:110
LH:78
BRDA:36,0,0,0
BRDA:36,0,1,0
BRDA:37,1,0,79
BRDA:37,1,1,0
BRDA:38,2,0,0
BRDA:38,2,1,150
BRDA:44,3,0,75
BRDA:45,4,0,75
BRDA:46,5,0,75
BRDA:63,6,0,3
BRDA:63,6,1,6
BRDA:86,7,0,6
BRDA:86,7,1,6
BRDA:94,8,0,0
BRDA:94,8,1,6
BRDA:95,9,0,6
BRDA:95,9,1,0
BRDA:95,10,0,6
BRDA:95,10,1,6
BRDA:96,11,0,0
BRDA:96,11,1,0
BRDA:96,12,0,0
BRDA:96,12,1,0
BRDA:103,13,0,12
BRDA:103,13,1,12
BRDA:103,13,2,0
BRDA:104,14,0,20
BRDA:104,14,1,0
BRDA:122,15,0,0
BRDA:122,15,1,20
BRDA:143,16,0,4
BRDA:143,16,1,71
BRDA:145,17,0,75
BRDA:145,17,1,0
BRDA:146,18,0,75
BRDA:146,18,1,0
BRDA:147,19,0,75
BRDA:147,19,1,0
BRDA:157,20,0,0
BRDA:157,20,1,0
BRDA:164,21,0,0
BRDA:164,21,1,0
BRDA:169,22,0,0
BRDA:169,22,1,4
BRDA:170,23,0,0
BRDA:170,23,1,0
BRDA:179,24,0,0
BRDA:179,24,1,3
BRDA:179,25,0,3
BRDA:179,25,1,3
BRDA:184,26,0,2
BRDA:184,26,1,1
BRDA:196,27,0,51
BRDA:196,27,1,24
BRDA:197,28,0,75
BRDA:197,28,1,51
BRDA:200,29,0,0
BRDA:200,29,1,0
BRDA:211,30,0,75
BRDA:211,30,1,24
BRDA:216,31,0,75
BRDA:216,31,1,16
BRDA:221,32,0,75
BRDA:221,32,1,35
BRDA:223,33,0,34
BRDA:223,33,1,1
BRDA:225,34,0,34
BRDA:225,34,1,1
BRDA:228,35,0,34
BRDA:228,35,1,1
BRDA:247,36,0,75
BRDA:247,36,1,150
BRDA:249,37,0,0
BRDA:249,37,1,0
BRDA:249,38,0,0
BRDA:249,38,1,0
BRDA:250,39,0,0
BRDA:250,39,1,0
BRDA:250,40,0,0
BRDA:250,40,1,0
BRDA:254,41,0,75
BRDA:254,41,1,150
BRDA:266,42,0,75
BRDA:266,42,1,24
BRDA:295,43,0,24
BRDA:295,43,1,0
BRDA:353,44,0,75
BRDA:353,44,1,16
BRDA:370,45,0,2
BRDA:370,45,1,4
BRDA:382,46,0,16
BRDA:382,46,1,0
BRDA:388,47,0,16
BRDA:388,47,1,0
BRDA:395,48,0,75
BRDA:395,48,1,35
BRDA:440,49,0,75
BRDA:440,49,1,69
BRDA:446,50,0,75
BRDA:446,50,1,0
BRDA:446,50,2,0
BRF:101
BRH:62
end_of_record
TN:
SF:components/charts/StableResponsiveContainer.tsx
FN:7,(anonymous_0)
FNF:1
FNH:1
FNDA:11,(anonymous_0)
DA:4,2
DA:6,2
DA:19,11
DA:35,2
LF:4
LH:4
BRDA:9,0,0,11
BRDA:10,1,0,11
BRDA:11,2,0,11
BRDA:12,3,0,11
BRDA:13,4,0,11
BRF:5
BRH:5
end_of_record
TN:
SF:components/crm/AICommerceStatePanel.tsx
FN:41,(anonymous_0)
FN:48,(anonymous_1)
FN:107,(anonymous_2)
FNF:3
FNH:3
FNDA:1,(anonymous_0)
FNDA:2,(anonymous_1)
FNDA:2,(anonymous_2)
DA:14,2
DA:27,2
DA:35,2
DA:41,2
DA:42,1
DA:43,1
DA:48,2
DA:49,2
DA:50,0
DA:53,2
DA:54,1
DA:65,1
DA:68,2
DA:69,2
DA:71,2
DA:108,2
LF:16
LH:15
BRDA:43,0,0,0
BRDA:43,0,1,1
BRDA:49,1,0,0
BRDA:49,1,1,2
BRDA:53,2,0,1
BRDA:53,2,1,1
BRDA:65,3,0,1
BRDA:65,3,1,0
BRDA:68,4,0,2
BRDA:68,4,1,0
BRDA:68,5,0,0
BRDA:68,5,1,0
BRDA:81,6,0,0
BRDA:81,6,1,1
BRDA:82,7,0,0
BRDA:82,7,1,1
BRDA:83,8,0,2
BRDA:83,8,1,0
BRDA:91,9,0,2
BRDA:91,9,1,0
BRDA:91,10,0,2
BRDA:91,10,1,0
BRDA:98,11,0,0
BRDA:98,11,1,1
BRDA:103,12,0,2
BRDA:103,12,1,1
BRDA:116,13,0,2
BRDA:116,13,1,1
BRDA:119,14,0,1
BRDA:119,14,1,0
BRF:30
BRH:17
end_of_record
TN:
SF:components/crm/AudioMessage.tsx
FN:13,(anonymous_0)
FN:20,(anonymous_1)
FN:25,(anonymous_2)
FN:37,(anonymous_3)
FN:42,(anonymous_4)
FN:46,(anonymous_5)
FN:47,(anonymous_6)
FN:48,(anonymous_7)
FN:56,(anonymous_8)
FN:57,(anonymous_9)
FN:62,(anonymous_10)
FN:66,(anonymous_11)
FN:67,(anonymous_12)
FN:71,(anonymous_13)
FN:97,(anonymous_14)
FN:102,(anonymous_15)
FN:105,(anonymous_16)
FN:109,(anonymous_17)
FN:117,(anonymous_18)
FN:133,(anonymous_19)
FN:204,(anonymous_20)
FNF:21
FNH:5
FNDA:3,(anonymous_0)
FNDA:0,(anonymous_1)
FNDA:3,(anonymous_2)
FNDA:2,(anonymous_3)
FNDA:1,(anonymous_4)
FNDA:0,(anonymous_5)
FNDA:0,(anonymous_6)
FNDA:0,(anonymous_7)
FNDA:0,(anonymous_8)
FNDA:0,(anonymous_9)
FNDA:1,(anonymous_10)
FNDA:0,(anonymous_11)
FNDA:0,(anonymous_12)
FNDA:0,(anonymous_13)
FNDA:0,(anonymous_14)
FNDA:0,(anonymous_15)
FNDA:0,(anonymous_16)
FNDA:0,(anonymous_17)
FNDA:0,(anonymous_18)
FNDA:0,(anonymous_19)
FNDA:0,(anonymous_20)
DA:13,3
DA:14,3
DA:15,3
DA:16,3
DA:17,3
DA:20,3
DA:21,0
DA:22,0
DA:25,3
DA:26,3
DA:27,3
DA:28,3
DA:29,3
DA:30,3
DA:32,3
DA:33,3
DA:34,3
DA:35,3
DA:37,3
DA:38,2
DA:39,2
DA:42,3
DA:43,1
DA:44,1
DA:46,1
DA:47,1
DA:48,1
DA:49,0
DA:50,0
DA:53,1
DA:54,1
DA:55,1
DA:56,1
DA:57,1
DA:60,1
DA:62,1
DA:63,1
DA:64,1
DA:65,1
DA:66,1
DA:67,1
DA:71,3
DA:72,0
DA:73,0
DA:75,0
DA:76,0
DA:77,0
DA:78,0
DA:83,0
DA:84,0
DA:86,0
DA:87,0
DA:89,0
DA:90,0
DA:91,0
DA:93,0
DA:97,3
DA:98,0
DA:99,0
DA:100,0
DA:102,0
DA:103,0
DA:104,0
DA:105,0
DA:109,3
DA:110,0
DA:111,0
DA:112,0
DA:114,0
DA:117,3
DA:118,0
DA:119,0
DA:120,0
DA:121,0
DA:123,0
DA:124,0
DA:125,0
DA:127,0
DA:128,0
DA:129,0
DA:130,0
DA:131,0
DA:132,0
DA:133,0
DA:134,0
DA:135,0
DA:136,0
DA:138,0
DA:139,0
DA:145,3
DA:148,3
DA:152,3
DA:204,0
LF:93
LH:44
BRDA:14,0,0,0
BRDA:14,0,1,3
BRDA:14,1,0,3
BRDA:14,1,1,3
BRDA:22,2,0,0
BRDA:22,2,1,0
BRDA:25,3,0,3
BRDA:44,4,0,0
BRDA:44,4,1,1
BRDA:72,5,0,0
BRDA:72,5,1,0
BRDA:73,6,0,0
BRDA:73,6,1,0
BRDA:83,7,0,0
BRDA:83,7,1,0
BRDA:83,8,0,0
BRDA:83,8,1,0
BRDA:84,9,0,0
BRDA:84,9,1,0
BRDA:84,10,0,0
BRDA:84,10,1,0
BRDA:84,11,0,0
BRDA:84,11,1,0
BRDA:89,12,0,0
BRDA:89,12,1,0
BRDA:98,13,0,0
BRDA:98,13,1,0
BRDA:99,14,0,0
BRDA:99,14,1,0
BRDA:103,15,0,0
BRDA:103,15,1,0
BRDA:104,16,0,0
BRDA:104,16,1,0
BRDA:111,17,0,0
BRDA:111,17,1,0
BRDA:118,18,0,0
BRDA:118,18,1,0
BRDA:119,19,0,0
BRDA:119,19,1,0
BRDA:119,20,0,0
BRDA:119,20,1,0
BRDA:123,21,0,0
BRDA:123,21,1,0
BRDA:131,22,0,0
BRDA:131,22,1,0
BRDA:136,23,0,0
BRDA:136,23,1,0
BRDA:138,24,0,0
BRDA:138,24,1,0
BRDA:145,25,0,3
BRDA:145,25,1,3
BRDA:148,26,0,0
BRDA:148,26,1,3
BRDA:164,27,0,0
BRDA:164,27,1,3
BRDA:164,28,0,0
BRDA:164,28,1,3
BRDA:173,29,0,3
BRDA:173,29,1,3
BRDA:181,30,0,0
BRDA:181,30,1,3
BRDA:187,31,0,0
BRDA:187,31,1,3
BRDA:192,32,0,3
BRDA:192,32,1,0
BRDA:205,33,0,3
BRDA:205,33,1,3
BRDA:207,34,0,0
BRDA:207,34,1,3
BRDA:212,35,0,0
BRDA:212,35,1,3
BRDA:216,36,0,0
BRDA:216,36,1,3
BRDA:222,37,0,0
BRDA:222,37,1,3
BRDA:222,38,0,3
BRDA:222,38,1,0
BRDA:222,39,0,0
BRDA:222,39,1,3
BRDA:227,40,0,3
BRDA:227,40,1,0
BRDA:227,40,2,0
BRDA:228,41,0,0
BRDA:228,41,1,0
BRDA:231,42,0,3
BRDA:231,42,1,0
BRDA:231,42,2,0
BRDA:233,43,0,0
BRDA:233,43,1,0
BRDA:241,44,0,3
BRDA:241,44,1,0
BRDA:241,44,2,0
BRDA:242,45,0,0
BRDA:242,45,1,0
BRF:94
BRH:26
end_of_record
TN:
SF:components/crm/AudioRecorder.tsx
FN:18,(anonymous_0)
FN:24,(anonymous_1)
FN:33,(anonymous_2)
FN:40,(anonymous_3)
FN:45,(anonymous_4)
FN:48,(anonymous_5)
FN:51,(anonymous_6)
FN:55,(anonymous_7)
FN:59,(anonymous_8)
FN:68,(anonymous_9)
FN:74,(anonymous_10)
FN:75,(anonymous_11)
FN:86,(anonymous_12)
FN:93,(anonymous_13)
FN:100,(anonymous_14)
FN:107,(anonymous_15)
FNF:16
FNH:0
FNDA:0,(anonymous_0)
FNDA:0,(anonymous_1)
FNDA:0,(anonymous_2)
FNDA:0,(anonymous_3)
FNDA:0,(anonymous_4)
FNDA:0,(anonymous_5)
FNDA:0,(anonymous_6)
FNDA:0,(anonymous_7)
FNDA:0,(anonymous_8)
FNDA:0,(anonymous_9)
FNDA:0,(anonymous_10)
FNDA:0,(anonymous_11)
FNDA:0,(anonymous_12)
FNDA:0,(anonymous_13)
FNDA:0,(anonymous_14)
FNDA:0,(anonymous_15)
DA:11,1
DA:18,1
DA:19,0
DA:20,0
DA:21,0
DA:24,1
DA:25,0
DA:26,0
DA:27,0
DA:28,0
DA:29,0
DA:30,0
DA:31,0
DA:33,0
DA:34,0
DA:35,0
DA:36,0
DA:40,0
DA:41,0
DA:42,0
DA:43,0
DA:45,0
DA:48,0
DA:49,0
DA:51,0
DA:52,0
DA:53,0
DA:54,0
DA:55,0
DA:56,0
DA:59,0
DA:60,0
DA:62,0
DA:65,0
DA:66,0
DA:68,0
DA:69,0
DA:72,0
DA:74,0
DA:75,0
DA:78,0
DA:79,0
DA:80,0
DA:84,0
DA:86,0
DA:87,0
DA:88,0
DA:89,0
DA:93,0
DA:94,0
DA:96,0
DA:97,0
DA:98,0
DA:100,0
DA:101,0
DA:102,0
DA:105,0
DA:106,0
DA:107,0
DA:111,0
DA:113,0
LF:61
LH:3
BRDA:34,0,0,0
BRDA:34,0,1,0
BRDA:42,1,0,0
BRDA:42,1,1,0
BRDA:42,2,0,0
BRDA:42,2,1,0
BRDA:54,3,0,0
BRDA:54,3,1,0
BRDA:59,4,0,0
BRDA:59,4,1,0
BRDA:60,5,0,0
BRDA:60,5,1,0
BRDA:62,6,0,0
BRDA:62,6,1,0
BRDA:69,7,0,0
BRDA:69,7,1,0
BRDA:75,8,0,0
BRDA:75,8,1,0
BRDA:78,9,0,0
BRDA:78,9,1,0
BRDA:94,10,0,0
BRDA:94,10,1,0
BRDA:94,11,0,0
BRDA:94,11,1,0
BRDA:105,12,0,0
BRDA:105,12,1,0
BRDA:111,13,0,0
BRDA:111,13,1,0
BRDA:116,14,0,0
BRDA:116,14,1,0
BRDA:121,15,0,0
BRDA:121,15,1,0
BRDA:128,16,0,0
BRDA:128,16,1,0
BRDA:131,17,0,0
BRDA:131,17,1,0
BRDA:150,18,0,0
BRDA:150,18,1,0
BRDA:155,19,0,0
BRDA:155,19,1,0
BRF:40
BRH:0
end_of_record
TN:
SF:components/crm/CRMPageFrame.tsx
FN:11,(anonymous_0)
FN:14,(anonymous_1)
FN:16,(anonymous_2)
FNF:3
FNH:3
FNDA:57,(anonymous_0)
FNDA:6,(anonymous_1)
FNDA:6,(anonymous_2)
DA:11,1
DA:12,57
DA:14,57
DA:15,6
DA:16,6
DA:19,57
LF:6
LH:6
BRDA:15,0,0,6
BRDA:15,0,1,6
BRF:2
BRH:2
end_of_record
TN:
SF:components/crm/CRMStandaloneLayout.tsx
FN:24,(anonymous_0)
FN:34,(anonymous_1)
FN:46,(anonymous_2)
FN:53,(anonymous_3)
FN:65,(anonymous_4)
FN:69,(anonymous_5)
FN:76,(anonymous_6)
FN:78,(anonymous_7)
FN:78,(anonymous_8)
FN:83,(anonymous_9)
FN:84,(anonymous_10)
FN:86,(anonymous_11)
FN:91,(anonymous_12)
FN:92,(anonymous_13)
FN:92,(anonymous_14)
FN:93,(anonymous_15)
FN:98,(anonymous_16)
FN:98,(anonymous_17)
FN:103,(anonymous_18)
FN:105,(anonymous_19)
FN:106,(anonymous_20)
FN:114,(anonymous_21)
FN:119,(anonymous_22)
FN:127,(anonymous_23)
FN:130,(anonymous_24)
FN:136,(anonymous_25)
FN:139,(anonymous_26)
FN:142,(anonymous_27)
FN:145,(anonymous_28)
FN:151,(anonymous_29)
FN:154,(anonymous_30)
FN:161,(anonymous_31)
FN:174,(anonymous_32)
FN:176,(anonymous_33)
FN:177,(anonymous_34)
FN:179,(anonymous_35)
FN:180,(anonymous_36)
FN:183,(anonymous_37)
FN:184,(anonymous_38)
FN:193,(anonymous_39)
FN:204,(anonymous_40)
FN:221,(anonymous_41)
FN:265,(anonymous_42)
FN:273,(anonymous_43)
FN:275,(anonymous_44)
FN:276,(anonymous_45)
FN:291,(anonymous_46)
FN:293,(anonymous_47)
FN:307,(anonymous_48)
FN:314,(anonymous_49)
FN:369,(anonymous_50)
FN:385,(anonymous_51)
FN:394,(anonymous_52)
FN:398,(anonymous_53)
FN:435,(anonymous_54)
FN:451,(anonymous_55)
FN:451,(anonymous_56)
FN:476,(anonymous_57)
FN:501,(anonymous_58)
FN:501,(anonymous_59)
FN:518,(anonymous_60)
FN:527,(anonymous_61)
FN:532,(anonymous_62)
FNF:63
FNH:48
FNDA:10,(anonymous_0)
FNDA:6,(anonymous_1)
FNDA:0,(anonymous_2)
FNDA:0,(anonymous_3)
FNDA:6,(anonymous_4)
FNDA:6,(anonymous_5)
FNDA:6,(anonymous_6)
FNDA:6,(anonymous_7)
FNDA:102,(anonymous_8)
FNDA:6,(anonymous_9)
FNDA:12,(anonymous_10)
FNDA:204,(anonymous_11)
FNDA:6,(anonymous_12)
FNDA:24,(anonymous_13)
FNDA:90,(anonymous_14)
FNDA:24,(anonymous_15)
FNDA:6,(anonymous_16)
FNDA:102,(anonymous_17)
FNDA:250,(anonymous_18)
FNDA:6,(anonymous_19)
FNDA:38,(anonymous_20)
FNDA:7,(anonymous_21)
FNDA:6,(anonymous_22)
FNDA:6,(anonymous_23)
FNDA:6,(anonymous_24)
FNDA:0,(anonymous_25)
FNDA:6,(anonymous_26)
FNDA:0,(anonymous_27)
FNDA:6,(anonymous_28)
FNDA:6,(anonymous_29)
FNDA:6,(anonymous_30)
FNDA:6,(anonymous_31)
FNDA:24,(anonymous_32)
FNDA:16,(anonymous_33)
FNDA:32,(anonymous_34)
FNDA:4,(anonymous_35)
FNDA:8,(anonymous_36)
FNDA:12,(anonymous_37)
FNDA:12,(anonymous_38)
FNDA:0,(anonymous_39)
FNDA:8,(anonymous_40)
FNDA:2,(anonymous_41)
FNDA:6,(anonymous_42)
FNDA:0,(anonymous_43)
FNDA:18,(anonymous_44)
FNDA:0,(anonymous_45)
FNDA:6,(anonymous_46)
FNDA:18,(anonymous_47)
FNDA:0,(anonymous_48)
FNDA:0,(anonymous_49)
FNDA:0,(anonymous_50)
FNDA:1,(anonymous_51)
FNDA:20,(anonymous_52)
FNDA:170,(anonymous_53)
FNDA:0,(anonymous_54)
FNDA:0,(anonymous_55)
FNDA:0,(anonymous_56)
FNDA:16,(anonymous_57)
FNDA:1,(anonymous_58)
FNDA:1,(anonymous_59)
FNDA:0,(anonymous_60)
FNDA:0,(anonymous_61)
FNDA:26,(anonymous_62)
DA:12,1
DA:17,1
DA:18,1
DA:19,1
DA:20,1
DA:24,1
DA:25,10
DA:26,10
DA:27,10
DA:34,10
DA:35,6
DA:36,6
DA:37,6
DA:38,6
DA:39,0
DA:40,6
DA:42,0
DA:45,10
DA:46,10
DA:47,0
DA:48,0
DA:49,0
DA:50,0
DA:51,0
DA:52,0
DA:53,0
DA:54,0
DA:55,0
DA:56,0
DA:57,0
DA:61,0
DA:64,10
DA:65,10
DA:66,6
DA:67,6
DA:69,10
DA:70,6
DA:71,6
DA:72,6
DA:73,6
DA:76,10
DA:77,10
DA:78,102
DA:82,10
DA:84,12
DA:86,204
DA:90,10
DA:92,90
DA:93,24
DA:97,10
DA:98,102
DA:102,10
DA:103,250
DA:104,10
DA:105,10
DA:106,6
DA:107,38
DA:108,38
DA:109,38
DA:111,6
DA:114,10
DA:115,7
DA:116,7
DA:119,10
DA:120,6
DA:121,6
DA:122,2
DA:123,2
DA:127,10
DA:128,6
DA:129,6
DA:130,6
DA:131,6
DA:132,6
DA:133,6
DA:135,6
DA:136,6
DA:137,6
DA:138,6
DA:139,6
DA:141,0
DA:142,0
DA:145,10
DA:146,6
DA:150,6
DA:151,6
DA:154,10
DA:155,6
DA:157,6
DA:158,6
DA:159,6
DA:161,6
DA:162,6
DA:164,6
DA:165,6
DA:167,6
DA:168,6
DA:174,24
DA:176,6
DA:177,32
DA:179,6
DA:180,8
DA:183,6
DA:184,12
DA:193,6
DA:194,0
DA:195,0
DA:196,0
DA:197,0
DA:198,0
DA:199,0
DA:200,0
DA:201,0
DA:204,6
DA:205,8
DA:206,8
DA:207,2
DA:208,2
DA:209,2
DA:210,2
DA:211,2
DA:212,2
DA:216,2
DA:217,0
DA:221,6
DA:222,2
DA:223,2
DA:224,2
DA:239,2
DA:240,2
DA:241,2
DA:243,2
DA:244,0
DA:246,2
DA:249,2
DA:250,2
DA:251,0
DA:252,0
DA:253,0
DA:254,0
DA:255,0
DA:265,6
DA:266,6
DA:267,6
DA:273,6
DA:274,6
DA:275,6
DA:276,18
DA:280,6
DA:281,6
DA:282,6
DA:283,6
DA:284,6
DA:285,6
DA:289,6
DA:291,6
DA:292,6
DA:293,18
DA:294,6
DA:295,6
DA:296,6
DA:297,6
DA:298,6
DA:299,6
DA:300,6
DA:301,6
DA:302,6
DA:303,6
DA:307,10
DA:308,0
DA:309,0
DA:310,0
DA:314,10
DA:315,0
DA:316,0
DA:319,10
DA:369,0
DA:385,1
DA:395,20
DA:399,170
DA:400,170
DA:401,170
DA:402,170
DA:403,170
DA:435,0
DA:451,0
DA:477,16
DA:478,16
DA:479,16
DA:480,16
DA:481,16
DA:501,1
DA:518,0
DA:527,0
DA:533,26
DA:534,26
DA:535,26
LF:197
LH:156
BRDA:35,0,0,0
BRDA:35,0,1,6
BRDA:38,1,0,0
BRDA:38,1,1,6
BRDA:38,2,0,0
BRDA:38,2,1,6
BRDA:49,3,0,0
BRDA:49,3,1,0
BRDA:51,4,0,0
BRDA:51,4,1,0
BRDA:56,5,0,0
BRDA:56,5,1,0
BRDA:66,6,0,0
BRDA:66,6,1,6
BRDA:70,7,0,0
BRDA:70,7,1,6
BRDA:72,8,0,0
BRDA:72,8,1,6
BRDA:102,9,0,6
BRDA:102,9,1,4
BRDA:103,10,0,20
BRDA:103,10,1,230
BRDA:104,11,0,10
BRDA:104,11,1,4
BRDA:108,12,0,6
BRDA:108,12,1,32
BRDA:111,13,0,4
BRDA:111,13,1,2
BRDA:115,14,0,0
BRDA:115,14,1,7
BRDA:116,15,0,3
BRDA:116,15,1,4
BRDA:120,16,0,0
BRDA:120,16,1,6
BRDA:121,17,0,2
BRDA:121,17,1,4
BRDA:128,18,0,0
BRDA:128,18,1,6
BRDA:132,19,0,2
BRDA:132,19,1,4
BRDA:133,20,0,4
BRDA:133,20,1,2
BRDA:137,21,0,6
BRDA:137,21,1,0
BRDA:146,22,0,0
BRDA:146,22,1,6
BRDA:155,23,0,0
BRDA:155,23,1,6
BRDA:155,24,0,6
BRDA:155,24,1,6
BRDA:164,25,0,6
BRDA:164,25,1,6
BRDA:164,25,2,0
BRDA:167,26,0,6
BRDA:167,26,1,6
BRDA:170,27,0,6
BRDA:170,27,1,0
BRDA:195,28,0,0
BRDA:195,28,1,0
BRDA:206,29,0,6
BRDA:206,29,1,2
BRDA:216,30,0,0
BRDA:216,30,1,2
BRDA:216,31,0,2
BRDA:216,31,1,2
BRDA:235,32,0,0
BRDA:235,32,1,2
BRDA:243,33,0,0
BRDA:243,33,1,2
BRDA:250,34,0,0
BRDA:250,34,1,2
BRDA:252,35,0,0
BRDA:252,35,1,0
BRDA:254,36,0,0
BRDA:254,36,1,0
BRDA:256,37,0,0
BRDA:256,37,1,0
BRDA:256,38,0,0
BRDA:256,38,1,0
BRDA:257,39,0,0
BRDA:257,39,1,0
BRDA:258,40,0,0
BRDA:258,40,1,0
BRDA:259,41,0,0
BRDA:259,41,1,0
BRDA:260,42,0,0
BRDA:260,42,1,0
BRDA:261,43,0,0
BRDA:261,43,1,0
BRDA:308,44,0,0
BRDA:308,44,1,0
BRDA:309,45,0,0
BRDA:309,45,1,0
BRDA:344,46,0,10
BRDA:344,46,1,0
BRDA:364,47,0,6
BRDA:364,47,1,4
BRDA:364,48,0,7
BRDA:364,48,1,3
BRDA:365,49,0,10
BRDA:365,49,1,4
BRDA:373,50,0,6
BRDA:373,50,1,4
BRDA:395,51,0,20
BRDA:395,51,1,0
BRDA:401,52,0,10
BRDA:401,52,1,160
BRDA:409,53,0,6
BRDA:409,53,1,164
BRDA:424,54,0,10
BRDA:424,54,1,0
BRDA:452,55,0,6
BRDA:452,55,1,4
BRDA:454,56,0,6
BRDA:454,56,1,4
BRDA:456,57,0,6
BRDA:456,57,1,4
BRDA:457,58,0,6
BRDA:457,58,1,4
BRDA:474,59,0,10
BRDA:474,59,1,4
BRDA:479,60,0,4
BRDA:479,60,1,12
BRDA:488,61,0,4
BRDA:488,61,1,12
BRDA:492,62,0,16
BRDA:492,62,1,12
BRDA:497,63,0,4
BRDA:497,63,1,4
BRDA:500,64,0,2
BRDA:500,64,1,2
BRDA:512,65,0,10
BRDA:512,65,1,4
BRDA:512,65,2,2
BRF:134
BRH:83
end_of_record
TN:
SF:components/crm/ConversationMessagesPanel.tsx
FN:36,(anonymous_0)
FN:78,(anonymous_1)
FN:86,(anonymous_2)
FN:96,(anonymous_3)
FN:99,(anonymous_4)
FN:116,(anonymous_5)
FNF:6
FNH:4
FNDA:54,(anonymous_0)
FNDA:7,(anonymous_1)
FNDA:10,(anonymous_2)
FNDA:0,(anonymous_3)
FNDA:0,(anonymous_4)
FNDA:1,(anonymous_5)
DA:36,2
DA:59,54
DA:79,7
DA:87,10
DA:88,10
DA:89,10
DA:96,0
DA:99,0
DA:116,1
LF:9
LH:7
BRDA:40,0,0,54
BRDA:64,1,0,4
BRDA:64,1,1,50
BRDA:64,2,0,54
BRDA:64,2,1,4
BRDA:68,3,0,54
BRDA:68,3,1,0
BRDA:72,4,0,1
BRDA:72,4,1,53
BRDA:74,5,0,46
BRDA:74,5,1,7
BRDA:87,6,0,10
BRDA:87,6,1,10
BRDA:113,7,0,54
BRDA:113,7,1,1
BRDA:120,8,0,1
BRDA:120,8,1,0
BRDA:120,9,0,1
BRDA:120,9,1,0
BRF:19
BRH:16
end_of_record
TN:
SF:components/crm/ConversationsListPanel.tsx
FN:85,(anonymous_0)
FN:152,(anonymous_1)
FN:155,(anonymous_2)
FN:161,(anonymous_3)
FN:167,(anonymous_4)
FN:169,(anonymous_5)
FN:174,(anonymous_6)
FN:193,(anonymous_7)
FN:193,(anonymous_8)
FN:200,(anonymous_9)
FN:207,(anonymous_10)
FN:214,(anonymous_11)
FN:227,(anonymous_12)
FN:228,(anonymous_13)
FN:230,(anonymous_14)
FN:231,(anonymous_15)
FN:233,(anonymous_16)
FN:235,(anonymous_17)
FN:239,(anonymous_18)
FN:239,(anonymous_19)
FN:242,(anonymous_20)
FN:257,(anonymous_21)
FN:278,(anonymous_22)
FN:286,(anonymous_23)
FN:287,(anonymous_24)
FN:292,(anonymous_25)
FN:293,(anonymous_26)
FN:298,(anonymous_27)
FN:300,(anonymous_28)
FN:304,(anonymous_29)
FN:304,(anonymous_30)
FN:312,(anonymous_31)
FN:313,(anonymous_32)
FN:326,(anonymous_33)
FN:331,(anonymous_34)
FN:350,(anonymous_35)
FN:353,(anonymous_36)
FN:368,(anonymous_37)
FN:398,(anonymous_38)
FNF:39
FNH:10
FNDA:87,(anonymous_0)
FNDA:0,(anonymous_1)
FNDA:0,(anonymous_2)
FNDA:0,(anonymous_3)
FNDA:0,(anonymous_4)
FNDA:0,(anonymous_5)
FNDA:0,(anonymous_6)
FNDA:0,(anonymous_7)
FNDA:0,(anonymous_8)
FNDA:0,(anonymous_9)
FNDA:0,(anonymous_10)
FNDA:1,(anonymous_11)
FNDA:0,(anonymous_12)
FNDA:375,(anonymous_13)
FNDA:0,(anonymous_14)
FNDA:225,(anonymous_15)
FNDA:0,(anonymous_16)
FNDA:62,(anonymous_17)
FNDA:0,(anonymous_18)
FNDA:0,(anonymous_19)
FNDA:0,(anonymous_20)
FNDA:0,(anonymous_21)
FNDA:0,(anonymous_22)
FNDA:0,(anonymous_23)
FNDA:10,(anonymous_24)
FNDA:0,(anonymous_25)
FNDA:6,(anonymous_26)
FNDA:0,(anonymous_27)
FNDA:2,(anonymous_28)
FNDA:0,(anonymous_29)
FNDA:0,(anonymous_30)
FNDA:0,(anonymous_31)
FNDA:0,(anonymous_32)
FNDA:0,(anonymous_33)
FNDA:0,(anonymous_34)
FNDA:0,(anonymous_35)
FNDA:0,(anonymous_36)
FNDA:43,(anonymous_37)
FNDA:2,(anonymous_38)
DA:85,2
DA:126,87
DA:152,0
DA:155,0
DA:161,0
DA:168,0
DA:169,0
DA:174,0
DA:193,0
DA:200,0
DA:207,0
DA:214,1
DA:227,0
DA:228,375
DA:230,0
DA:231,225
DA:233,0
DA:235,62
DA:239,0
DA:242,0
DA:257,0
DA:278,0
DA:286,0
DA:287,10
DA:292,0
DA:293,6
DA:298,0
DA:300,2
DA:304,0
DA:313,0
DA:326,0
DA:331,0
DA:351,0
DA:352,0
DA:353,0
DA:369,43
DA:370,43
DA:371,43
DA:372,43
DA:373,43
DA:374,43
DA:375,43
DA:376,43
DA:377,43
DA:378,43
DA:379,43
DA:380,43
DA:390,43
DA:398,2
LF:49
LH:23
BRDA:133,0,0,87
BRDA:133,0,1,1
BRDA:142,1,0,87
BRDA:142,1,1,75
BRDA:143,2,0,0
BRDA:143,2,1,75
BRDA:144,3,0,0
BRDA:144,3,1,75
BRDA:152,4,0,87
BRDA:152,4,1,0
BRDA:155,5,0,0
BRDA:155,5,1,87
BRDA:161,6,0,0
BRDA:161,6,1,87
BRDA:165,7,0,87
BRDA:165,7,1,0
BRDA:165,7,2,0
BRDA:172,8,0,0
BRDA:172,8,1,0
BRDA:182,9,0,12
BRDA:182,9,1,75
BRDA:187,10,0,12
BRDA:187,10,1,0
BRDA:194,11,0,0
BRDA:194,11,1,12
BRDA:200,12,0,0
BRDA:200,12,1,0
BRDA:201,13,0,0
BRDA:201,13,1,12
BRDA:207,14,0,0
BRDA:207,14,1,0
BRDA:208,15,0,0
BRDA:208,15,1,12
BRDA:215,16,0,0
BRDA:215,16,1,12
BRDA:220,17,0,0
BRDA:220,17,1,12
BRDA:224,18,0,75
BRDA:224,18,1,0
BRDA:235,19,0,62
BRDA:235,19,1,0
BRDA:239,20,0,0
BRDA:239,20,1,75
BRDA:251,21,0,87
BRDA:251,21,1,12
BRDA:251,21,2,2
BRDA:276,22,0,0
BRDA:276,22,1,2
BRDA:276,23,0,0
BRDA:276,23,1,0
BRDA:276,24,0,0
BRDA:276,24,1,0
BRDA:300,25,0,2
BRDA:300,25,1,0
BRDA:304,26,0,0
BRDA:304,26,1,2
BRDA:308,27,0,2
BRDA:308,27,1,0
BRDA:341,28,0,87
BRDA:341,28,1,0
BRDA:343,29,0,0
BRDA:343,29,1,0
BRDA:345,30,0,0
BRDA:345,30,1,0
BRDA:347,31,0,0
BRDA:347,31,1,0
BRDA:354,32,0,0
BRDA:354,32,1,0
BRDA:363,33,0,36
BRDA:363,33,1,51
BRDA:363,34,0,87
BRDA:363,34,1,87
BRDA:365,35,0,10
BRDA:365,35,1,41
BRDA:365,36,0,51
BRDA:365,36,1,51
BRDA:366,37,0,0
BRDA:366,37,1,10
BRDA:366,38,0,10
BRDA:366,38,1,10
BRDA:366,38,2,10
BRDA:366,38,3,10
BRDA:366,38,4,10
BRDA:367,39,0,41
BRDA:367,39,1,0
BRDA:377,40,0,43
BRDA:377,40,1,42
BRDA:380,41,0,0
BRDA:380,41,1,43
BRDA:381,42,0,0
BRDA:381,42,1,0
BRDA:384,43,0,34
BRDA:384,43,1,9
BRDA:386,44,0,0
BRDA:386,44,1,9
BRDA:401,45,0,43
BRDA:401,45,1,34
BRDA:405,46,0,0
BRDA:405,46,1,43
BRDA:407,47,0,0
BRDA:407,47,1,43
BRDA:415,48,0,1
BRDA:415,48,1,42
BRDA:416,49,0,43
BRDA:416,49,1,0
BRDA:419,50,0,43
BRDA:419,50,1,0
BRDA:422,51,0,1
BRDA:422,51,1,42
BRDA:422,52,0,43
BRDA:422,52,1,0
BRDA:422,52,2,0
BRDA:425,53,0,43
BRDA:425,53,1,5
BRDA:427,54,0,1
BRDA:427,54,1,4
BRDA:428,55,0,1
BRDA:428,55,1,4
BRDA:431,56,0,43
BRDA:431,56,1,0
BRDA:433,57,0,0
BRDA:433,57,1,0
BRDA:433,58,0,0
BRDA:433,58,1,0
BRDA:433,59,0,0
BRDA:433,59,1,0
BRDA:436,60,0,1
BRDA:436,60,1,42
BRDA:437,61,0,4
BRDA:437,61,1,39
BRDA:443,62,0,43
BRDA:443,62,1,0
BRDA:448,63,0,43
BRDA:448,63,1,43
BRDA:448,63,2,0
BRDA:455,64,0,43
BRDA:455,64,1,1
BRF:137
BRH:77
end_of_record
TN:
SF:components/crm/MessageBubble.tsx
FN:67,(anonymous_0)
FN:73,(anonymous_1)
FN:84,(anonymous_2)
FN:90,(anonymous_3)
FN:95,(anonymous_4)
FN:106,(anonymous_5)
FN:116,(anonymous_6)
FN:121,(anonymous_7)
FN:130,(anonymous_8)
FN:139,(anonymous_9)
FN:147,(anonymous_10)
FN:154,(anonymous_11)
FN:164,(anonymous_12)
FN:191,(anonymous_13)
FN:209,(anonymous_14)
FN:254,(anonymous_15)
FN:300,(anonymous_16)
FN:343,(anonymous_17)
FN:359,(anonymous_18)
FN:364,(anonymous_19)
FN:369,(anonymous_20)
FN:377,(anonymous_21)
FN:382,(anonymous_22)
FN:384,(anonymous_23)
FN:388,(anonymous_24)
FN:411,(anonymous_25)
FN:427,(anonymous_26)
FN:445,(anonymous_27)
FN:455,(anonymous_28)
FN:487,(anonymous_29)
FN:543,(anonymous_30)
FN:545,(anonymous_31)
FN:549,(anonymous_32)
FN:554,(anonymous_33)
FN:560,(anonymous_34)
FN:564,(anonymous_35)
FN:571,(anonymous_36)
FN:582,(anonymous_37)
FN:584,(anonymous_38)
FN:588,(anonymous_39)
FN:593,(anonymous_40)
FN:618,(anonymous_41)
FN:618,(anonymous_42)
FN:630,(anonymous_43)
FN:636,(anonymous_44)
FN:636,(anonymous_45)
FN:646,(anonymous_46)
FN:646,(anonymous_47)
FN:651,(anonymous_48)
FN:651,(anonymous_49)
FN:656,(anonymous_50)
FN:656,(anonymous_51)
FN:661,(anonymous_52)
FN:661,(anonymous_53)
FN:682,(anonymous_54)
FN:701,(anonymous_55)
FN:774,(anonymous_56)
FNF:57
FNH:49
FNDA:37,(anonymous_0)
FNDA:75,(anonymous_1)
FNDA:6,(anonymous_2)
FNDA:2,(anonymous_3)
FNDA:37,(anonymous_4)
FNDA:37,(anonymous_5)
FNDA:1803,(anonymous_6)
FNDA:341,(anonymous_7)
FNDA:145,(anonymous_8)
FNDA:37,(anonymous_9)
FNDA:37,(anonymous_10)
FNDA:65,(anonymous_11)
FNDA:29,(anonymous_12)
FNDA:37,(anonymous_13)
FNDA:37,(anonymous_14)
FNDA:37,(anonymous_15)
FNDA:42,(anonymous_16)
FNDA:35,(anonymous_17)
FNDA:41,(anonymous_18)
FNDA:19,(anonymous_19)
FNDA:20,(anonymous_20)
FNDA:2,(anonymous_21)
FNDA:0,(anonymous_22)
FNDA:2,(anonymous_23)
FNDA:2,(anonymous_24)
FNDA:0,(anonymous_25)
FNDA:0,(anonymous_26)
FNDA:0,(anonymous_27)
FNDA:0,(anonymous_28)
FNDA:37,(anonymous_29)
FNDA:29,(anonymous_30)
FNDA:5,(anonymous_31)
FNDA:0,(anonymous_32)
FNDA:5,(anonymous_33)
FNDA:21,(anonymous_34)
FNDA:22,(anonymous_35)
FNDA:2,(anonymous_36)
FNDA:0,(anonymous_37)
FNDA:2,(anonymous_38)
FNDA:2,(anonymous_39)
FNDA:5,(anonymous_40)
FNDA:5,(anonymous_41)
FNDA:5,(anonymous_42)
FNDA:24,(anonymous_43)
FNDA:1,(anonymous_44)
FNDA:1,(anonymous_45)
FNDA:1,(anonymous_46)
FNDA:1,(anonymous_47)
FNDA:1,(anonymous_48)
FNDA:1,(anonymous_49)
FNDA:1,(anonymous_50)
FNDA:1,(anonymous_51)
FNDA:1,(anonymous_52)
FNDA:1,(anonymous_53)
FNDA:0,(anonymous_54)
FNDA:1,(anonymous_55)
FNDA:9,(anonymous_56)
DA:67,3
DA:68,37
DA:69,37
DA:70,37
DA:73,3
DA:74,75
DA:75,75
DA:76,75
DA:77,18
DA:78,18
DA:79,12
DA:80,6
DA:81,6
DA:84,3
DA:85,6
DA:86,6
DA:87,6
DA:90,3
DA:91,2
DA:92,2
DA:95,3
DA:96,37
DA:101,37
DA:104,3
DA:106,3
DA:107,37
DA:108,37
DA:109,36
DA:110,26
DA:111,26
DA:112,0
DA:113,0
DA:116,3
DA:117,1803
DA:118,306
DA:121,3
DA:122,341
DA:123,2584
DA:124,2581
DA:125,2584
DA:127,319
DA:130,3
DA:131,145
DA:132,145
DA:133,145
DA:134,108
DA:135,108
DA:136,108
DA:139,3
DA:140,37
DA:141,288
DA:142,288
DA:144,35
DA:147,3
DA:148,37
DA:149,2
DA:150,2
DA:151,2
DA:154,3
DA:155,65
DA:156,65
DA:157,64
DA:158,64
DA:159,63
DA:160,57
DA:161,57
DA:164,3
DA:165,29
DA:166,29
DA:167,29
DA:168,29
DA:169,29
DA:170,29
DA:178,29
DA:179,28
DA:180,0
DA:181,0
DA:182,0
DA:183,0
DA:184,0
DA:185,0
DA:188,28
DA:191,3
DA:192,37
DA:193,37
DA:195,36
DA:196,36
DA:197,36
DA:198,36
DA:199,36
DA:201,36
DA:202,35
DA:203,35
DA:204,35
DA:205,35
DA:206,35
DA:209,3
DA:210,37
DA:211,37
DA:212,37
DA:213,37
DA:214,37
DA:215,37
DA:216,37
DA:217,37
DA:218,37
DA:220,37
DA:221,37
DA:227,37
DA:241,37
DA:254,3
DA:255,37
DA:256,37
DA:257,37
DA:259,37
DA:260,11
DA:262,10
DA:271,26
DA:272,37
DA:273,37
DA:275,37
DA:300,3
DA:301,42
DA:302,42
DA:303,42
DA:304,42
DA:305,42
DA:306,42
DA:307,42
DA:308,42
DA:309,42
DA:311,42
DA:343,3
DA:344,35
DA:345,35
DA:346,35
DA:347,35
DA:348,34
DA:349,25
DA:350,25
DA:351,0
DA:352,0
DA:359,3
DA:360,41
DA:361,41
DA:362,41
DA:363,41
DA:364,41
DA:365,19
DA:366,19
DA:369,41
DA:370,20
DA:372,2
DA:373,2
DA:374,2
DA:375,2
DA:378,2
DA:379,2
DA:380,2
DA:381,2
DA:383,0
DA:385,2
DA:388,2
DA:389,2
DA:393,41
DA:394,6
DA:395,41
DA:397,41
DA:401,41
DA:402,0
DA:409,6
DA:410,3
DA:411,0
DA:425,3
DA:426,0
DA:427,0
DA:441,3
DA:442,3
DA:444,0
DA:445,0
DA:455,3
DA:456,0
DA:485,3
DA:487,3
DA:488,37
DA:489,37
DA:490,37
DA:491,37
DA:492,37
DA:493,37
DA:494,37
DA:495,37
DA:496,37
DA:497,37
DA:505,37
DA:506,37
DA:507,37
DA:508,37
DA:509,37
DA:511,37
DA:513,37
DA:515,37
DA:522,37
DA:530,37
DA:532,37
DA:541,37
DA:543,37
DA:544,29
DA:545,5
DA:546,5
DA:547,0
DA:549,5
DA:550,0
DA:552,5
DA:553,5
DA:554,5
DA:555,5
DA:556,5
DA:560,37
DA:561,21
DA:564,37
DA:565,22
DA:567,2
DA:568,2
DA:569,2
DA:572,2
DA:573,2
DA:574,1
DA:575,1
DA:577,1
DA:583,0
DA:585,2
DA:588,2
DA:589,2
DA:593,37
DA:594,5
DA:595,5
DA:598,37
DA:618,5
DA:631,24
DA:636,1
DA:646,1
DA:651,1
DA:656,1
DA:661,1
DA:682,0
DA:701,1
DA:774,3
DA:775,9
LF:249
LH:227
BRDA:69,0,0,0
BRDA:69,0,1,37
BRDA:74,1,0,75
BRDA:74,1,1,57
BRDA:75,2,0,75
BRDA:75,2,1,63
BRDA:76,3,0,57
BRDA:76,3,1,18
BRDA:76,4,0,75
BRDA:76,4,1,57
BRDA:77,5,0,0
BRDA:77,5,1,18
BRDA:77,6,0,18
BRDA:77,6,1,18
BRDA:77,6,2,18
BRDA:78,7,0,6
BRDA:78,7,1,12
BRDA:78,8,0,18
BRDA:78,8,1,12
BRDA:79,9,0,6
BRDA:79,9,1,6
BRDA:79,10,0,12
BRDA:79,10,1,12
BRDA:79,10,2,6
BRDA:79,10,3,6
BRDA:80,11,0,0
BRDA:80,11,1,6
BRDA:80,12,0,6
BRDA:80,12,1,6
BRDA:84,13,0,6
BRDA:85,14,0,6
BRDA:85,14,1,0
BRDA:87,15,0,6
BRDA:87,15,1,0
BRDA:92,16,0,2
BRDA:92,16,1,0
BRDA:96,17,0,37
BRDA:96,17,1,4
BRDA:101,18,0,37
BRDA:101,18,1,32
BRDA:107,19,0,37
BRDA:107,19,1,0
BRDA:108,20,0,1
BRDA:108,20,1,36
BRDA:109,21,0,10
BRDA:109,21,1,26
BRDA:110,22,0,0
BRDA:110,22,1,26
BRDA:111,23,0,26
BRDA:111,23,1,0
BRDA:112,24,0,0
BRDA:112,24,1,0
BRDA:113,25,0,0
BRDA:113,25,1,0
BRDA:117,26,0,1497
BRDA:117,26,1,306
BRDA:117,27,0,1803
BRDA:117,27,1,309
BRDA:117,27,2,306
BRDA:123,28,0,3
BRDA:123,28,1,2581
BRDA:123,29,0,2584
BRDA:123,29,1,25
BRDA:124,30,0,2581
BRDA:124,30,1,2559
BRDA:125,31,0,22
BRDA:125,31,1,2562
BRDA:133,32,0,37
BRDA:133,32,1,108
BRDA:135,33,0,0
BRDA:135,33,1,108
BRDA:141,34,0,288
BRDA:141,34,1,286
BRDA:142,35,0,2
BRDA:142,35,1,286
BRDA:148,36,0,35
BRDA:148,36,1,2
BRDA:149,37,0,0
BRDA:149,37,1,2
BRDA:151,38,0,1
BRDA:151,38,1,1
BRDA:156,39,0,1
BRDA:156,39,1,64
BRDA:157,40,0,0
BRDA:157,40,1,64
BRDA:158,41,0,1
BRDA:158,41,1,63
BRDA:159,42,0,6
BRDA:159,42,1,57
BRDA:160,43,0,0
BRDA:160,43,1,57
BRDA:178,44,0,1
BRDA:178,44,1,28
BRDA:178,45,0,29
BRDA:178,45,1,29
BRDA:178,45,2,28
BRDA:179,46,0,0
BRDA:179,46,1,28
BRDA:181,47,0,0
BRDA:181,47,1,0
BRDA:181,48,0,0
BRDA:181,48,1,0
BRDA:182,49,0,0
BRDA:182,49,1,0
BRDA:183,50,0,0
BRDA:183,50,1,0
BRDA:184,51,0,0
BRDA:184,51,1,0
BRDA:184,52,0,0
BRDA:184,52,1,0
BRDA:185,53,0,0
BRDA:185,53,1,0
BRDA:185,54,0,0
BRDA:185,54,1,0
BRDA:193,55,0,1
BRDA:193,55,1,36
BRDA:201,56,0,1
BRDA:201,56,1,35
BRDA:202,57,0,0
BRDA:202,57,1,35
BRDA:203,58,0,0
BRDA:203,58,1,35
BRDA:204,59,0,0
BRDA:204,59,1,35
BRDA:205,60,0,0
BRDA:205,60,1,35
[...]
BRDA:80,14,0,16
BRDA:80,14,1,7
BRDA:81,15,0,16
BRDA:81,15,1,3
BRDA:81,15,2,2
BRDA:82,16,0,13
BRDA:82,16,1,3
BRDA:83,17,0,3
BRDA:83,17,1,13
BRDA:84,18,0,16
BRDA:84,18,1,14
BRDA:84,18,2,12
BRF:35
BRH:30
end_of_record
TN:
SF:utils/escpos.ts
FN:31,constructor
FN:34,raw
FN:39,text
FN:47,lf
FN:48,line
FN:50,init
FN:52,cp850
FN:54,left
FN:55,center
FN:56,right
FN:58,bold
FN:61,size
FN:66,feed
FN:69,cut
FN:72,sep
FN:80,row
FN:87,build
FNF:17
FNH:0
FNDA:0,constructor
FNDA:0,raw
FNDA:0,text
FNDA:0,lf
FNDA:0,line
FNDA:0,init
FNDA:0,cp850
FNDA:0,left
FNDA:0,center
FNDA:0,right
FNDA:0,bold
FNDA:0,size
FNDA:0,feed
FNDA:0,cut
FNDA:0,sep
FNDA:0,row
FNDA:0,build
DA:6,1
DA:9,1
DA:29,1
DA:32,0
DA:35,0
DA:36,0
DA:40,0
DA:41,0
DA:42,0
DA:44,0
DA:47,0
DA:48,0
DA:50,0
DA:52,0
DA:54,0
DA:55,0
DA:56,0
DA:58,0
DA:62,0
DA:66,0
DA:69,0
DA:73,0
DA:81,0
DA:82,0
DA:83,0
DA:84,0
DA:88,0
LF:27
LH:3
BRDA:41,0,0,0
BRDA:41,0,1,0
BRDA:42,1,0,0
BRDA:42,1,1,0
BRDA:42,2,0,0
BRDA:42,2,1,0
BRDA:48,3,0,0
BRDA:58,4,0,0
BRDA:58,4,1,0
BRDA:72,5,0,0
BRDA:72,6,0,0
BRDA:80,7,0,0
BRF:12
BRH:0
end_of_record
TN:
SF:utils/financialAccounts.ts
FN:10,(anonymous_0)
FNF:1
FNH:1
FNDA:65,(anonymous_0)
DA:3,9
DA:4,9
DA:5,9
DA:7,9
DA:8,9
DA:10,9
DA:11,65
DA:12,0
DA:13,0
DA:14,0
LF:10
LH:7
BRDA:11,0,0,65
BRDA:11,0,1,0
BRDA:11,1,0,65
BRDA:11,1,1,65
BRDA:11,1,2,65
BRDA:12,2,0,0
BRDA:12,2,1,0
BRDA:13,3,0,0
BRDA:13,3,1,0
BRF:9
BRH:4
end_of_record
TN:
SF:utils/generateReceiptPdf.ts
FN:35,(anonymous_0)
FN:43,generateReceiptPdfBase64
FN:75,(anonymous_2)
FNF:3
FNH:3
FNDA:1,(anonymous_0)
FNDA:1,generateReceiptPdfBase64
FNDA:1,(anonymous_2)
DA:4,4
DA:5,4
DA:7,4
DA:35,4
DA:36,1
DA:37,1
DA:38,1
DA:39,1
DA:40,1
DA:44,1
DA:45,1
DA:47,1
DA:58,1
DA:59,1
DA:60,1
DA:61,1
DA:62,1
DA:63,1
DA:64,1
DA:65,1
DA:67,1
DA:68,1
DA:76,1
DA:77,1
DA:81,1
DA:82,1
DA:83,1
DA:84,1
DA:85,1
DA:87,1
DA:88,1
DA:89,2
DA:90,2
DA:91,2
DA:94,1
DA:96,1
DA:97,1
DA:98,1
DA:99,1
DA:100,1
DA:101,1
DA:102,1
DA:103,1
DA:104,1
LF:44
LH:44
BRDA:36,0,0,0
BRDA:36,0,1,1
BRDA:43,1,0,1
BRDA:45,2,0,0
BRDA:45,2,1,1
BRDA:91,3,0,1
BRDA:91,3,1,1
BRF:7
BRH:5
end_of_record
TN:
SF:utils/id.ts
FN:1,newId
FNF:1
FNH:1
FNDA:64,newId
DA:3,64
DA:4,64
DA:5,64
DA:11,0
LF:4
LH:3
BRDA:4,0,0,64
BRDA:4,0,1,0
BRDA:4,1,0,64
BRDA:4,1,1,64
BRDA:4,1,2,64
BRF:5
BRH:4
end_of_record
TN:
SF:utils/inputMasks.ts
FN:1,(anonymous_0)
FN:3,(anonymous_1)
FN:9,(anonymous_2)
FN:23,(anonymous_3)
FN:33,(anonymous_4)
FN:44,(anonymous_5)
FN:58,(anonymous_6)
FN:65,(anonymous_7)
FN:71,(anonymous_8)
FNF:9
FNH:8
FNDA:16,(anonymous_0)
FNDA:7,(anonymous_1)
FNDA:1149,(anonymous_2)
FNDA:1,(anonymous_3)
FNDA:6,(anonymous_4)
FNDA:0,(anonymous_5)
FNDA:67,(anonymous_6)
FNDA:1,(anonymous_7)
FNDA:2,(anonymous_8)
DA:1,16
DA:3,15
DA:4,7
DA:5,7
DA:6,7
DA:9,15
DA:11,1149
DA:17,1149
DA:23,15
DA:24,1
DA:26,1
DA:27,1
DA:28,1
DA:30,1
DA:33,15
DA:34,6
DA:36,6
DA:37,1
DA:38,1
DA:39,1
DA:41,1
DA:44,15
DA:45,0
DA:47,0
DA:48,0
DA:49,0
DA:50,0
DA:52,0
DA:55,15
DA:58,15
DA:59,67
DA:60,37
DA:61,37
DA:65,15
DA:66,1
DA:67,0
DA:68,0
DA:71,15
DA:72,2
DA:74,2
DA:77,2
DA:78,0
DA:82,2
DA:84,2
LF:44
LH:35
BRDA:5,0,0,0
BRDA:5,0,1,7
BRDA:11,1,0,1146
BRDA:11,1,1,3
BRDA:13,2,0,0
BRDA:13,2,1,3
BRDA:26,3,0,0
BRDA:26,3,1,1
BRDA:27,4,0,0
BRDA:27,4,1,1
BRDA:28,5,0,0
BRDA:28,5,1,1
BRDA:36,6,0,5
BRDA:36,6,1,1
BRDA:37,7,0,0
BRDA:37,7,1,1
BRDA:38,8,0,0
BRDA:38,8,1,1
BRDA:39,9,0,0
BRDA:39,9,1,1
BRDA:47,10,0,0
BRDA:47,10,1,0
BRDA:48,11,0,0
BRDA:48,11,1,0
BRDA:49,12,0,0
BRDA:49,12,1,0
BRDA:50,13,0,0
BRDA:50,13,1,0
BRDA:59,14,0,30
BRDA:59,14,1,37
BRDA:61,15,0,8
BRDA:61,15,1,29
BRDA:66,16,0,1
BRDA:66,16,1,0
BRDA:68,17,0,0
BRDA:68,17,1,0
BRDA:71,18,0,2
BRDA:74,19,0,0
BRDA:74,19,1,2
BRDA:77,20,0,0
BRDA:77,20,1,2
BRDA:77,21,0,2
BRDA:77,21,1,0
BRDA:77,21,2,0
BRDA:82,22,0,2
BRDA:82,22,1,0
BRF:46
BRH:22
end_of_record
TN:
SF:utils/inventoryValuation.ts
FN:7,(anonymous_0)
FN:13,(anonymous_1)
FN:15,(anonymous_2)
FN:28,(anonymous_3)
FN:29,(anonymous_4)
FN:30,(anonymous_5)
FNF:6
FNH:6
FNDA:19,(anonymous_0)
FNDA:9,(anonymous_1)
FNDA:5,(anonymous_2)
FNDA:25,(anonymous_3)
FNDA:5,(anonymous_4)
FNDA:5,(anonymous_5)
DA:7,3
DA:8,19
DA:9,19
DA:13,3
DA:14,9
DA:15,5
DA:18,9
DA:28,3
DA:29,25
DA:30,25
DA:31,25
LF:11
LH:11
BRDA:8,0,0,15
BRDA:8,0,1,4
BRDA:9,1,0,16
BRDA:9,1,1,3
BRDA:14,2,0,7
BRDA:14,2,1,2
BRF:6
BRH:6
end_of_record
TN:
SF:utils/payableDebts.ts
FN:12,(anonymous_0)
FN:14,(anonymous_1)
FN:16,(anonymous_2)
FN:22,(anonymous_3)
FN:33,(anonymous_4)
FN:43,(anonymous_5)
FN:53,(anonymous_6)
FNF:7
FNH:7
FNDA:26,(anonymous_0)
FNDA:26,(anonymous_1)
FNDA:23,(anonymous_2)
FNDA:16,(anonymous_3)
FNDA:19,(anonymous_4)
FNDA:16,(anonymous_5)
FNDA:6,(anonymous_6)
DA:12,26
DA:14,26
DA:16,4
DA:19,23
DA:22,16
DA:33,4
DA:40,19
DA:41,19
DA:43,19
DA:44,16
DA:45,16
DA:46,16
DA:47,16
DA:48,16
DA:49,16
DA:53,6
LF:16
LH:16
BRDA:18,0,0,23
BRDA:35,1,0,19
BRDA:36,2,0,19
BRDA:37,3,0,19
BRDA:39,4,0,19
BRDA:44,5,0,16
BRDA:44,5,1,0
BRDA:44,5,2,0
BRDA:45,6,0,16
BRDA:45,6,1,8
BRDA:46,7,0,16
BRDA:46,7,1,3
BRDA:46,7,2,2
BRDA:47,8,0,13
BRDA:47,8,1,3
BRDA:48,9,0,3
BRDA:48,9,1,13
BRDA:49,10,0,16
BRDA:49,10,1,14
BRDA:49,10,2,12
BRF:20
BRH:18
end_of_record
TN:
SF:utils/payments.ts
FN:5,(anonymous_0)
FNF:1
FNH:1
FNDA:863,(anonymous_0)
DA:3,4
DA:5,4
DA:6,863
LF:3
LH:3
BRDA:6,0,0,163
BRDA:6,0,1,700
BRF:2
BRH:2
end_of_record
TN:
SF:utils/pdvPricing.ts
FN:5,(anonymous_0)
FN:34,(anonymous_1)
FNF:2
FNH:2
FNDA:7528,(anonymous_0)
FNDA:723,(anonymous_1)
DA:5,6
DA:6,7528
DA:7,7525
DA:34,6
DA:40,723
DA:43,723
DA:45,723
DA:48,723
DA:49,723
DA:50,723
DA:51,723
LF:11
LH:11
BRDA:6,0,0,3
BRDA:6,0,1,7525
BRDA:40,1,0,7
BRDA:40,1,1,716
BRDA:45,2,0,12
BRDA:45,2,1,711
BRDA:45,3,0,723
BRDA:45,3,1,12
BRDA:49,4,0,23
BRDA:49,4,1,700
BRF:10
BRH:10
end_of_record
TN:
SF:utils/productSearch.ts
FN:7,(anonymous_0)
FN:15,(anonymous_1)
FN:22,(anonymous_2)
FN:28,(anonymous_3)
FN:39,(anonymous_4)
FN:44,(anonymous_5)
FN:53,(anonymous_6)
FN:66,(anonymous_7)
FN:69,(anonymous_8)
FN:69,(anonymous_9)
FN:72,(anonymous_10)
FNF:11
FNH:11
FNDA:1133,(anonymous_0)
FNDA:8,(anonymous_1)
FNDA:4,(anonymous_2)
FNDA:248,(anonymous_3)
FNDA:12,(anonymous_4)
FNDA:4,(anonymous_5)
FNDA:387,(anonymous_6)
FNDA:422,(anonymous_7)
FNDA:369,(anonymous_8)
FNDA:1,(anonymous_9)
FNDA:35,(anonymous_10)
DA:7,4
DA:8,1133
DA:15,4
DA:16,8
DA:17,8
DA:18,6
DA:19,2
DA:22,4
DA:23,4
DA:24,4
DA:25,0
DA:28,4
DA:34,248
DA:36,248
DA:37,248
DA:38,3
DA:39,3
DA:40,12
DA:43,3
DA:44,2
DA:45,4
DA:50,246
DA:51,246
DA:53,246
DA:54,387
DA:55,366
DA:56,366
DA:58,21
DA:59,0
DA:63,246
DA:66,4
DA:67,422
DA:68,422
DA:69,369
DA:72,4
DA:79,35
DA:80,35
DA:81,13
LF:38
LH:36
BRDA:17,0,0,2
BRDA:17,0,1,6
BRDA:18,1,0,4
BRDA:18,1,1,2
BRDA:24,2,0,4
BRDA:24,2,1,0
BRDA:37,3,0,3
BRDA:37,3,1,245
BRDA:43,4,0,2
BRDA:43,4,1,1
BRDA:54,5,0,366
BRDA:54,5,1,21
BRDA:58,6,0,0
BRDA:58,6,1,21
BRDA:68,7,0,187
BRDA:68,7,1,235
BRDA:69,8,0,1
BRDA:69,8,1,0
BRDA:80,9,0,22
BRDA:80,9,1,13
BRF:20
BRH:17
end_of_record
TN:
SF:utils/saleCode.ts
FN:8,formatSaleNumber
FN:14,formatSaleNumberFrom
FNF:2
FNH:1
FNDA:201,formatSaleNumber
FNDA:0,formatSaleNumberFrom
DA:9,201
DA:10,201
DA:15,0
DA:16,0
LF:4
LH:2
BRDA:9,0,0,0
BRDA:9,0,1,201
BRDA:15,1,0,0
BRDA:15,1,1,0
BRF:4
BRH:1
end_of_record
TN:
SF:utils/sendReceiptWhatsApp.ts
FN:13,(anonymous_0)
FN:26,(anonymous_1)
FN:37,sendReceiptWhatsApp
FNF:3
FNH:3
FNDA:16,(anonymous_0)
FNDA:7,(anonymous_1)
FNDA:13,sendReceiptWhatsApp
DA:13,5
DA:14,16
DA:15,16
DA:16,16
DA:18,16
DA:19,15
DA:22,5
DA:24,5
DA:26,5
DA:27,7
DA:28,7
DA:29,7
DA:31,3
DA:32,7
DA:34,1
DA:44,13
DA:45,1
DA:47,12
DA:48,1
DA:50,11
DA:51,1
DA:54,10
DA:55,10
DA:56,1
DA:60,9
DA:61,9
DA:63,1
DA:64,1
DA:66,8
DA:67,1
DA:70,7
DA:78,7
DA:79,6
DA:80,1
DA:83,5
LF:35
LH:35
BRDA:14,0,0,16
BRDA:14,0,1,0
BRDA:15,1,0,0
BRDA:15,1,1,16
BRDA:16,2,0,1
BRDA:16,2,1,15
BRDA:18,3,0,1
BRDA:18,3,1,15
BRDA:28,4,0,7
BRDA:28,4,1,5
BRDA:29,5,0,4
BRDA:29,5,1,3
BRDA:31,6,0,1
BRDA:31,6,1,2
BRDA:31,7,0,2
BRDA:31,7,1,0
BRDA:32,8,0,2
BRDA:32,8,1,5
BRDA:42,9,0,13
BRDA:44,10,0,1
BRDA:44,10,1,12
BRDA:44,11,0,13
BRDA:44,11,1,12
BRDA:47,12,0,1
BRDA:47,12,1,11
BRDA:47,13,0,12
BRDA:47,13,1,11
BRDA:50,14,0,1
BRDA:50,14,1,10
BRDA:50,15,0,11
BRDA:50,15,1,10
BRDA:55,16,0,1
BRDA:55,16,1,9
BRDA:63,17,0,1
BRDA:63,17,1,0
BRDA:66,18,0,1
BRDA:66,18,1,7
BRDA:75,19,0,1
BRDA:75,19,1,6
BRDA:78,20,0,1
BRDA:78,20,1,6
BRDA:79,21,0,1
BRDA:79,21,1,5
BRDA:79,22,0,6
BRDA:79,22,1,6
BRF:45
BRH:41
end_of_record
TN:
SF:utils/simulator.ts
FN:12,(anonymous_0)
FN:14,(anonymous_1)
FN:124,(anonymous_2)
FN:131,(anonymous_3)
FN:138,(anonymous_4)
FN:142,(anonymous_5)
FN:146,(anonymous_6)
FN:154,(anonymous_7)
FN:161,(anonymous_8)
FN:169,(anonymous_9)
FN:179,(anonymous_10)
FN:184,(anonymous_11)
FN:201,(anonymous_12)
FN:239,(anonymous_13)
FN:240,(anonymous_14)
FN:240,(anonymous_15)
FN:246,(anonymous_16)
FN:251,(anonymous_17)
FN:256,(anonymous_18)
FN:290,(anonymous_19)
FN:307,(anonymous_20)
FN:309,(anonymous_21)
FN:313,(anonymous_22)
FN:318,(anonymous_23)
FNF:24
FNH:23
FNDA:5373,(anonymous_0)
FNDA:189,(anonymous_1)
FNDA:5061,(anonymous_2)
FNDA:4,(anonymous_3)
FNDA:114,(anonymous_4)
FNDA:0,(anonymous_5)
FNDA:17,(anonymous_6)
FNDA:69,(anonymous_7)
FNDA:18,(anonymous_8)
FNDA:18,(anonymous_9)
FNDA:4,(anonymous_10)
FNDA:9,(anonymous_11)
FNDA:47,(anonymous_12)
FNDA:13,(anonymous_13)
FNDA:4,(anonymous_14)
FNDA:4,(anonymous_15)
FNDA:4,(anonymous_16)
FNDA:4,(anonymous_17)
FNDA:4,(anonymous_18)
FNDA:684,(anonymous_19)
FNDA:114,(anonymous_20)
FNDA:4,(anonymous_21)
FNDA:3,(anonymous_22)
FNDA:1902,(anonymous_23)
DA:10,5
DA:12,5373
DA:14,189
DA:104,5
DA:124,5
DA:125,5061
DA:131,5
DA:132,4
DA:133,4
DA:134,0
DA:135,0
DA:138,114
DA:142,5
DA:143,0
DA:146,5
DA:151,17
DA:152,17
DA:154,17
DA:155,69
DA:161,5
DA:166,18
DA:167,18
DA:169,18
DA:170,18
DA:171,17
DA:172,17
DA:173,17
DA:174,16
DA:175,16
DA:179,5
DA:184,9
DA:201,5
DA:202,47
DA:203,47
DA:204,47
DA:205,47
DA:206,47
DA:207,47
DA:208,47
DA:209,47
DA:210,47
DA:211,47
DA:213,47
DA:214,6
DA:216,47
DA:217,47
DA:220,47
DA:222,47
DA:223,1
DA:225,47
DA:226,0
DA:229,47
DA:232,47
DA:233,2
DA:236,47
DA:239,47
DA:240,47
DA:241,47
DA:242,0
DA:245,47
DA:246,47
DA:247,0
DA:250,47
DA:251,47
DA:252,47
DA:253,47
DA:256,47
DA:257,47
DA:259,47
DA:260,1
DA:263,47
DA:280,47
DA:281,9
DA:290,38
DA:291,684
DA:292,684
DA:293,684
DA:296,38
DA:303,38
DA:304,38
DA:307,5
DA:308,114
DA:309,114
DA:310,4
DA:312,114
DA:313,3
DA:315,114
DA:318,1902
DA:325,114
LF:89
LH:83
BRDA:14,0,0,189
BRDA:14,0,1,17
BRDA:133,1,0,4
BRDA:133,1,1,0
BRDA:134,2,0,0
BRDA:134,2,1,0
BRDA:143,3,0,0
BRDA:143,3,1,0
BRDA:154,4,0,17
BRDA:154,4,1,1
BRDA:155,5,0,69
BRDA:155,5,1,69
BRDA:155,5,2,16
BRDA:170,6,0,1
BRDA:170,6,1,17
BRDA:173,7,0,1
BRDA:173,7,1,16
BRDA:173,8,0,17
BRDA:173,8,1,16
BRDA:174,9,0,0
BRDA:174,9,1,16
BRDA:174,10,0,16
BRDA:174,10,1,1
BRDA:180,11,0,4
BRDA:180,11,1,0
BRDA:180,12,0,4
BRDA:180,12,1,0
BRDA:181,13,0,4
BRDA:181,13,1,0
BRDA:185,14,0,9
BRDA:185,14,1,6
BRDA:186,15,0,9
BRDA:186,15,1,6
BRDA:195,16,0,0
BRDA:195,16,1,9
BRDA:202,17,0,47
BRDA:202,17,1,43
BRDA:204,18,0,47
BRDA:204,18,1,0
BRDA:205,19,0,47
BRDA:205,19,1,0
BRDA:206,20,0,47
BRDA:206,20,1,0
BRDA:207,21,0,47
BRDA:207,21,1,6
BRDA:208,22,0,47
BRDA:208,22,1,6
BRDA:209,23,0,47
BRDA:209,23,1,30
BRDA:210,24,0,47
BRDA:210,24,1,31
BRDA:211,25,0,47
BRDA:211,25,1,33
BRDA:213,26,0,6
BRDA:213,26,1,41
BRDA:213,27,0,47
BRDA:213,27,1,41
BRDA:216,28,0,47
BRDA:216,28,1,5
BRDA:217,29,0,47
BRDA:217,29,1,16
BRDA:217,29,2,11
BRDA:220,30,0,47
BRDA:220,30,1,30
BRDA:220,30,2,30
BRDA:220,30,3,30
BRDA:220,30,4,30
BRDA:222,31,0,1
BRDA:222,31,1,46
BRDA:222,32,0,47
BRDA:222,32,1,17
BRDA:222,32,2,17
BRDA:225,33,0,0
BRDA:225,33,1,47
BRDA:225,34,0,47
BRDA:225,34,1,1
BRDA:229,35,0,16
BRDA:229,35,1,31
BRDA:229,36,0,47
BRDA:229,36,1,17
BRDA:229,36,2,17
BRDA:232,37,0,2
BRDA:232,37,1,45
BRDA:232,38,0,47
BRDA:232,38,1,17
BRDA:236,39,0,17
BRDA:236,39,1,30
BRDA:241,40,0,0
BRDA:241,40,1,47
BRDA:245,41,0,47
BRDA:245,41,1,0
BRDA:246,42,0,0
BRDA:246,42,1,47
BRDA:250,43,0,47
BRDA:250,43,1,32
BRDA:251,44,0,4
BRDA:251,44,1,0
BRDA:253,45,0,17
BRDA:253,45,1,30
BRDA:254,46,0,11
BRDA:254,46,1,6
BRDA:259,47,0,1
BRDA:259,47,1,46
BRDA:274,48,0,1
BRDA:274,48,1,46
BRDA:280,49,0,9
BRDA:280,49,1,38
BRDA:312,50,0,3
BRDA:312,50,1,111
BRDA:315,51,0,15
BRDA:315,51,1,99
BRDA:315,52,0,114
BRDA:315,52,1,99
BRDA:315,52,2,99
BRDA:322,53,0,1788
BRDA:322,53,1,114
BRF:116
BRH:98
end_of_record
TN:
SF:utils/stockPhotoWorkflow.ts
FN:31,(anonymous_0)
FN:41,(anonymous_1)
FN:59,(anonymous_2)
FN:60,(anonymous_3)
FN:61,(anonymous_4)
FN:64,(anonymous_5)
FN:67,(anonymous_6)
FN:71,(anonymous_7)
FN:75,(anonymous_8)
FN:81,(anonymous_9)
FN:90,(anonymous_10)
FN:114,(anonymous_11)
FN:125,(anonymous_12)
FN:134,(anonymous_13)
FN:135,(anonymous_14)
FN:140,(anonymous_15)
FN:151,(anonymous_16)
FN:158,(anonymous_17)
FN:161,(anonymous_18)
FN:166,(anonymous_19)
FN:175,(anonymous_20)
FN:176,(anonymous_21)
FN:178,(anonymous_22)
FN:186,(anonymous_23)
FN:192,(anonymous_24)
FNF:25
FNH:16
FNDA:3,(anonymous_0)
FNDA:3,(anonymous_1)
FNDA:1,(anonymous_2)
FNDA:3,(anonymous_3)
FNDA:0,(anonymous_4)
FNDA:3,(anonymous_5)
FNDA:7,(anonymous_6)
FNDA:6,(anonymous_7)
FNDA:8,(anonymous_8)
FNDA:3,(anonymous_9)
FNDA:4,(anonymous_10)
FNDA:4,(anonymous_11)
FNDA:2,(anonymous_12)
FNDA:3,(anonymous_13)
FNDA:2,(anonymous_14)
FNDA:7,(anonymous_15)
FNDA:0,(anonymous_16)
FNDA:0,(anonymous_17)
FNDA:0,(anonymous_18)
FNDA:0,(anonymous_19)
FNDA:0,(anonymous_20)
FNDA:0,(anonymous_21)
FNDA:0,(anonymous_22)
FNDA:0,(anonymous_23)
FNDA:5,(anonymous_24)
DA:1,2
DA:2,2
DA:31,2
DA:32,3
DA:33,3
DA:35,2
DA:36,2
DA:37,2
DA:38,2
DA:41,2
DA:47,3
DA:48,3
DA:49,3
DA:50,3
DA:52,3
DA:59,2
DA:60,3
DA:61,1
DA:63,1
DA:64,3
DA:67,2
DA:71,7
DA:72,7
DA:73,7
DA:75,8
DA:81,2
DA:90,4
DA:91,3
DA:92,3
DA:94,3
DA:95,5
DA:97,5
DA:98,1
DA:99,1
DA:102,4
DA:103,2
DA:104,2
DA:107,2
DA:114,4
DA:115,3
DA:117,3
DA:125,2
DA:130,2
DA:131,0
DA:134,3
DA:135,2
DA:137,2
DA:140,2
DA:145,7
DA:146,6
DA:147,4
DA:148,3
DA:151,2
DA:152,0
DA:153,0
DA:156,0
DA:158,0
DA:159,0
DA:161,0
DA:162,0
DA:163,0
DA:166,0
DA:167,0
DA:168,0
DA:171,0
DA:175,2
DA:176,0
DA:177,0
DA:179,0
DA:186,2
DA:187,0
DA:188,0
DA:189,0
DA:192,2
DA:201,5
DA:203,2
DA:204,5
DA:205,2
DA:207,2
DA:208,5
DA:210,1
DA:212,1
DA:213,1
DA:215,1
DA:216,1
DA:218,0
DA:219,5
DA:221,5
DA:222,5
DA:223,0
DA:224,0
DA:226,5
DA:227,5
DA:229,5
DA:230,5
DA:232,5
DA:234,5
DA:235,5
DA:237,0
DA:238,0
DA:241,0
DA:243,5
DA:248,0
LF:103
LH:77
BRDA:32,0,0,0
BRDA:32,0,1,3
BRDA:33,1,0,1
BRDA:33,1,1,2
BRDA:33,2,0,3
BRDA:33,2,1,3
BRDA:33,2,2,3
BRDA:33,2,3,2
BRDA:47,3,0,3
BRDA:47,3,1,1
BRDA:61,4,0,0
BRDA:61,4,1,1
BRDA:69,5,0,7
BRDA:72,6,0,0
BRDA:72,6,1,7
BRDA:72,7,0,7
BRDA:72,7,1,0
BRDA:73,8,0,7
BRDA:73,8,1,1
BRDA:77,9,0,8
BRDA:77,9,1,0
BRDA:97,10,0,1
BRDA:97,10,1,4
BRDA:102,11,0,2
BRDA:102,11,1,2
BRDA:130,12,0,0
BRDA:130,12,1,2
BRDA:130,13,0,2
BRDA:130,13,1,2
BRDA:145,14,0,1
BRDA:145,14,1,6
BRDA:146,15,0,2
BRDA:146,15,1,4
BRDA:147,16,0,1
BRDA:147,16,1,3
BRDA:152,17,0,0
BRDA:152,17,1,0
BRDA:152,18,0,0
BRDA:152,18,1,0
BRDA:152,18,2,0
BRDA:188,19,0,0
BRDA:188,19,1,0
BRDA:201,20,0,3
BRDA:201,20,1,2
BRDA:203,21,0,2
BRDA:203,21,1,0
BRDA:204,22,0,0
BRDA:204,22,1,5
BRDA:205,23,0,0
BRDA:205,23,1,2
BRDA:205,24,0,2
BRDA:205,24,1,2
BRDA:207,25,0,2
BRDA:207,25,1,2
BRDA:208,26,0,1
BRDA:208,26,1,4
BRDA:210,27,0,0
BRDA:210,27,1,1
BRDA:213,28,0,0
BRDA:213,28,1,1
BRDA:216,29,0,1
BRDA:216,29,1,0
BRDA:218,30,0,0
BRDA:218,30,1,0
BRDA:219,31,0,5
BRDA:219,31,1,0
BRDA:224,32,0,0
BRDA:224,32,1,0
BRDA:234,33,0,0
BRDA:234,33,1,0
BRDA:234,34,0,5
BRDA:234,34,1,0
BRDA:237,35,0,0
BRDA:237,35,1,0
BRDA:237,36,0,0
BRDA:237,36,1,0
BRDA:237,36,2,0
BRDA:241,37,0,0
BRDA:241,37,1,0
BRF:79
BRH:45
end_of_record
TN:
SF:utils/supabase.ts
FN:8,assertNoError
FNF:1
FNH:1
FNDA:32,assertNoError
DA:12,32
DA:13,32
LF:2
LH:2
BRDA:12,0,0,0
BRDA:12,0,1,32
BRF:2
BRH:1
end_of_record
TN:
SF:utils/thermalPrinter.ts
FN:44,getSerial
FN:48,isWebSerialSupported
FN:101,fmtR$
FN:106,buildSaleReceiptBuffer
FN:216,useThermalPrinter
FN:223,(anonymous_5)
FN:250,(anonymous_6)
FN:261,(anonymous_7)
FNF:8
FNH:3
FNDA:48,getSerial
FNDA:48,isWebSerialSupported
FNDA:0,fmtR$
FNDA:0,buildSaleReceiptBuffer
FNDA:48,useThermalPrinter
FNDA:0,(anonymous_5)
FNDA:0,(anonymous_6)
FNDA:0,(anonymous_7)
DA:45,48
DA:49,48
DA:102,0
DA:103,0
DA:107,0
DA:110,0
DA:111,0
DA:112,0
DA:113,0
DA:114,0
DA:115,0
DA:116,0
DA:119,0
DA:120,0
DA:121,0
DA:122,0
DA:123,0
DA:124,0
DA:125,0
DA:128,0
DA:129,0
DA:130,0
DA:131,0
DA:132,0
DA:133,0
DA:134,0
DA:135,0
DA:136,0
DA:137,0
DA:138,0
DA:139,0
DA:141,0
DA:145,0
DA:146,0
DA:147,0
DA:148,0
DA:149,0
DA:150,0
DA:151,0
DA:152,0
DA:153,0
DA:158,0
DA:159,0
DA:160,0
DA:161,0
DA:162,0
DA:163,0
DA:164,0
DA:165,0
DA:166,0
DA:167,0
DA:168,0
DA:169,0
DA:170,0
DA:174,0
DA:175,0
DA:176,0
DA:177,0
DA:178,0
DA:179,0
DA:180,0
DA:181,0
DA:184,0
DA:185,0
DA:186,0
DA:190,0
DA:191,0
DA:192,0
DA:193,0
DA:195,0
DA:196,0
DA:197,0
DA:198,0
DA:200,0
DA:217,48
DA:218,48
DA:219,48
DA:220,48
DA:221,48
DA:223,48
DA:224,0
DA:225,0
DA:226,0
DA:227,0
DA:228,0
DA:230,0
DA:231,0
DA:232,0
DA:233,0
DA:234,0
DA:235,0
DA:236,0
DA:237,0
DA:240,0
DA:241,0
DA:242,0
DA:243,0
DA:245,0
DA:250,48
DA:251,0
DA:252,0
DA:253,0
DA:254,0
DA:255,0
DA:257,0
DA:258,0
DA:261,48
DA:262,0
DA:263,0
DA:264,0
DA:265,0
DA:266,0
DA:268,0
DA:269,0
DA:273,48
LF:115
LH:11
BRDA:49,0,0,48
BRDA:49,0,1,48
BRDA:113,1,0,0
BRDA:113,1,1,0
BRDA:114,2,0,0
BRDA:114,2,1,0
BRDA:115,3,0,0
BRDA:115,3,1,0
BRDA:121,4,0,0
BRDA:121,4,1,0
BRDA:124,5,0,0
BRDA:124,5,1,0
BRDA:134,6,0,0
BRDA:134,6,1,0
BRDA:135,7,0,0
BRDA:135,7,1,0
BRDA:136,8,0,0
BRDA:136,8,1,0
BRDA:138,9,0,0
BRDA:138,9,1,0
BRDA:145,10,0,0
BRDA:145,10,1,0
BRDA:152,11,0,0
BRDA:152,11,1,0
BRDA:162,12,0,0
BRDA:162,12,1,0
BRDA:163,13,0,0
BRDA:163,13,1,0
BRDA:168,14,0,0
BRDA:168,14,1,0
BRDA:179,15,0,0
BRDA:179,15,1,0
BRDA:184,16,0,0
BRDA:184,16,1,0
BRDA:186,17,0,0
BRDA:186,17,1,0
BRDA:192,18,0,0
BRDA:192,18,1,0
BRDA:225,19,0,0
BRDA:225,19,1,0
BRDA:240,20,0,0
BRDA:240,20,1,0
BRDA:241,21,0,0
BRDA:241,21,1,0
BRDA:242,22,0,0
BRDA:242,22,1,0
BRDA:262,23,0,0
BRDA:262,23,1,0
BRDA:268,24,0,0
BRDA:268,24,1,0
BRF:50
BRH:2
end_of_record
TN:
SF:utils/warrantyDevice.ts
FN:17,(anonymous_0)
FN:19,(anonymous_1)
FN:22,(anonymous_2)
FN:43,(anonymous_3)
FN:53,(anonymous_4)
FN:64,(anonymous_5)
FN:76,(anonymous_6)
FN:85,(anonymous_7)
FN:112,(anonymous_8)
FN:121,(anonymous_9)
FN:134,(anonymous_10)
FNF:11
FNH:10
FNDA:136,(anonymous_0)
FNDA:52,(anonymous_1)
FNDA:52,(anonymous_2)
FNDA:17,(anonymous_3)
FNDA:17,(anonymous_4)
FNDA:17,(anonymous_5)
FNDA:17,(anonymous_6)
FNDA:17,(anonymous_7)
FNDA:0,(anonymous_8)
FNDA:17,(anonymous_9)
FNDA:17,(anonymous_10)
DA:17,136
DA:19,3
DA:20,52
DA:22,52
DA:24,3
DA:25,3
DA:27,3
DA:43,3
DA:44,17
DA:45,17
DA:47,0
DA:48,0
DA:50,0
DA:53,3
DA:54,17
DA:55,1
DA:58,16
DA:59,16
DA:61,15
DA:64,3
DA:65,17
DA:66,17
DA:68,1
DA:69,1
DA:70,1
DA:73,0
DA:76,3
DA:77,17
DA:78,17
DA:79,2
DA:80,0
DA:81,0
DA:82,0
DA:85,3
DA:86,17
DA:87,17
DA:89,17
DA:90,17
DA:91,16
DA:92,16
DA:93,16
DA:94,16
DA:97,1
DA:98,1
DA:100,0
DA:101,0
DA:103,0
DA:104,0
DA:106,0
DA:107,0
DA:109,0
DA:112,3
DA:113,0
DA:118,0
DA:121,3
DA:122,17
DA:123,17
DA:125,17
DA:127,17
DA:128,17
DA:129,17
DA:131,17
DA:134,3
DA:135,17
DA:136,17
DA:138,17
LF:66
LH:50
BRDA:17,0,0,136
BRDA:17,0,1,1
BRDA:45,1,0,17
BRDA:45,1,1,0
BRDA:48,2,0,0
BRDA:48,2,1,0
BRDA:54,3,0,1
BRDA:54,3,1,16
BRDA:54,4,0,17
BRDA:54,4,1,1
BRDA:54,4,2,1
BRDA:54,4,3,1
BRDA:59,5,0,1
BRDA:59,5,1,15
BRDA:66,6,0,16
BRDA:66,6,1,1
BRDA:70,7,0,1
BRDA:70,7,1,0
BRDA:78,8,0,15
BRDA:78,8,1,2
BRDA:79,9,0,2
BRDA:79,9,1,0
BRDA:80,10,0,0
BRDA:80,10,1,0
BRDA:81,11,0,0
BRDA:81,11,1,0
BRDA:87,12,0,0
BRDA:87,12,1,17
BRDA:90,13,0,16
BRDA:90,13,1,1
BRDA:92,14,0,16
BRDA:92,14,1,15
BRDA:93,15,0,1
BRDA:93,15,1,15
BRDA:93,16,0,0
BRDA:93,16,1,15
BRDA:93,17,0,0
BRDA:93,17,1,15
BRDA:98,18,0,1
BRDA:98,18,1,0
BRDA:101,19,0,0
BRDA:101,19,1,0
BRDA:104,20,0,0
BRDA:104,20,1,0
BRDA:107,21,0,0
BRDA:107,21,1,0
BRDA:122,22,0,17
BRDA:122,22,1,0
BRDA:122,22,2,0
BRDA:125,23,0,0
BRDA:125,23,1,17
BRDA:129,24,0,0
BRDA:129,24,1,17
BRDA:129,25,0,17
BRDA:129,25,1,17
BRDA:135,26,0,17
BRDA:135,26,1,0
BRDA:142,27,0,17
BRDA:142,27,1,0
BRDA:142,28,0,17
BRDA:142,28,1,3
BRF:61
BRH:36
end_of_record
